# JRE version: OpenJDK Runtime Environment (8.0_202-b03) (build 1.8.0_202-release-1483-b03)
# Java VM: OpenJDK 64-Bit Server VM (25.202-b03 mixed mode windows-amd64 compressed oops)
Heap:
 PSYoungGen      total 476160K, used 459223K [0x0000000780000000, 0x00000007a4a00000, 0x00000007c0000000)
  eden space 460800K, 99% used [0x0000000780000000,0x000000079c075c68,0x000000079c200000)
  from space 15360K, 0% used [0x000000079d680000,0x000000079d680000,0x000000079e580000)
  to   space 20992K, 99% used [0x000000079c200000,0x000000079d67f4a8,0x000000079d680000)
 ParOldGen       total 122880K, used 44382K [0x0000000700000000, 0x0000000707800000, 0x0000000780000000)
  object space 122880K, 36% used [0x0000000700000000,0x0000000702b57b48,0x0000000707800000)
 Metaspace       used 73099K, capacity 75648K, committed 75904K, reserved 1116160K
  class space    used 9531K, capacity 10087K, committed 10112K, reserved 1048576K
GC Heap History (10 events):
Event: 11.191 GC heap after
Heap after GC invocations=9 (full 2):
 PSYoungGen      total 245248K, used 0K [0x0000000780000000, 0x000000079b580000, 0x00000007c0000000)
  eden space 229376K, 0% used [0x0000000780000000,0x0000000780000000,0x000000078e000000)
  from space 15872K, 0% used [0x000000078e000000,0x000000078e000000,0x000000078ef80000)
  to   space 14848K, 0% used [0x000000079a700000,0x000000079a700000,0x000000079b580000)
 ParOldGen       total 82944K, used 15217K [0x0000000700000000, 0x0000000705100000, 0x0000000780000000)
  object space 82944K, 18% used [0x0000000700000000,0x0000000700edc740,0x0000000705100000)
 Metaspace       used 34694K, capacity 35218K, committed 35456K, reserved 1079296K
  class space    used 4669K, capacity 4849K, committed 4992K, reserved 1048576K
}
Event: 31.434 GC heap before
{Heap before GC invocations=10 (full 2):
 PSYoungGen      total 245248K, used 229376K [0x0000000780000000, 0x000000079b580000, 0x00000007c0000000)
  eden space 229376K, 100% used [0x0000000780000000,0x000000078e000000,0x000000078e000000)
  from space 15872K, 0% used [0x000000078e000000,0x000000078e000000,0x000000078ef80000)
  to   space 14848K, 0% used [0x000000079a700000,0x000000079a700000,0x000000079b580000)
 ParOldGen       total 82944K, used 15217K [0x0000000700000000, 0x0000000705100000, 0x0000000780000000)
  object space 82944K, 18% used [0x0000000700000000,0x0000000700edc740,0x0000000705100000)
 Metaspace       used 45002K, capacity 46062K, committed 46208K, reserved 1089536K
  class space    used 5753K, capacity 5988K, committed 6016K, reserved 1048576K
Event: 31.452 GC heap after
Heap after GC invocations=10 (full 2):
 PSYoungGen      total 371200K, used 12236K [0x0000000780000000, 0x000000079b300000, 0x00000007c0000000)
  eden space 358912K, 0% used [0x0000000780000000,0x0000000780000000,0x0000000795e80000)
  from space 12288K, 99% used [0x000000079a700000,0x000000079b2f30e8,0x000000079b300000)
  to   space 15872K, 0% used [0x0000000799400000,0x0000000799400000,0x000000079a380000)
 ParOldGen       total 82944K, used 15305K [0x0000000700000000, 0x0000000705100000, 0x0000000780000000)
  object space 82944K, 18% used [0x0000000700000000,0x0000000700ef2750,0x0000000705100000)
 Metaspace       used 45002K, capacity 46062K, committed 46208K, reserved 1089536K
  class space    used 5753K, capacity 5988K, committed 6016K, reserved 1048576K
}
Event: 39.551 GC heap before
{Heap before GC invocations=11 (full 2):
 PSYoungGen      total 371200K, used 371148K [0x0000000780000000, 0x000000079b300000, 0x00000007c0000000)
  eden space 358912K, 100% used [0x0000000780000000,0x0000000795e80000,0x0000000795e80000)
  from space 12288K, 99% used [0x000000079a700000,0x000000079b2f30e8,0x000000079b300000)
  to   space 15872K, 0% used [0x0000000799400000,0x0000000799400000,0x000000079a380000)
 ParOldGen       total 82944K, used 15305K [0x0000000700000000, 0x0000000705100000, 0x0000000780000000)
  object space 82944K, 18% used [0x0000000700000000,0x0000000700ef2750,0x0000000705100000)
 Metaspace       used 45252K, capacity 46390K, committed 46720K, reserved 1089536K
  class space    used 5757K, capacity 5988K, committed 6016K, reserved 1048576K
Event: 39.560 GC heap after
Heap after GC invocations=11 (full 2):
 PSYoungGen      total 429568K, used 9707K [0x0000000780000000, 0x000000079e580000, 0x00000007c0000000)
  eden space 413696K, 0% used [0x0000000780000000,0x0000000780000000,0x0000000799400000)
  from space 15872K, 61% used [0x0000000799400000,0x0000000799d7ac70,0x000000079a380000)
  to   space 15360K, 0% used [0x000000079d680000,0x000000079d680000,0x000000079e580000)
 ParOldGen       total 82944K, used 15313K [0x0000000700000000, 0x0000000705100000, 0x0000000780000000)
  object space 82944K, 18% used [0x0000000700000000,0x0000000700ef4750,0x0000000705100000)
 Metaspace       used 45252K, capacity 46390K, committed 46720K, reserved 1089536K
  class space    used 5757K, capacity 5988K, committed 6016K, reserved 1048576K
}
Event: 43.019 GC heap before
{Heap before GC invocations=12 (full 2):
 PSYoungGen      total 429568K, used 340006K [0x0000000780000000, 0x000000079e580000, 0x00000007c0000000)
  eden space 413696K, 79% used [0x0000000780000000,0x000000079428eba8,0x0000000799400000)
  from space 15872K, 61% used [0x0000000799400000,0x0000000799d7ac70,0x000000079a380000)
  to   space 15360K, 0% used [0x000000079d680000,0x000000079d680000,0x000000079e580000)
 ParOldGen       total 82944K, used 15313K [0x0000000700000000, 0x0000000705100000, 0x0000000780000000)
  object space 82944K, 18% used [0x0000000700000000,0x0000000700ef4750,0x0000000705100000)
 Metaspace       used 57315K, capacity 58964K, committed 59096K, reserved 1101824K
  class space    used 7326K, capacity 7715K, committed 7808K, reserved 1048576K
Event: 43.149 GC heap after
Heap after GC invocations=12 (full 2):
 PSYoungGen      total 476160K, used 15328K [0x0000000780000000, 0x00000007a4a00000, 0x00000007c0000000)
  eden space 460800K, 0% used [0x0000000780000000,0x0000000780000000,0x000000079c200000)
  from space 15360K, 99% used [0x000000079d680000,0x000000079e578070,0x000000079e580000)
  to   space 20992K, 0% used [0x000000079c200000,0x000000079c200000,0x000000079d680000)
 ParOldGen       total 82944K, used 26671K [0x0000000700000000, 0x0000000705100000, 0x0000000780000000)
  object space 82944K, 32% used [0x0000000700000000,0x0000000701a0bde8,0x0000000705100000)
 Metaspace       used 57315K, capacity 58964K, committed 59096K, reserved 1101824K
  class space    used 7326K, capacity 7715K, committed 7808K, reserved 1048576K
}
Event: 43.150 GC heap before
{Heap before GC invocations=13 (full 3):
 PSYoungGen      total 476160K, used 15328K [0x0000000780000000, 0x00000007a4a00000, 0x00000007c0000000)
  eden space 460800K, 0% used [0x0000000780000000,0x0000000780000000,0x000000079c200000)
  from space 15360K, 99% used [0x000000079d680000,0x000000079e578070,0x000000079e580000)
  to   space 20992K, 0% used [0x000000079c200000,0x000000079c200000,0x000000079d680000)
 ParOldGen       total 82944K, used 26671K [0x0000000700000000, 0x0000000705100000, 0x0000000780000000)
  object space 82944K, 32% used [0x0000000700000000,0x0000000701a0bde8,0x0000000705100000)
 Metaspace       used 57315K, capacity 58964K, committed 59096K, reserved 1101824K
  class space    used 7326K, capacity 7715K, committed 7808K, reserved 1048576K
Event: 43.409 GC heap after
Heap after GC invocations=13 (full 3):
 PSYoungGen      total 476160K, used 0K [0x0000000780000000, 0x00000007a4a00000, 0x00000007c0000000)
  eden space 460800K, 0% used [0x0000000780000000,0x0000000780000000,0x000000079c200000)
  from space 15360K, 0% used [0x000000079d680000,0x000000079d680000,0x000000079e580000)
  to   space 20992K, 0% used [0x000000079c200000,0x000000079c200000,0x000000079d680000)
 ParOldGen       total 122880K, used 39328K [0x0000000700000000, 0x0000000707800000, 0x0000000780000000)
  object space 122880K, 32% used [0x0000000700000000,0x00000007026682b8,0x0000000707800000)
 Metaspace       used 57230K, capacity 58808K, committed 59096K, reserved 1101824K
  class space    used 7304K, capacity 7663K, committed 7808K, reserved 1048576K
}
Event: 97.832 GC heap before
{Heap before GC invocations=14 (full 3):
 PSYoungGen      total 476160K, used 459223K [0x0000000780000000, 0x00000007a4a00000, 0x00000007c0000000)
  eden space 460800K, 99% used [0x0000000780000000,0x000000079c075c68,0x000000079c200000)
  from space 15360K, 0% used [0x000000079d680000,0x000000079d680000,0x000000079e580000)
  to   space 20992K, 0% used [0x000000079c200000,0x000000079c200000,0x000000079d680000)
 ParOldGen       total 122880K, used 39328K [0x0000000700000000, 0x0000000707800000, 0x0000000780000000)
  object space 122880K, 32% used [0x0000000700000000,0x00000007026682b8,0x0000000707800000)
 Metaspace       used 73099K, capacity 75648K, committed 75904K, reserved 1116160K
  class space    used 9531K, capacity 10087K, committed 10112K, reserved 1048576K

