# JRE version: OpenJDK Runtime Environment (8.0_152-b01) (build 1.8.0_152-release-1343-b01)
# Java VM: OpenJDK 64-Bit Server VM (25.152-b01 mixed mode windows-amd64 compressed oops)
Heap:
 PSYoungGen      total 141312K, used 23571K [0x0000000780000000, 0x000000078ba80000, 0x00000007c0000000)
  eden space 129536K, 9% used [0x0000000780000000,0x0000000780b89890,0x0000000787e80000)
  from space 11776K, 99% used [0x0000000787e80000,0x00000007889fb3d8,0x0000000788a00000)
  to   space 13824K, 59% used [0x000000078ad00000,0x000000078b50c010,0x000000078ba80000)
 ParOldGen       total 68608K, used 11617K [0x0000000700000000, 0x0000000704300000, 0x0000000780000000)
  object space 68608K, 16% used [0x0000000700000000,0x0000000700b58428,0x0000000704300000)
 Metaspace       used 34764K, capacity 35436K, committed 35496K, reserved 1079296K
  class space    used 4792K, capacity 4995K, committed 5032K, reserved 1048576K
GC Heap History (10 events):
Event: 1.888 GC heap after
Heap after GC invocations=4 (full 0):
 PSYoungGen      total 71680K, used 5097K [0x0000000780000000, 0x0000000784b00000, 0x00000007c0000000)
  eden space 66560K, 0% used [0x0000000780000000,0x0000000780000000,0x0000000784100000)
  from space 5120K, 99% used [0x0000000784600000,0x0000000784afa630,0x0000000784b00000)
  to   space 5120K, 0% used [0x0000000784100000,0x0000000784100000,0x0000000784600000)
 ParOldGen       total 87552K, used 5443K [0x0000000700000000, 0x0000000705580000, 0x0000000780000000)
  object space 87552K, 6% used [0x0000000700000000,0x0000000700550f40,0x0000000705580000)
 Metaspace       used 16084K, capacity 16452K, committed 16640K, reserved 1062912K
  class space    used 2304K, capacity 2488K, committed 2560K, reserved 1048576K
}
Event: 2.379 GC heap before
{Heap before GC invocations=5 (full 0):
 PSYoungGen      total 71680K, used 47494K [0x0000000780000000, 0x0000000784b00000, 0x00000007c0000000)
  eden space 66560K, 63% used [0x0000000780000000,0x0000000782967420,0x0000000784100000)
  from space 5120K, 99% used [0x0000000784600000,0x0000000784afa630,0x0000000784b00000)
  to   space 5120K, 0% used [0x0000000784100000,0x0000000784100000,0x0000000784600000)
 ParOldGen       total 87552K, used 5443K [0x0000000700000000, 0x0000000705580000, 0x0000000780000000)
  object space 87552K, 6% used [0x0000000700000000,0x0000000700550f40,0x0000000705580000)
 Metaspace       used 20675K, capacity 21106K, committed 21296K, reserved 1067008K
  class space    used 2904K, capacity 3087K, committed 3200K, reserved 1048576K
Event: 2.411 GC heap after
Heap after GC invocations=5 (full 0):
 PSYoungGen      total 71680K, used 5117K [0x0000000780000000, 0x0000000789900000, 0x00000007c0000000)
  eden space 66560K, 0% used [0x0000000780000000,0x0000000780000000,0x0000000784100000)
  from space 5120K, 99% used [0x0000000784100000,0x00000007845ff650,0x0000000784600000)
  to   space 11776K, 0% used [0x0000000788d80000,0x0000000788d80000,0x0000000789900000)
 ParOldGen       total 87552K, used 10801K [0x0000000700000000, 0x0000000705580000, 0x0000000780000000)
  object space 87552K, 12% used [0x0000000700000000,0x0000000700a8c5d8,0x0000000705580000)
 Metaspace       used 20675K, capacity 21106K, committed 21296K, reserved 1067008K
  class space    used 2904K, capacity 3087K, committed 3200K, reserved 1048576K
}
Event: 2.411 GC heap before
{Heap before GC invocations=6 (full 1):
 PSYoungGen      total 71680K, used 5117K [0x0000000780000000, 0x0000000789900000, 0x00000007c0000000)
  eden space 66560K, 0% used [0x0000000780000000,0x0000000780000000,0x0000000784100000)
  from space 5120K, 99% used [0x0000000784100000,0x00000007845ff650,0x0000000784600000)
  to   space 11776K, 0% used [0x0000000788d80000,0x0000000788d80000,0x0000000789900000)
 ParOldGen       total 87552K, used 10801K [0x0000000700000000, 0x0000000705580000, 0x0000000780000000)
  object space 87552K, 12% used [0x0000000700000000,0x0000000700a8c5d8,0x0000000705580000)
 Metaspace       used 20675K, capacity 21106K, committed 21296K, reserved 1067008K
  class space    used 2904K, capacity 3087K, committed 3200K, reserved 1048576K
Event: 2.500 GC heap after
Heap after GC invocations=6 (full 1):
 PSYoungGen      total 71680K, used 0K [0x0000000780000000, 0x0000000789900000, 0x00000007c0000000)
  eden space 66560K, 0% used [0x0000000780000000,0x0000000780000000,0x0000000784100000)
  from space 5120K, 0% used [0x0000000784100000,0x0000000784100000,0x0000000784600000)
  to   space 11776K, 0% used [0x0000000788d80000,0x0000000788d80000,0x0000000789900000)
 ParOldGen       total 68608K, used 10773K [0x0000000700000000, 0x0000000704300000, 0x0000000780000000)
  object space 68608K, 15% used [0x0000000700000000,0x0000000700a85588,0x0000000704300000)
 Metaspace       used 20675K, capacity 21106K, committed 21296K, reserved 1067008K
  class space    used 2904K, capacity 3087K, committed 3200K, reserved 1048576K
}
Event: 3.294 GC heap before
{Heap before GC invocations=7 (full 1):
 PSYoungGen      total 71680K, used 66560K [0x0000000780000000, 0x0000000789900000, 0x00000007c0000000)
  eden space 66560K, 100% used [0x0000000780000000,0x0000000784100000,0x0000000784100000)
  from space 5120K, 0% used [0x0000000784100000,0x0000000784100000,0x0000000784600000)
  to   space 11776K, 0% used [0x0000000788d80000,0x0000000788d80000,0x0000000789900000)
 ParOldGen       total 68608K, used 10773K [0x0000000700000000, 0x0000000704300000, 0x0000000780000000)
  object space 68608K, 15% used [0x0000000700000000,0x0000000700a85588,0x0000000704300000)
 Metaspace       used 28887K, capacity 29394K, committed 29696K, reserved 1075200K
  class space    used 3878K, capacity 4070K, committed 4096K, reserved 1048576K
Event: 3.397 GC heap after
Heap after GC invocations=7 (full 1):
 PSYoungGen      total 113152K, used 8058K [0x0000000780000000, 0x0000000789580000, 0x00000007c0000000)
  eden space 104960K, 0% used [0x0000000780000000,0x0000000780000000,0x0000000786680000)
  from space 8192K, 98% used [0x0000000788d80000,0x000000078955e930,0x0000000789580000)
  to   space 11776K, 0% used [0x0000000787e80000,0x0000000787e80000,0x0000000788a00000)
 ParOldGen       total 68608K, used 10781K [0x0000000700000000, 0x0000000704300000, 0x0000000780000000)
  object space 68608K, 15% used [0x0000000700000000,0x0000000700a87588,0x0000000704300000)
 Metaspace       used 28887K, capacity 29394K, committed 29696K, reserved 1075200K
  class space    used 3878K, capacity 4070K, committed 4096K, reserved 1048576K
}
Event: 4.341 GC heap before
{Heap before GC invocations=8 (full 1):
 PSYoungGen      total 113152K, used 113018K [0x0000000780000000, 0x0000000789580000, 0x00000007c0000000)
  eden space 104960K, 100% used [0x0000000780000000,0x0000000786680000,0x0000000786680000)
  from space 8192K, 98% used [0x0000000788d80000,0x000000078955e930,0x0000000789580000)
  to   space 11776K, 0% used [0x0000000787e80000,0x0000000787e80000,0x0000000788a00000)
 ParOldGen       total 68608K, used 10781K [0x0000000700000000, 0x0000000704300000, 0x0000000780000000)
  object space 68608K, 15% used [0x0000000700000000,0x0000000700a87588,0x0000000704300000)
 Metaspace       used 33862K, capacity 34502K, committed 34688K, reserved 1079296K
  class space    used 4664K, capacity 4876K, committed 4992K, reserved 1048576K
Event: 4.370 GC heap after
Heap after GC invocations=8 (full 1):
 PSYoungGen      total 141312K, used 11756K [0x0000000780000000, 0x000000078ba80000, 0x00000007c0000000)
  eden space 129536K, 0% used [0x0000000780000000,0x0000000780000000,0x0000000787e80000)
  from space 11776K, 99% used [0x0000000787e80000,0x00000007889fb3d8,0x0000000788a00000)
  to   space 13824K, 0% used [0x000000078ad00000,0x000000078ad00000,0x000000078ba80000)
 ParOldGen       total 68608K, used 11601K [0x0000000700000000, 0x0000000704300000, 0x0000000780000000)
  object space 68608K, 16% used [0x0000000700000000,0x0000000700b54428,0x0000000704300000)
 Metaspace       used 33862K, capacity 34502K, committed 34688K, reserved 1079296K
  class space    used 4664K, capacity 4876K, committed 4992K, reserved 1048576K
}
Event: 4.486 GC heap before
{Heap before GC invocations=9 (full 1):
 PSYoungGen      total 141312K, used 23571K [0x0000000780000000, 0x000000078ba80000, 0x00000007c0000000)
  eden space 129536K, 9% used [0x0000000780000000,0x0000000780b89890,0x0000000787e80000)
  from space 11776K, 99% used [0x0000000787e80000,0x00000007889fb3d8,0x0000000788a00000)
  to   space 13824K, 0% used [0x000000078ad00000,0x000000078ad00000,0x000000078ba80000)
 ParOldGen       total 68608K, used 11601K [0x0000000700000000, 0x0000000704300000, 0x0000000780000000)
  object space 68608K, 16% used [0x0000000700000000,0x0000000700b54428,0x0000000704300000)
 Metaspace       used 34764K, capacity 35436K, committed 35496K, reserved 1079296K
  class space    used 4792K, capacity 4995K, committed 5032K, reserved 1048576K

