# JRE version: OpenJDK Runtime Environment (8.0_152-b01) (build 1.8.0_152-release-1343-b01)
# Java VM: OpenJDK 64-Bit Server VM (25.152-b01 mixed mode windows-amd64 compressed oops)
Heap:
 PSYoungGen      total 249344K, used 37971K [0x0000000780000000, 0x000000079af80000, 0x00000007c0000000)
  eden space 233472K, 9% used [0x0000000780000000,0x000000078159afa8,0x000000078e400000)
  from space 15872K, 99% used [0x000000078e400000,0x000000078f379fe0,0x000000078f380000)
  to   space 24064K, 0% used [0x0000000799800000,0x0000000799800000,0x000000079af80000)
 ParOldGen       total 78848K, used 28926K [0x0000000700000000, 0x0000000704d00000, 0x0000000780000000)
  object space 78848K, 36% used [0x0000000700000000,0x0000000701c3f970,0x0000000704d00000)
 Metaspace       used 57565K, capacity 59122K, committed 59160K, reserved 1099776K
  class space    used 7785K, capacity 8208K, committed 8232K, reserved 1048576K
GC Heap History (10 events):
Event: 6.032 GC heap before
{Heap before GC invocations=5 (full 1):
 PSYoungGen      total 138240K, used 5117K [0x0000000780000000, 0x0000000788c00000, 0x00000007c0000000)
  eden space 133120K, 0% used [0x0000000780000000,0x0000000780000000,0x0000000788200000)
  from space 5120K, 99% used [0x0000000788700000,0x0000000788bff650,0x0000000788c00000)
  to   space 5120K, 0% used [0x0000000788200000,0x0000000788200000,0x0000000788700000)
 ParOldGen       total 87552K, used 11270K [0x0000000700000000, 0x0000000705580000, 0x0000000780000000)
  object space 87552K, 12% used [0x0000000700000000,0x0000000700b01ab0,0x0000000705580000)
 Metaspace       used 20687K, capacity 21102K, committed 21296K, reserved 1067008K
  class space    used 2904K, capacity 3087K, committed 3200K, reserved 1048576K
Event: 6.096 GC heap after
Heap after GC invocations=5 (full 1):
 PSYoungGen      total 138240K, used 0K [0x0000000780000000, 0x0000000788c00000, 0x00000007c0000000)
  eden space 133120K, 0% used [0x0000000780000000,0x0000000780000000,0x0000000788200000)
  from space 5120K, 0% used [0x0000000788700000,0x0000000788700000,0x0000000788c00000)
  to   space 5120K, 0% used [0x0000000788200000,0x0000000788200000,0x0000000788700000)
 ParOldGen       total 58880K, used 11031K [0x0000000700000000, 0x0000000703980000, 0x0000000780000000)
  object space 58880K, 18% used [0x0000000700000000,0x0000000700ac5de0,0x0000000703980000)
 Metaspace       used 20687K, capacity 21102K, committed 21296K, reserved 1067008K
  class space    used 2904K, capacity 3087K, committed 3200K, reserved 1048576K
}
Event: 9.155 GC heap before
{Heap before GC invocations=6 (full 1):
 PSYoungGen      total 138240K, used 133120K [0x0000000780000000, 0x0000000788c00000, 0x00000007c0000000)
  eden space 133120K, 100% used [0x0000000780000000,0x0000000788200000,0x0000000788200000)
  from space 5120K, 0% used [0x0000000788700000,0x0000000788700000,0x0000000788c00000)
  to   space 5120K, 0% used [0x0000000788200000,0x0000000788200000,0x0000000788700000)
 ParOldGen       total 58880K, used 11031K [0x0000000700000000, 0x0000000703980000, 0x0000000780000000)
  object space 58880K, 18% used [0x0000000700000000,0x0000000700ac5de0,0x0000000703980000)
 Metaspace       used 32161K, capacity 32612K, committed 32768K, reserved 1077248K
  class space    used 4421K, capacity 4586K, committed 4608K, reserved 1048576K
Event: 9.208 GC heap after
Heap after GC invocations=6 (full 1):
 PSYoungGen      total 138240K, used 5120K [0x0000000780000000, 0x0000000790780000, 0x00000007c0000000)
  eden space 133120K, 0% used [0x0000000780000000,0x0000000780000000,0x0000000788200000)
  from space 5120K, 100% used [0x0000000788200000,0x0000000788700000,0x0000000788700000)
  to   space 15872K, 0% used [0x000000078f800000,0x000000078f800000,0x0000000790780000)
 ParOldGen       total 58880K, used 18954K [0x0000000700000000, 0x0000000703980000, 0x0000000780000000)
  object space 58880K, 32% used [0x0000000700000000,0x00000007012828f0,0x0000000703980000)
 Metaspace       used 32161K, capacity 32612K, committed 32768K, reserved 1077248K
  class space    used 4421K, capacity 4586K, committed 4608K, reserved 1048576K
}
Event: 15.569 GC heap before
{Heap before GC invocations=7 (full 1):
 PSYoungGen      total 138240K, used 55015K [0x0000000780000000, 0x0000000790780000, 0x00000007c0000000)
  eden space 133120K, 37% used [0x0000000780000000,0x00000007830b9d20,0x0000000788200000)
  from space 5120K, 100% used [0x0000000788200000,0x0000000788700000,0x0000000788700000)
  to   space 15872K, 0% used [0x000000078f800000,0x000000078f800000,0x0000000790780000)
 ParOldGen       total 58880K, used 18954K [0x0000000700000000, 0x0000000703980000, 0x0000000780000000)
  object space 58880K, 32% used [0x0000000700000000,0x00000007012828f0,0x0000000703980000)
 Metaspace       used 34867K, capacity 35436K, committed 35496K, reserved 1079296K
  class space    used 4813K, capacity 5023K, committed 5032K, reserved 1048576K
Event: 15.583 GC heap after
Heap after GC invocations=7 (full 1):
 PSYoungGen      total 242688K, used 10901K [0x0000000780000000, 0x0000000790300000, 0x00000007c0000000)
  eden space 231424K, 0% used [0x0000000780000000,0x0000000780000000,0x000000078e200000)
  from space 11264K, 96% used [0x000000078f800000,0x00000007902a57c0,0x0000000790300000)
  to   space 15872K, 0% used [0x000000078e400000,0x000000078e400000,0x000000078f380000)
 ParOldGen       total 58880K, used 18962K [0x0000000700000000, 0x0000000703980000, 0x0000000780000000)
  object space 58880K, 32% used [0x0000000700000000,0x00000007012848f0,0x0000000703980000)
 Metaspace       used 34867K, capacity 35436K, committed 35496K, reserved 1079296K
  class space    used 4813K, capacity 5023K, committed 5032K, reserved 1048576K
}
Event: 15.583 GC heap before
{Heap before GC invocations=8 (full 2):
 PSYoungGen      total 242688K, used 10901K [0x0000000780000000, 0x0000000790300000, 0x00000007c0000000)
  eden space 231424K, 0% used [0x0000000780000000,0x0000000780000000,0x000000078e200000)
  from space 11264K, 96% used [0x000000078f800000,0x00000007902a57c0,0x0000000790300000)
  to   space 15872K, 0% used [0x000000078e400000,0x000000078e400000,0x000000078f380000)
 ParOldGen       total 58880K, used 18962K [0x0000000700000000, 0x0000000703980000, 0x0000000780000000)
  object space 58880K, 32% used [0x0000000700000000,0x00000007012848f0,0x0000000703980000)
 Metaspace       used 34867K, capacity 35436K, committed 35496K, reserved 1079296K
  class space    used 4813K, capacity 5023K, committed 5032K, reserved 1048576K
Event: 15.675 GC heap after
Heap after GC invocations=8 (full 2):
 PSYoungGen      total 242688K, used 0K [0x0000000780000000, 0x0000000790300000, 0x00000007c0000000)
  eden space 231424K, 0% used [0x0000000780000000,0x0000000780000000,0x000000078e200000)
  from space 11264K, 0% used [0x000000078f800000,0x000000078f800000,0x0000000790300000)
  to   space 15872K, 0% used [0x000000078e400000,0x000000078e400000,0x000000078f380000)
 ParOldGen       total 78848K, used 18287K [0x0000000700000000, 0x0000000704d00000, 0x0000000780000000)
  object space 78848K, 23% used [0x0000000700000000,0x00000007011dbf78,0x0000000704d00000)
 Metaspace       used 34867K, capacity 35436K, committed 35496K, reserved 1079296K
  class space    used 4813K, capacity 5023K, committed 5032K, reserved 1048576K
}
Event: 21.203 GC heap before
{Heap before GC invocations=9 (full 2):
 PSYoungGen      total 242688K, used 231424K [0x0000000780000000, 0x0000000790300000, 0x00000007c0000000)
  eden space 231424K, 100% used [0x0000000780000000,0x000000078e200000,0x000000078e200000)
  from space 11264K, 0% used [0x000000078f800000,0x000000078f800000,0x0000000790300000)
  to   space 15872K, 0% used [0x000000078e400000,0x000000078e400000,0x000000078f380000)
 ParOldGen       total 78848K, used 18287K [0x0000000700000000, 0x0000000704d00000, 0x0000000780000000)
  object space 78848K, 23% used [0x0000000700000000,0x00000007011dbf78,0x0000000704d00000)
 Metaspace       used 55897K, capacity 57236K, committed 57384K, reserved 1099776K
  class space    used 7522K, capacity 7922K, committed 7976K, reserved 1048576K
Event: 21.231 GC heap after
Heap after GC invocations=9 (full 2):
 PSYoungGen      total 249344K, used 15847K [0x0000000780000000, 0x000000079af80000, 0x00000007c0000000)
  eden space 233472K, 0% used [0x0000000780000000,0x0000000780000000,0x000000078e400000)
  from space 15872K, 99% used [0x000000078e400000,0x000000078f379fe0,0x000000078f380000)
  to   space 24064K, 0% used [0x0000000799800000,0x0000000799800000,0x000000079af80000)
 ParOldGen       total 78848K, used 28926K [0x0000000700000000, 0x0000000704d00000, 0x0000000780000000)
  object space 78848K, 36% used [0x0000000700000000,0x0000000701c3f970,0x0000000704d00000)
 Metaspace       used 55897K, capacity 57236K, committed 57384K, reserved 1099776K
  class space    used 7522K, capacity 7922K, committed 7976K, reserved 1048576K
}

