# JRE version: OpenJDK Runtime Environment (8.0_152-b01) (build 1.8.0_152-release-1343-b01)
# Java VM: OpenJDK 64-Bit Server VM (25.152-b01 mixed mode windows-amd64 compressed oops)
Heap:
 PSYoungGen      total 441856K, used 357419K [0x0000000780000000, 0x000000079e180000, 0x00000007c0000000)
  eden space 407040K, 84% used [0x0000000780000000,0x0000000794f06160,0x0000000798d80000)
  from space 34816K, 41% used [0x000000079bf80000,0x000000079cd84c40,0x000000079e180000)
  to   space 43008K, 0% used [0x0000000798d80000,0x0000000798d80000,0x000000079b780000)
 ParOldGen       total 146432K, used 82376K [0x0000000700000000, 0x0000000708f00000, 0x0000000780000000)
  object space 146432K, 56% used [0x0000000700000000,0x00000007050721f8,0x0000000708f00000)
 Metaspace       used 85580K, capacity 89482K, committed 89688K, reserved 1126400K
  class space    used 11028K, capacity 11841K, committed 11904K, reserved 1048576K
GC Heap History (10 events):
Event: 8.672 GC heap before
{Heap before GC invocations=11 (full 3):
 PSYoungGen      total 308224K, used 15907K [0x0000000780000000, 0x0000000796e00000, 0x00000007c0000000)
  eden space 285184K, 0% used [0x0000000780000000,0x0000000780000000,0x0000000791680000)
  from space 23040K, 69% used [0x0000000792d80000,0x0000000793d08e28,0x0000000794400000)
  to   space 23552K, 0% used [0x0000000791680000,0x0000000791680000,0x0000000792d80000)
 ParOldGen       total 105984K, used 26644K [0x0000000700000000, 0x0000000706780000, 0x0000000780000000)
  object space 105984K, 25% used [0x0000000700000000,0x0000000701a05228,0x0000000706780000)
 Metaspace       used 57467K, capacity 59068K, committed 59096K, reserved 1099776K
  class space    used 7758K, capacity 8190K, committed 8192K, reserved 1048576K
Event: 9.007 GC heap after
Heap after GC invocations=11 (full 3):
 PSYoungGen      total 308224K, used 0K [0x0000000780000000, 0x0000000796e00000, 0x00000007c0000000)
  eden space 285184K, 0% used [0x0000000780000000,0x0000000780000000,0x0000000791680000)
  from space 23040K, 0% used [0x0000000792d80000,0x0000000792d80000,0x0000000794400000)
  to   space 23552K, 0% used [0x0000000791680000,0x0000000791680000,0x0000000792d80000)
 ParOldGen       total 146432K, used 32096K [0x0000000700000000, 0x0000000708f00000, 0x0000000780000000)
  object space 146432K, 21% used [0x0000000700000000,0x0000000701f58270,0x0000000708f00000)
 Metaspace       used 57467K, capacity 59068K, committed 59096K, reserved 1099776K
  class space    used 7758K, capacity 8190K, committed 8192K, reserved 1048576K
}
Event: 67.738 GC heap before
{Heap before GC invocations=12 (full 3):
 PSYoungGen      total 308224K, used 285184K [0x0000000780000000, 0x0000000796e00000, 0x00000007c0000000)
  eden space 285184K, 100% used [0x0000000780000000,0x0000000791680000,0x0000000791680000)
  from space 23040K, 0% used [0x0000000792d80000,0x0000000792d80000,0x0000000794400000)
  to   space 23552K, 0% used [0x0000000791680000,0x0000000791680000,0x0000000792d80000)
 ParOldGen       total 146432K, used 32096K [0x0000000700000000, 0x0000000708f00000, 0x0000000780000000)
  object space 146432K, 21% used [0x0000000700000000,0x0000000701f58270,0x0000000708f00000)
 Metaspace       used 69438K, capacity 72010K, committed 72280K, reserved 1112064K
  class space    used 9224K, capacity 9833K, committed 9856K, reserved 1048576K
Event: 67.811 GC heap after
Heap after GC invocations=12 (full 3):
 PSYoungGen      total 308736K, used 21554K [0x0000000780000000, 0x0000000798780000, 0x00000007c0000000)
  eden space 285184K, 0% used [0x0000000780000000,0x0000000780000000,0x0000000791680000)
  from space 23552K, 91% used [0x0000000791680000,0x0000000792b8cbe0,0x0000000792d80000)
  to   space 26112K, 0% used [0x0000000796e00000,0x0000000796e00000,0x0000000798780000)
 ParOldGen       total 146432K, used 32104K [0x0000000700000000, 0x0000000708f00000, 0x0000000780000000)
  object space 146432K, 21% used [0x0000000700000000,0x0000000701f5a270,0x0000000708f00000)
 Metaspace       used 69438K, capacity 72010K, committed 72280K, reserved 1112064K
  class space    used 9224K, capacity 9833K, committed 9856K, reserved 1048576K
}
Event: 72.895 GC heap before
{Heap before GC invocations=13 (full 3):
 PSYoungGen      total 308736K, used 306738K [0x0000000780000000, 0x0000000798780000, 0x00000007c0000000)
  eden space 285184K, 100% used [0x0000000780000000,0x0000000791680000,0x0000000791680000)
  from space 23552K, 91% used [0x0000000791680000,0x0000000792b8cbe0,0x0000000792d80000)
  to   space 26112K, 0% used [0x0000000796e00000,0x0000000796e00000,0x0000000798780000)
 ParOldGen       total 146432K, used 32104K [0x0000000700000000, 0x0000000708f00000, 0x0000000780000000)
  object space 146432K, 21% used [0x0000000700000000,0x0000000701f5a270,0x0000000708f00000)
 Metaspace       used 73560K, capacity 76550K, committed 76632K, reserved 1116160K
  class space    used 9679K, capacity 10317K, committed 10368K, reserved 1048576K
Event: 72.943 GC heap after
Heap after GC invocations=13 (full 3):
 PSYoungGen      total 367616K, used 26092K [0x0000000780000000, 0x0000000798a80000, 0x00000007c0000000)
  eden space 341504K, 0% used [0x0000000780000000,0x0000000780000000,0x0000000794d80000)
  from space 26112K, 99% used [0x0000000796e00000,0x000000079877b0c0,0x0000000798780000)
  to   space 31232K, 0% used [0x0000000794d80000,0x0000000794d80000,0x0000000796c00000)
 ParOldGen       total 146432K, used 35534K [0x0000000700000000, 0x0000000708f00000, 0x0000000780000000)
  object space 146432K, 24% used [0x0000000700000000,0x00000007022b38e8,0x0000000708f00000)
 Metaspace       used 73560K, capacity 76550K, committed 76632K, reserved 1116160K
  class space    used 9679K, capacity 10317K, committed 10368K, reserved 1048576K
}
Event: 76.055 GC heap before
{Heap before GC invocations=14 (full 3):
 PSYoungGen      total 367616K, used 367596K [0x0000000780000000, 0x0000000798a80000, 0x00000007c0000000)
  eden space 341504K, 100% used [0x0000000780000000,0x0000000794d80000,0x0000000794d80000)
  from space 26112K, 99% used [0x0000000796e00000,0x000000079877b0c0,0x0000000798780000)
  to   space 31232K, 0% used [0x0000000794d80000,0x0000000794d80000,0x0000000796c00000)
 ParOldGen       total 146432K, used 35534K [0x0000000700000000, 0x0000000708f00000, 0x0000000780000000)
  object space 146432K, 24% used [0x0000000700000000,0x00000007022b38e8,0x0000000708f00000)
 Metaspace       used 82253K, capacity 85758K, committed 86104K, reserved 1124352K
  class space    used 10782K, capacity 11553K, committed 11648K, reserved 1048576K
Event: 76.169 GC heap after
Heap after GC invocations=14 (full 3):
 PSYoungGen      total 372736K, used 31210K [0x0000000780000000, 0x000000079eb80000, 0x00000007c0000000)
  eden space 341504K, 0% used [0x0000000780000000,0x0000000780000000,0x0000000794d80000)
  from space 31232K, 99% used [0x0000000794d80000,0x0000000796bfaa88,0x0000000796c00000)
  to   space 45056K, 0% used [0x000000079bf80000,0x000000079bf80000,0x000000079eb80000)
 ParOldGen       total 146432K, used 60473K [0x0000000700000000, 0x0000000708f00000, 0x0000000780000000)
  object space 146432K, 41% used [0x0000000700000000,0x0000000703b0e5a8,0x0000000708f00000)
 Metaspace       used 82253K, capacity 85758K, committed 86104K, reserved 1124352K
  class space    used 10782K, capacity 11553K, committed 11648K, reserved 1048576K
}
Event: 79.258 GC heap before
{Heap before GC invocations=15 (full 3):
 PSYoungGen      total 372736K, used 372714K [0x0000000780000000, 0x000000079eb80000, 0x00000007c0000000)
  eden space 341504K, 100% used [0x0000000780000000,0x0000000794d80000,0x0000000794d80000)
  from space 31232K, 99% used [0x0000000794d80000,0x0000000796bfaa88,0x0000000796c00000)
  to   space 45056K, 0% used [0x000000079bf80000,0x000000079bf80000,0x000000079eb80000)
 ParOldGen       total 146432K, used 60473K [0x0000000700000000, 0x0000000708f00000, 0x0000000780000000)
  object space 146432K, 41% used [0x0000000700000000,0x0000000703b0e5a8,0x0000000708f00000)
 Metaspace       used 85244K, capacity 89068K, committed 89176K, reserved 1126400K
  class space    used 11009K, capacity 11806K, committed 11904K, reserved 1048576K
Event: 79.302 GC heap after
Heap after GC invocations=15 (full 3):
 PSYoungGen      total 441856K, used 14355K [0x0000000780000000, 0x000000079e180000, 0x00000007c0000000)
  eden space 407040K, 0% used [0x0000000780000000,0x0000000780000000,0x0000000798d80000)
  from space 34816K, 41% used [0x000000079bf80000,0x000000079cd84c40,0x000000079e180000)
  to   space 43008K, 0% used [0x0000000798d80000,0x0000000798d80000,0x000000079b780000)
 ParOldGen       total 146432K, used 82376K [0x0000000700000000, 0x0000000708f00000, 0x0000000780000000)
  object space 146432K, 56% used [0x0000000700000000,0x00000007050721f8,0x0000000708f00000)
 Metaspace       used 85244K, capacity 89068K, committed 89176K, reserved 1126400K
  class space    used 11009K, capacity 11806K, committed 11904K, reserved 1048576K
}

