# JRE version: OpenJDK Runtime Environment (8.0_152-b01) (build 1.8.0_152-release-1343-b01)
# Java VM: OpenJDK 64-Bit Server VM (25.152-b01 mixed mode windows-amd64 compressed oops)
Heap:
 PSYoungGen      total 632320K, used 359113K [0x0000000780000000, 0x00000007ac500000, 0x00000007c0000000)
  eden space 584704K, 56% used [0x0000000780000000,0x000000079443b658,0x00000007a3b00000)
  from space 47616K, 56% used [0x00000007a6980000,0x00000007a83f71a0,0x00000007a9800000)
  to   space 47616K, 0% used [0x00000007a3b00000,0x00000007a3b00000,0x00000007a6980000)
 ParOldGen       total 111616K, used 84334K [0x0000000700000000, 0x0000000706d00000, 0x0000000780000000)
  object space 111616K, 75% used [0x0000000700000000,0x000000070525b9d8,0x0000000706d00000)
 Metaspace       used 89250K, capacity 92614K, committed 92888K, reserved 1130496K
  class space    used 11266K, capacity 11944K, committed 12032K, reserved 1048576K
GC Heap History (10 events):
Event: 87.739 GC heap before
{Heap before GC invocations=11 (full 3):
 PSYoungGen      total 391680K, used 16657K [0x0000000780000000, 0x0000000799e80000, 0x00000007c0000000)
  eden space 368640K, 0% used [0x0000000780000000,0x0000000780000000,0x0000000796800000)
  from space 23040K, 72% used [0x0000000797f80000,0x0000000798fc46b0,0x0000000799600000)
  to   space 24064K, 0% used [0x0000000796800000,0x0000000796800000,0x0000000797f80000)
 ParOldGen       total 81920K, used 27109K [0x0000000700000000, 0x0000000705000000, 0x0000000780000000)
  object space 81920K, 33% used [0x0000000700000000,0x0000000701a79788,0x0000000705000000)
 Metaspace       used 57467K, capacity 58994K, committed 59028K, reserved 1099776K
  class space    used 7767K, capacity 8160K, committed 8192K, reserved 1048576K
Event: 87.977 GC heap after
Heap after GC invocations=11 (full 3):
 PSYoungGen      total 391680K, used 0K [0x0000000780000000, 0x0000000799e80000, 0x00000007c0000000)
  eden space 368640K, 0% used [0x0000000780000000,0x0000000780000000,0x0000000796800000)
  from space 23040K, 0% used [0x0000000797f80000,0x0000000797f80000,0x0000000799600000)
  to   space 24064K, 0% used [0x0000000796800000,0x0000000796800000,0x0000000797f80000)
 ParOldGen       total 111616K, used 31665K [0x0000000700000000, 0x0000000706d00000, 0x0000000780000000)
  object space 111616K, 28% used [0x0000000700000000,0x0000000701eec760,0x0000000706d00000)
 Metaspace       used 57467K, capacity 58994K, committed 59028K, reserved 1099776K
  class space    used 7767K, capacity 8160K, committed 8192K, reserved 1048576K
}
Event: 137.403 GC heap before
{Heap before GC invocations=12 (full 3):
 PSYoungGen      total 391680K, used 368640K [0x0000000780000000, 0x0000000799e80000, 0x00000007c0000000)
  eden space 368640K, 100% used [0x0000000780000000,0x0000000796800000,0x0000000796800000)
  from space 23040K, 0% used [0x0000000797f80000,0x0000000797f80000,0x0000000799600000)
  to   space 24064K, 0% used [0x0000000796800000,0x0000000796800000,0x0000000797f80000)
 ParOldGen       total 111616K, used 31665K [0x0000000700000000, 0x0000000706d00000, 0x0000000780000000)
  object space 111616K, 28% used [0x0000000700000000,0x0000000701eec760,0x0000000706d00000)
 Metaspace       used 74032K, capacity 76066K, committed 76376K, reserved 1116160K
  class space    used 9552K, capacity 10014K, committed 10112K, reserved 1048576K
Event: 137.438 GC heap after
Heap after GC invocations=12 (full 3):
 PSYoungGen      total 392704K, used 24051K [0x0000000780000000, 0x00000007a0b80000, 0x00000007c0000000)
  eden space 368640K, 0% used [0x0000000780000000,0x0000000780000000,0x0000000796800000)
  from space 24064K, 99% used [0x0000000796800000,0x0000000797f7ce60,0x0000000797f80000)
  to   space 29184K, 0% used [0x000000079ef00000,0x000000079ef00000,0x00000007a0b80000)
 ParOldGen       total 111616K, used 35078K [0x0000000700000000, 0x0000000706d00000, 0x0000000780000000)
  object space 111616K, 31% used [0x0000000700000000,0x0000000702241938,0x0000000706d00000)
 Metaspace       used 74032K, capacity 76066K, committed 76376K, reserved 1116160K
  class space    used 9552K, capacity 10014K, committed 10112K, reserved 1048576K
}
Event: 151.127 GC heap before
{Heap before GC invocations=13 (full 3):
 PSYoungGen      total 392704K, used 392691K [0x0000000780000000, 0x00000007a0b80000, 0x00000007c0000000)
  eden space 368640K, 100% used [0x0000000780000000,0x0000000796800000,0x0000000796800000)
  from space 24064K, 99% used [0x0000000796800000,0x0000000797f7ce60,0x0000000797f80000)
  to   space 29184K, 0% used [0x000000079ef00000,0x000000079ef00000,0x00000007a0b80000)
 ParOldGen       total 111616K, used 35078K [0x0000000700000000, 0x0000000706d00000, 0x0000000780000000)
  object space 111616K, 31% used [0x0000000700000000,0x0000000702241938,0x0000000706d00000)
 Metaspace       used 77385K, capacity 79616K, committed 79832K, reserved 1118208K
  class space    used 9864K, capacity 10375K, committed 10496K, reserved 1048576K
Event: 151.203 GC heap after
Heap after GC invocations=13 (full 3):
 PSYoungGen      total 493056K, used 29156K [0x0000000780000000, 0x00000007a1f00000, 0x00000007c0000000)
  eden space 463872K, 0% used [0x0000000780000000,0x0000000780000000,0x000000079c500000)
  from space 29184K, 99% used [0x000000079ef00000,0x00000007a0b790c0,0x00000007a0b80000)
  to   space 43008K, 0% used [0x000000079c500000,0x000000079c500000,0x000000079ef00000)
 ParOldGen       total 111616K, used 61140K [0x0000000700000000, 0x0000000706d00000, 0x0000000780000000)
  object space 111616K, 54% used [0x0000000700000000,0x0000000703bb5378,0x0000000706d00000)
 Metaspace       used 77385K, capacity 79616K, committed 79832K, reserved 1118208K
  class space    used 9864K, capacity 10375K, committed 10496K, reserved 1048576K
}
Event: 163.312 GC heap before
{Heap before GC invocations=14 (full 3):
 PSYoungGen      total 493056K, used 493028K [0x0000000780000000, 0x00000007a1f00000, 0x00000007c0000000)
  eden space 463872K, 100% used [0x0000000780000000,0x000000079c500000,0x000000079c500000)
  from space 29184K, 99% used [0x000000079ef00000,0x00000007a0b790c0,0x00000007a0b80000)
  to   space 43008K, 0% used [0x000000079c500000,0x000000079c500000,0x000000079ef00000)
 ParOldGen       total 111616K, used 61140K [0x0000000700000000, 0x0000000706d00000, 0x0000000780000000)
  object space 111616K, 54% used [0x0000000700000000,0x0000000703bb5378,0x0000000706d00000)
 Metaspace       used 86892K, capacity 89870K, committed 89944K, reserved 1128448K
  class space    used 10981K, capacity 11632K, committed 11648K, reserved 1048576K
Event: 163.384 GC heap after
Heap after GC invocations=14 (full 3):
 PSYoungGen      total 506880K, used 37163K [0x0000000780000000, 0x00000007a9800000, 0x00000007c0000000)
  eden space 463872K, 0% used [0x0000000780000000,0x0000000780000000,0x000000079c500000)
  from space 43008K, 86% used [0x000000079c500000,0x000000079e94ace8,0x000000079ef00000)
  to   space 47616K, 0% used [0x00000007a6980000,0x00000007a6980000,0x00000007a9800000)
 ParOldGen       total 111616K, used 84334K [0x0000000700000000, 0x0000000706d00000, 0x0000000780000000)
  object space 111616K, 75% used [0x0000000700000000,0x000000070525b9d8,0x0000000706d00000)
 Metaspace       used 86892K, capacity 89870K, committed 89944K, reserved 1128448K
  class space    used 10981K, capacity 11632K, committed 11648K, reserved 1048576K
}
Event: 165.153 GC heap before
{Heap before GC invocations=15 (full 3):
 PSYoungGen      total 506880K, used 501035K [0x0000000780000000, 0x00000007a9800000, 0x00000007c0000000)
  eden space 463872K, 100% used [0x0000000780000000,0x000000079c500000,0x000000079c500000)
  from space 43008K, 86% used [0x000000079c500000,0x000000079e94ace8,0x000000079ef00000)
  to   space 47616K, 0% used [0x00000007a6980000,0x00000007a6980000,0x00000007a9800000)
 ParOldGen       total 111616K, used 84334K [0x0000000700000000, 0x0000000706d00000, 0x0000000780000000)
  object space 111616K, 75% used [0x0000000700000000,0x000000070525b9d8,0x0000000706d00000)
 Metaspace       used 89059K, capacity 92382K, committed 92632K, reserved 1130496K
  class space    used 11246K, capacity 11924K, committed 12032K, reserved 1048576K
Event: 165.231 GC heap after
Heap after GC invocations=15 (full 3):
 PSYoungGen      total 632320K, used 27100K [0x0000000780000000, 0x00000007ac500000, 0x00000007c0000000)
  eden space 584704K, 0% used [0x0000000780000000,0x0000000780000000,0x00000007a3b00000)
  from space 47616K, 56% used [0x00000007a6980000,0x00000007a83f71a0,0x00000007a9800000)
  to   space 47616K, 0% used [0x00000007a3b00000,0x00000007a3b00000,0x00000007a6980000)
 ParOldGen       total 111616K, used 84334K [0x0000000700000000, 0x0000000706d00000, 0x0000000780000000)
  object space 111616K, 75% used [0x0000000700000000,0x000000070525b9d8,0x0000000706d00000)
 Metaspace       used 89059K, capacity 92382K, committed 92632K, reserved 1130496K
  class space    used 11246K, capacity 11924K, committed 12032K, reserved 1048576K
}

