# JRE version: OpenJDK Runtime Environment (8.0_202-b03) (build 1.8.0_202-release-1483-b03)
# Java VM: OpenJDK 64-Bit Server VM (25.202-b03 mixed mode windows-amd64 compressed oops)
Heap:
 PSYoungGen      total 138240K, used 57676K [0x0000000780000000, 0x000000078e480000, 0x00000007c0000000)
  eden space 133120K, 39% used [0x0000000780000000,0x0000000783353010,0x0000000788200000)
  from space 5120K, 100% used [0x0000000788200000,0x0000000788700000,0x0000000788700000)
  to   space 16384K, 29% used [0x000000078d480000,0x000000078d928000,0x000000078e480000)
 ParOldGen       total 68096K, used 19488K [0x0000000700000000, 0x0000000704280000, 0x0000000780000000)
  object space 68096K, 28% used [0x0000000700000000,0x0000000701308200,0x0000000704280000)
 Metaspace       used 34727K, capacity 35410K, committed 35456K, reserved 1079296K
  class space    used 4781K, capacity 4990K, committed 4992K, reserved 1048576K
GC Heap History (10 events):
Event: 0.974 GC heap after
Heap after GC invocations=2 (full 0):
 PSYoungGen      total 71680K, used 4590K [0x0000000780000000, 0x0000000784b00000, 0x00000007c0000000)
  eden space 66560K, 0% used [0x0000000780000000,0x0000000780000000,0x0000000784100000)
  from space 5120K, 89% used [0x0000000784600000,0x0000000784a7b9c8,0x0000000784b00000)
  to   space 5120K, 0% used [0x0000000784100000,0x0000000784100000,0x0000000784600000)
 ParOldGen       total 87552K, used 8K [0x0000000700000000, 0x0000000705580000, 0x0000000780000000)
  object space 87552K, 0% used [0x0000000700000000,0x0000000700002000,0x0000000705580000)
 Metaspace       used 8732K, capacity 8938K, committed 9216K, reserved 1056768K
  class space    used 1130K, capacity 1173K, committed 1280K, reserved 1048576K
}
Event: 1.779 GC heap before
{Heap before GC invocations=3 (full 0):
 PSYoungGen      total 71680K, used 71150K [0x0000000780000000, 0x0000000784b00000, 0x00000007c0000000)
  eden space 66560K, 100% used [0x0000000780000000,0x0000000784100000,0x0000000784100000)
  from space 5120K, 89% used [0x0000000784600000,0x0000000784a7b9c8,0x0000000784b00000)
  to   space 5120K, 0% used [0x0000000784100000,0x0000000784100000,0x0000000784600000)
 ParOldGen       total 87552K, used 8K [0x0000000700000000, 0x0000000705580000, 0x0000000780000000)
  object space 87552K, 0% used [0x0000000700000000,0x0000000700002000,0x0000000705580000)
 Metaspace       used 15626K, capacity 16080K, committed 16256K, reserved 1062912K
  class space    used 2221K, capacity 2360K, committed 2432K, reserved 1048576K
Event: 1.792 GC heap after
Heap after GC invocations=3 (full 0):
 PSYoungGen      total 71680K, used 5097K [0x0000000780000000, 0x0000000788c00000, 0x00000007c0000000)
  eden space 66560K, 0% used [0x0000000780000000,0x0000000780000000,0x0000000784100000)
  from space 5120K, 99% used [0x0000000784100000,0x00000007845fa630,0x0000000784600000)
  to   space 5120K, 0% used [0x0000000788700000,0x0000000788700000,0x0000000788c00000)
 ParOldGen       total 87552K, used 5520K [0x0000000700000000, 0x0000000705580000, 0x0000000780000000)
  object space 87552K, 6% used [0x0000000700000000,0x0000000700564078,0x0000000705580000)
 Metaspace       used 15626K, capacity 16080K, committed 16256K, reserved 1062912K
  class space    used 2221K, capacity 2360K, committed 2432K, reserved 1048576K
}
Event: 2.350 GC heap before
{Heap before GC invocations=4 (full 0):
 PSYoungGen      total 71680K, used 56384K [0x0000000780000000, 0x0000000788c00000, 0x00000007c0000000)
  eden space 66560K, 77% used [0x0000000780000000,0x00000007832159d8,0x0000000784100000)
  from space 5120K, 99% used [0x0000000784100000,0x00000007845fa630,0x0000000784600000)
  to   space 5120K, 0% used [0x0000000788700000,0x0000000788700000,0x0000000788c00000)
 ParOldGen       total 87552K, used 5520K [0x0000000700000000, 0x0000000705580000, 0x0000000780000000)
  object space 87552K, 6% used [0x0000000700000000,0x0000000700564078,0x0000000705580000)
 Metaspace       used 20727K, capacity 21150K, committed 21296K, reserved 1067008K
  class space    used 2955K, capacity 3119K, committed 3200K, reserved 1048576K
Event: 2.386 GC heap after
Heap after GC invocations=4 (full 0):
 PSYoungGen      total 138240K, used 5105K [0x0000000780000000, 0x0000000788c00000, 0x00000007c0000000)
  eden space 133120K, 0% used [0x0000000780000000,0x0000000780000000,0x0000000788200000)
  from space 5120K, 99% used [0x0000000788700000,0x0000000788bfc6d8,0x0000000788c00000)
  to   space 5120K, 0% used [0x0000000788200000,0x0000000788200000,0x0000000788700000)
 ParOldGen       total 87552K, used 11764K [0x0000000700000000, 0x0000000705580000, 0x0000000780000000)
  object space 87552K, 13% used [0x0000000700000000,0x0000000700b7d240,0x0000000705580000)
 Metaspace       used 20727K, capacity 21150K, committed 21296K, reserved 1067008K
  class space    used 2955K, capacity 3119K, committed 3200K, reserved 1048576K
}
Event: 2.386 GC heap before
{Heap before GC invocations=5 (full 1):
 PSYoungGen      total 138240K, used 5105K [0x0000000780000000, 0x0000000788c00000, 0x00000007c0000000)
  eden space 133120K, 0% used [0x0000000780000000,0x0000000780000000,0x0000000788200000)
  from space 5120K, 99% used [0x0000000788700000,0x0000000788bfc6d8,0x0000000788c00000)
  to   space 5120K, 0% used [0x0000000788200000,0x0000000788200000,0x0000000788700000)
 ParOldGen       total 87552K, used 11764K [0x0000000700000000, 0x0000000705580000, 0x0000000780000000)
  object space 87552K, 13% used [0x0000000700000000,0x0000000700b7d240,0x0000000705580000)
 Metaspace       used 20727K, capacity 21150K, committed 21296K, reserved 1067008K
  class space    used 2955K, capacity 3119K, committed 3200K, reserved 1048576K
Event: 2.438 GC heap after
Heap after GC invocations=5 (full 1):
 PSYoungGen      total 138240K, used 0K [0x0000000780000000, 0x0000000788c00000, 0x00000007c0000000)
  eden space 133120K, 0% used [0x0000000780000000,0x0000000780000000,0x0000000788200000)
  from space 5120K, 0% used [0x0000000788700000,0x0000000788700000,0x0000000788c00000)
  to   space 5120K, 0% used [0x0000000788200000,0x0000000788200000,0x0000000788700000)
 ParOldGen       total 68096K, used 11591K [0x0000000700000000, 0x0000000704280000, 0x0000000780000000)
  object space 68096K, 17% used [0x0000000700000000,0x0000000700b51d38,0x0000000704280000)
 Metaspace       used 20727K, capacity 21150K, committed 21296K, reserved 1067008K
  class space    used 2955K, capacity 3119K, committed 3200K, reserved 1048576K
}
Event: 3.732 GC heap before
{Heap before GC invocations=6 (full 1):
 PSYoungGen      total 138240K, used 133120K [0x0000000780000000, 0x0000000788c00000, 0x00000007c0000000)
  eden space 133120K, 100% used [0x0000000780000000,0x0000000788200000,0x0000000788200000)
  from space 5120K, 0% used [0x0000000788700000,0x0000000788700000,0x0000000788c00000)
  to   space 5120K, 0% used [0x0000000788200000,0x0000000788200000,0x0000000788700000)
 ParOldGen       total 68096K, used 11591K [0x0000000700000000, 0x0000000704280000, 0x0000000780000000)
  object space 68096K, 17% used [0x0000000700000000,0x0000000700b51d38,0x0000000704280000)
 Metaspace       used 32220K, capacity 32854K, committed 33152K, reserved 1077248K
  class space    used 4441K, capacity 4620K, committed 4736K, reserved 1048576K
Event: 3.745 GC heap after
Heap after GC invocations=6 (full 1):
 PSYoungGen      total 138240K, used 5120K [0x0000000780000000, 0x000000078e480000, 0x00000007c0000000)
  eden space 133120K, 0% used [0x0000000780000000,0x0000000780000000,0x0000000788200000)
  from space 5120K, 100% used [0x0000000788200000,0x0000000788700000,0x0000000788700000)
  to   space 16384K, 0% used [0x000000078d480000,0x000000078d480000,0x000000078e480000)
 ParOldGen       total 68096K, used 19488K [0x0000000700000000, 0x0000000704280000, 0x0000000780000000)
  object space 68096K, 28% used [0x0000000700000000,0x0000000701308200,0x0000000704280000)
 Metaspace       used 32220K, capacity 32854K, committed 33152K, reserved 1077248K
  class space    used 4441K, capacity 4620K, committed 4736K, reserved 1048576K
}
Event: 4.277 GC heap before
{Heap before GC invocations=7 (full 1):
 PSYoungGen      total 138240K, used 57676K [0x0000000780000000, 0x000000078e480000, 0x00000007c0000000)
  eden space 133120K, 39% used [0x0000000780000000,0x0000000783353010,0x0000000788200000)
  from space 5120K, 100% used [0x0000000788200000,0x0000000788700000,0x0000000788700000)
  to   space 16384K, 0% used [0x000000078d480000,0x000000078d480000,0x000000078e480000)
 ParOldGen       total 68096K, used 19488K [0x0000000700000000, 0x0000000704280000, 0x0000000780000000)
  object space 68096K, 28% used [0x0000000700000000,0x0000000701308200,0x0000000704280000)
 Metaspace       used 34727K, capacity 35410K, committed 35456K, reserved 1079296K
  class space    used 4781K, capacity 4990K, committed 4992K, reserved 1048576K

