# JRE version: OpenJDK Runtime Environment (8.0_152-b01) (build 1.8.0_152-release-1343-b01)
# Java VM: OpenJDK 64-Bit Server VM (25.152-b01 mixed mode windows-amd64 compressed oops)
Heap:
 PSYoungGen      total 923136K, used 536628K [0x0000000780000000, 0x00000007c0000000, 0x00000007c0000000)
  eden space 890368K, 56% used [0x0000000780000000,0x000000079ec0eed0,0x00000007b6580000)
  from space 32768K, 99% used [0x00000007b6580000,0x00000007b857e498,0x00000007b8580000)
  to   space 39424K, 0% used [0x00000007bd980000,0x00000007bd980000,0x00000007c0000000)
 ParOldGen       total 147968K, used 76764K [0x0000000700000000, 0x0000000709080000, 0x0000000780000000)
  object space 147968K, 51% used [0x0000000700000000,0x0000000704af7130,0x0000000709080000)
 Metaspace       used 77474K, capacity 80846K, committed 81048K, reserved 1120256K
  class space    used 10091K, capacity 10783K, committed 10904K, reserved 1048576K
GC Heap History (10 events):
Event: 28.802 GC heap before
{Heap before GC invocations=20 (full 3):
 PSYoungGen      total 708608K, used 695141K [0x0000000780000000, 0x00000007ada00000, 0x00000007c0000000)
  eden space 675840K, 100% used [0x0000000780000000,0x00000007a9400000,0x00000007a9400000)
  from space 32768K, 58% used [0x00000007aba00000,0x00000007accd9468,0x00000007ada00000)
  to   space 35840K, 0% used [0x00000007a9400000,0x00000007a9400000,0x00000007ab700000)
 ParOldGen       total 147968K, used 70116K [0x0000000700000000, 0x0000000709080000, 0x0000000780000000)
  object space 147968K, 47% used [0x0000000700000000,0x00000007044791a8,0x0000000709080000)
 Metaspace       used 74707K, capacity 77756K, committed 77848K, reserved 1116160K
  class space    used 9803K, capacity 10454K, committed 10520K, reserved 1048576K
Event: 28.817 GC heap after
Heap after GC invocations=20 (full 3):
 PSYoungGen      total 711680K, used 10523K [0x0000000780000000, 0x00000007b4c80000, 0x00000007c0000000)
  eden space 675840K, 0% used [0x0000000780000000,0x0000000780000000,0x00000007a9400000)
  from space 35840K, 29% used [0x00000007a9400000,0x00000007a9e46e68,0x00000007ab700000)
  to   space 35328K, 0% used [0x00000007b2a00000,0x00000007b2a00000,0x00000007b4c80000)
 ParOldGen       total 147968K, used 71195K [0x0000000700000000, 0x0000000709080000, 0x0000000780000000)
  object space 147968K, 48% used [0x0000000700000000,0x0000000704586f98,0x0000000709080000)
 Metaspace       used 74707K, capacity 77756K, committed 77848K, reserved 1116160K
  class space    used 9803K, capacity 10454K, committed 10520K, reserved 1048576K
}
Event: 30.747 GC heap before
{Heap before GC invocations=21 (full 3):
 PSYoungGen      total 711680K, used 686363K [0x0000000780000000, 0x00000007b4c80000, 0x00000007c0000000)
  eden space 675840K, 100% used [0x0000000780000000,0x00000007a9400000,0x00000007a9400000)
  from space 35840K, 29% used [0x00000007a9400000,0x00000007a9e46e68,0x00000007ab700000)
  to   space 35328K, 0% used [0x00000007b2a00000,0x00000007b2a00000,0x00000007b4c80000)
 ParOldGen       total 147968K, used 71195K [0x0000000700000000, 0x0000000709080000, 0x0000000780000000)
  object space 147968K, 48% used [0x0000000700000000,0x0000000704586f98,0x0000000709080000)
 Metaspace       used 74744K, capacity 77764K, committed 77848K, reserved 1116160K
  class space    used 9803K, capacity 10454K, committed 10520K, reserved 1048576K
Event: 30.772 GC heap after
Heap after GC invocations=21 (full 3):
 PSYoungGen      total 807936K, used 12239K [0x0000000780000000, 0x00000007b4180000, 0x00000007c0000000)
  eden space 783872K, 0% used [0x0000000780000000,0x0000000780000000,0x00000007afd80000)
  from space 24064K, 50% used [0x00000007b2a00000,0x00000007b35f3da0,0x00000007b4180000)
  to   space 34816K, 0% used [0x00000007afd80000,0x00000007afd80000,0x00000007b1f80000)
 ParOldGen       total 147968K, used 71195K [0x0000000700000000, 0x0000000709080000, 0x0000000780000000)
  object space 147968K, 48% used [0x0000000700000000,0x0000000704586f98,0x0000000709080000)
 Metaspace       used 74744K, capacity 77764K, committed 77848K, reserved 1116160K
  class space    used 9803K, capacity 10454K, committed 10520K, reserved 1048576K
}
Event: 33.072 GC heap before
{Heap before GC invocations=22 (full 3):
 PSYoungGen      total 807936K, used 796111K [0x0000000780000000, 0x00000007b4180000, 0x00000007c0000000)
  eden space 783872K, 100% used [0x0000000780000000,0x00000007afd80000,0x00000007afd80000)
  from space 24064K, 50% used [0x00000007b2a00000,0x00000007b35f3da0,0x00000007b4180000)
  to   space 34816K, 0% used [0x00000007afd80000,0x00000007afd80000,0x00000007b1f80000)
 ParOldGen       total 147968K, used 71195K [0x0000000700000000, 0x0000000709080000, 0x0000000780000000)
  object space 147968K, 48% used [0x0000000700000000,0x0000000704586f98,0x0000000709080000)
 Metaspace       used 74817K, capacity 77828K, committed 78104K, reserved 1116160K
  class space    used 9804K, capacity 10454K, committed 10520K, reserved 1048576K
Event: 33.114 GC heap after
Heap after GC invocations=22 (full 3):
 PSYoungGen      total 818688K, used 18800K [0x0000000780000000, 0x00000007bb400000, 0x00000007c0000000)
  eden space 783872K, 0% used [0x0000000780000000,0x0000000780000000,0x00000007afd80000)
  from space 34816K, 54% used [0x00000007afd80000,0x00000007b0fdc340,0x00000007b1f80000)
  to   space 33792K, 0% used [0x00000007b9300000,0x00000007b9300000,0x00000007bb400000)
 ParOldGen       total 147968K, used 71195K [0x0000000700000000, 0x0000000709080000, 0x0000000780000000)
  object space 147968K, 48% used [0x0000000700000000,0x0000000704586f98,0x0000000709080000)
 Metaspace       used 74817K, capacity 77828K, committed 78104K, reserved 1116160K
  class space    used 9804K, capacity 10454K, committed 10520K, reserved 1048576K
}
Event: 35.466 GC heap before
{Heap before GC invocations=23 (full 3):
 PSYoungGen      total 818688K, used 802672K [0x0000000780000000, 0x00000007bb400000, 0x00000007c0000000)
  eden space 783872K, 100% used [0x0000000780000000,0x00000007afd80000,0x00000007afd80000)
  from space 34816K, 54% used [0x00000007afd80000,0x00000007b0fdc340,0x00000007b1f80000)
  to   space 33792K, 0% used [0x00000007b9300000,0x00000007b9300000,0x00000007bb400000)
 ParOldGen       total 147968K, used 71195K [0x0000000700000000, 0x0000000709080000, 0x0000000780000000)
  object space 147968K, 48% used [0x0000000700000000,0x0000000704586f98,0x0000000709080000)
 Metaspace       used 74877K, capacity 77892K, committed 78104K, reserved 1116160K
  class space    used 9804K, capacity 10454K, committed 10520K, reserved 1048576K
Event: 35.486 GC heap after
Heap after GC invocations=23 (full 3):
 PSYoungGen      total 909312K, used 10822K [0x0000000780000000, 0x00000007ba580000, 0x00000007c0000000)
  eden space 890368K, 0% used [0x0000000780000000,0x0000000780000000,0x00000007b6580000)
  from space 18944K, 57% used [0x00000007b9300000,0x00000007b9d91bc0,0x00000007ba580000)
  to   space 32768K, 0% used [0x00000007b6580000,0x00000007b6580000,0x00000007b8580000)
 ParOldGen       total 147968K, used 71195K [0x0000000700000000, 0x0000000709080000, 0x0000000780000000)
  object space 147968K, 48% used [0x0000000700000000,0x0000000704586f98,0x0000000709080000)
 Metaspace       used 74877K, capacity 77892K, committed 78104K, reserved 1116160K
  class space    used 9804K, capacity 10454K, committed 10520K, reserved 1048576K
}
Event: 39.249 GC heap before
{Heap before GC invocations=24 (full 3):
 PSYoungGen      total 909312K, used 901190K [0x0000000780000000, 0x00000007ba580000, 0x00000007c0000000)
  eden space 890368K, 100% used [0x0000000780000000,0x00000007b6580000,0x00000007b6580000)
  from space 18944K, 57% used [0x00000007b9300000,0x00000007b9d91bc0,0x00000007ba580000)
  to   space 32768K, 0% used [0x00000007b6580000,0x00000007b6580000,0x00000007b8580000)
 ParOldGen       total 147968K, used 71195K [0x0000000700000000, 0x0000000709080000, 0x0000000780000000)
  object space 147968K, 48% used [0x0000000700000000,0x0000000704586f98,0x0000000709080000)
 Metaspace       used 75716K, capacity 78862K, committed 79000K, reserved 1118208K
  class space    used 9885K, capacity 10531K, committed 10648K, reserved 1048576K
Event: 39.295 GC heap after
Heap after GC invocations=24 (full 3):
 PSYoungGen      total 923136K, used 32761K [0x0000000780000000, 0x00000007c0000000, 0x00000007c0000000)
  eden space 890368K, 0% used [0x0000000780000000,0x0000000780000000,0x00000007b6580000)
  from space 32768K, 99% used [0x00000007b6580000,0x00000007b857e498,0x00000007b8580000)
  to   space 39424K, 0% used [0x00000007bd980000,0x00000007bd980000,0x00000007c0000000)
 ParOldGen       total 147968K, used 76764K [0x0000000700000000, 0x0000000709080000, 0x0000000780000000)
  object space 147968K, 51% used [0x0000000700000000,0x0000000704af7130,0x0000000709080000)
 Metaspace       used 75716K, capacity 78862K, committed 79000K, reserved 1118208K
  class space    used 9885K, capacity 10531K, committed 10648K, reserved 1048576K
}

