# JRE version: OpenJDK Runtime Environment (8.0_152-b01) (build 1.8.0_152-release-1343-b01)
# Java VM: OpenJDK 64-Bit Server VM (25.152-b01 mixed mode windows-amd64 compressed oops)
Heap:
 PSYoungGen      total 321536K, used 272442K [0x0000000780000000, 0x0000000799200000, 0x00000007c0000000)
  eden space 297984K, 84% used [0x0000000780000000,0x000000078f4b1b30,0x0000000792300000)
  from space 23552K, 92% used [0x0000000792300000,0x000000079385ce28,0x0000000793a00000)
  to   space 26624K, 0% used [0x0000000797800000,0x0000000797800000,0x0000000799200000)
 ParOldGen       total 141312K, used 31811K [0x0000000700000000, 0x0000000708a00000, 0x0000000780000000)
  object space 141312K, 22% used [0x0000000700000000,0x0000000701f10de8,0x0000000708a00000)
 Metaspace       used 73947K, capacity 76756K, committed 76928K, reserved 1116160K
  class space    used 9662K, capacity 10312K, committed 10368K, reserved 1048576K
GC Heap History (10 events):
Event: 5.871 GC heap before
{Heap before GC invocations=8 (full 2):
 PSYoungGen      total 218624K, used 10820K [0x0000000780000000, 0x000000078eb00000, 0x00000007c0000000)
  eden space 207360K, 0% used [0x0000000780000000,0x0000000780000000,0x000000078ca80000)
  from space 11264K, 96% used [0x000000078e000000,0x000000078ea91218,0x000000078eb00000)
  to   space 16384K, 0% used [0x000000078cb00000,0x000000078cb00000,0x000000078db00000)
 ParOldGen       total 64512K, used 19789K [0x0000000700000000, 0x0000000703f00000, 0x0000000780000000)
  object space 64512K, 30% used [0x0000000700000000,0x00000007013535d0,0x0000000703f00000)
 Metaspace       used 34662K, capacity 35446K, committed 35456K, reserved 1079296K
  class space    used 4768K, capacity 4987K, committed 4992K, reserved 1048576K
Event: 5.963 GC heap after
Heap after GC invocations=8 (full 2):
 PSYoungGen      total 218624K, used 0K [0x0000000780000000, 0x000000078eb00000, 0x00000007c0000000)
  eden space 207360K, 0% used [0x0000000780000000,0x0000000780000000,0x000000078ca80000)
  from space 11264K, 0% used [0x000000078e000000,0x000000078e000000,0x000000078eb00000)
  to   space 16384K, 0% used [0x000000078cb00000,0x000000078cb00000,0x000000078db00000)
 ParOldGen       total 99840K, used 19136K [0x0000000700000000, 0x0000000706180000, 0x0000000780000000)
  object space 99840K, 19% used [0x0000000700000000,0x00000007012b0388,0x0000000706180000)
 Metaspace       used 34656K, capacity 35428K, committed 35456K, reserved 1079296K
  class space    used 4766K, capacity 4984K, committed 4992K, reserved 1048576K
}
Event: 8.539 GC heap before
{Heap before GC invocations=9 (full 2):
 PSYoungGen      total 218624K, used 207360K [0x0000000780000000, 0x000000078eb00000, 0x00000007c0000000)
  eden space 207360K, 100% used [0x0000000780000000,0x000000078ca80000,0x000000078ca80000)
  from space 11264K, 0% used [0x000000078e000000,0x000000078e000000,0x000000078eb00000)
  to   space 16384K, 0% used [0x000000078cb00000,0x000000078cb00000,0x000000078db00000)
 ParOldGen       total 99840K, used 19136K [0x0000000700000000, 0x0000000706180000, 0x0000000780000000)
  object space 99840K, 19% used [0x0000000700000000,0x00000007012b0388,0x0000000706180000)
 Metaspace       used 54634K, capacity 56188K, committed 56448K, reserved 1097728K
  class space    used 7357K, capacity 7755K, committed 7808K, reserved 1048576K
Event: 8.568 GC heap after
Heap after GC invocations=9 (full 2):
 PSYoungGen      total 224256K, used 16365K [0x0000000780000000, 0x0000000795080000, 0x00000007c0000000)
  eden space 207872K, 0% used [0x0000000780000000,0x0000000780000000,0x000000078cb00000)
  from space 16384K, 99% used [0x000000078cb00000,0x000000078dafb598,0x000000078db00000)
  to   space 23040K, 0% used [0x0000000793a00000,0x0000000793a00000,0x0000000795080000)
 ParOldGen       total 99840K, used 27019K [0x0000000700000000, 0x0000000706180000, 0x0000000780000000)
  object space 99840K, 27% used [0x0000000700000000,0x0000000701a62d08,0x0000000706180000)
 Metaspace       used 54634K, capacity 56188K, committed 56448K, reserved 1097728K
  class space    used 7357K, capacity 7755K, committed 7808K, reserved 1048576K
}
Event: 9.336 GC heap before
{Heap before GC invocations=10 (full 2):
 PSYoungGen      total 224256K, used 56672K [0x0000000780000000, 0x0000000795080000, 0x00000007c0000000)
  eden space 207872K, 19% used [0x0000000780000000,0x000000078275cd18,0x000000078cb00000)
  from space 16384K, 99% used [0x000000078cb00000,0x000000078dafb598,0x000000078db00000)
  to   space 23040K, 0% used [0x0000000793a00000,0x0000000793a00000,0x0000000795080000)
 ParOldGen       total 99840K, used 27019K [0x0000000700000000, 0x0000000706180000, 0x0000000780000000)
  object space 99840K, 27% used [0x0000000700000000,0x0000000701a62d08,0x0000000706180000)
 Metaspace       used 57398K, capacity 59060K, committed 59096K, reserved 1099776K
  class space    used 7749K, capacity 8190K, committed 8192K, reserved 1048576K
Event: 9.368 GC heap after
Heap after GC invocations=10 (full 2):
 PSYoungGen      total 321024K, used 15649K [0x0000000780000000, 0x0000000795f80000, 0x00000007c0000000)
  eden space 297984K, 0% used [0x0000000780000000,0x0000000780000000,0x0000000792300000)
  from space 23040K, 67% used [0x0000000793a00000,0x00000007949485c0,0x0000000795080000)
  to   space 23552K, 0% used [0x0000000792300000,0x0000000792300000,0x0000000793a00000)
 ParOldGen       total 99840K, used 27027K [0x0000000700000000, 0x0000000706180000, 0x0000000780000000)
  object space 99840K, 27% used [0x0000000700000000,0x0000000701a64d08,0x0000000706180000)
 Metaspace       used 57398K, capacity 59060K, committed 59096K, reserved 1099776K
  class space    used 7749K, capacity 8190K, committed 8192K, reserved 1048576K
}
Event: 9.368 GC heap before
{Heap before GC invocations=11 (full 3):
 PSYoungGen      total 321024K, used 15649K [0x0000000780000000, 0x0000000795f80000, 0x00000007c0000000)
  eden space 297984K, 0% used [0x0000000780000000,0x0000000780000000,0x0000000792300000)
  from space 23040K, 67% used [0x0000000793a00000,0x00000007949485c0,0x0000000795080000)
  to   space 23552K, 0% used [0x0000000792300000,0x0000000792300000,0x0000000793a00000)
 ParOldGen       total 99840K, used 27027K [0x0000000700000000, 0x0000000706180000, 0x0000000780000000)
  object space 99840K, 27% used [0x0000000700000000,0x0000000701a64d08,0x0000000706180000)
 Metaspace       used 57398K, capacity 59060K, committed 59096K, reserved 1099776K
  class space    used 7749K, capacity 8190K, committed 8192K, reserved 1048576K
Event: 9.686 GC heap after
Heap after GC invocations=11 (full 3):
 PSYoungGen      total 321024K, used 0K [0x0000000780000000, 0x0000000795f80000, 0x00000007c0000000)
  eden space 297984K, 0% used [0x0000000780000000,0x0000000780000000,0x0000000792300000)
  from space 23040K, 0% used [0x0000000793a00000,0x0000000793a00000,0x0000000795080000)
  to   space 23552K, 0% used [0x0000000792300000,0x0000000792300000,0x0000000793a00000)
 ParOldGen       total 141312K, used 31803K [0x0000000700000000, 0x0000000708a00000, 0x0000000780000000)
  object space 141312K, 22% used [0x0000000700000000,0x0000000701f0ede8,0x0000000708a00000)
 Metaspace       used 57398K, capacity 59060K, committed 59096K, reserved 1099776K
  class space    used 7749K, capacity 8190K, committed 8192K, reserved 1048576K
}
Event: 18.542 GC heap before
{Heap before GC invocations=12 (full 3):
 PSYoungGen      total 321024K, used 297984K [0x0000000780000000, 0x0000000795f80000, 0x00000007c0000000)
  eden space 297984K, 100% used [0x0000000780000000,0x0000000792300000,0x0000000792300000)
  from space 23040K, 0% used [0x0000000793a00000,0x0000000793a00000,0x0000000795080000)
  to   space 23552K, 0% used [0x0000000792300000,0x0000000792300000,0x0000000793a00000)
 ParOldGen       total 141312K, used 31803K [0x0000000700000000, 0x0000000708a00000, 0x0000000780000000)
  object space 141312K, 22% used [0x0000000700000000,0x0000000701f0ede8,0x0000000708a00000)
 Metaspace       used 69766K, capacity 72310K, committed 72576K, reserved 1112064K
  class space    used 9235K, capacity 9845K, committed 9856K, reserved 1048576K
Event: 18.701 GC heap after
Heap after GC invocations=12 (full 3):
 PSYoungGen      total 321536K, used 21875K [0x0000000780000000, 0x0000000799200000, 0x00000007c0000000)
  eden space 297984K, 0% used [0x0000000780000000,0x0000000780000000,0x0000000792300000)
  from space 23552K, 92% used [0x0000000792300000,0x000000079385ce28,0x0000000793a00000)
  to   space 26624K, 0% used [0x0000000797800000,0x0000000797800000,0x0000000799200000)
 ParOldGen       total 141312K, used 31811K [0x0000000700000000, 0x0000000708a00000, 0x0000000780000000)
  object space 141312K, 22% used [0x0000000700000000,0x0000000701f10de8,0x0000000708a00000)
 Metaspace       used 69766K, capacity 72310K, committed 72576K, reserved 1112064K
  class space    used 9235K, capacity 9845K, committed 9856K, reserved 1048576K
}

