# JRE version: OpenJDK Runtime Environment (8.0_152-b01) (build 1.8.0_152-release-1343-b01)
# Java VM: OpenJDK 64-Bit Server VM (25.152-b01 mixed mode windows-amd64 compressed oops)
Heap:
 PSYoungGen      total 487424K, used 355769K [0x0000000780000000, 0x00000007a0f00000, 0x00000007c0000000)
  eden space 466944K, 71% used [0x0000000780000000,0x00000007947eda60,0x000000079c800000)
  from space 20480K, 97% used [0x000000079fb00000,0x00000007a0e80b78,0x00000007a0f00000)
  to   space 35328K, 0% used [0x000000079ca00000,0x000000079ca00000,0x000000079ec80000)
 ParOldGen       total 108032K, used 68646K [0x0000000700000000, 0x0000000706980000, 0x0000000780000000)
  object space 108032K, 63% used [0x0000000700000000,0x0000000704309aa8,0x0000000706980000)
 Metaspace       used 90724K, capacity 94930K, committed 95232K, reserved 1132544K
  class space    used 11626K, capacity 12435K, committed 12544K, reserved 1048576K
GC Heap History (10 events):
Event: 12.145 GC heap before
{Heap before GC invocations=13 (full 3):
 PSYoungGen      total 297984K, used 17208K [0x0000000780000000, 0x0000000793980000, 0x00000007c0000000)
  eden space 279040K, 0% used [0x0000000780000000,0x0000000780000000,0x0000000791080000)
  from space 18944K, 90% used [0x0000000792700000,0x00000007937ce2b8,0x0000000793980000)
  to   space 20992K, 0% used [0x0000000791080000,0x0000000791080000,0x0000000792500000)
 ParOldGen       total 77824K, used 24600K [0x0000000700000000, 0x0000000704c00000, 0x0000000780000000)
  object space 77824K, 31% used [0x0000000700000000,0x0000000701806398,0x0000000704c00000)
 Metaspace       used 57509K, capacity 58980K, committed 59096K, reserved 1099776K
  class space    used 7785K, capacity 8205K, committed 8320K, reserved 1048576K
Event: 12.415 GC heap after
Heap after GC invocations=13 (full 3):
 PSYoungGen      total 297984K, used 0K [0x0000000780000000, 0x0000000793980000, 0x00000007c0000000)
  eden space 279040K, 0% used [0x0000000780000000,0x0000000780000000,0x0000000791080000)
  from space 18944K, 0% used [0x0000000792700000,0x0000000792700000,0x0000000793980000)
  to   space 20992K, 0% used [0x0000000791080000,0x0000000791080000,0x0000000792500000)
 ParOldGen       total 108032K, used 32378K [0x0000000700000000, 0x0000000706980000, 0x0000000780000000)
  object space 108032K, 29% used [0x0000000700000000,0x0000000701f9eb08,0x0000000706980000)
 Metaspace       used 57509K, capacity 58980K, committed 59096K, reserved 1099776K
  class space    used 7785K, capacity 8205K, committed 8320K, reserved 1048576K
}
Event: 20.013 GC heap before
{Heap before GC invocations=14 (full 3):
 PSYoungGen      total 297984K, used 279040K [0x0000000780000000, 0x0000000793980000, 0x00000007c0000000)
  eden space 279040K, 100% used [0x0000000780000000,0x0000000791080000,0x0000000791080000)
  from space 18944K, 0% used [0x0000000792700000,0x0000000792700000,0x0000000793980000)
  to   space 20992K, 0% used [0x0000000791080000,0x0000000791080000,0x0000000792500000)
 ParOldGen       total 108032K, used 32378K [0x0000000700000000, 0x0000000706980000, 0x0000000780000000)
  object space 108032K, 29% used [0x0000000700000000,0x0000000701f9eb08,0x0000000706980000)
 Metaspace       used 68772K, capacity 70788K, committed 70912K, reserved 1110016K
  class space    used 9181K, capacity 9691K, committed 9728K, reserved 1048576K
Event: 20.102 GC heap after
Heap after GC invocations=14 (full 3):
 PSYoungGen      total 300032K, used 20975K [0x0000000780000000, 0x000000079a800000, 0x00000007c0000000)
  eden space 279040K, 0% used [0x0000000780000000,0x0000000780000000,0x0000000791080000)
  from space 20992K, 99% used [0x0000000791080000,0x00000007924fbca8,0x0000000792500000)
  to   space 25088K, 0% used [0x0000000798f80000,0x0000000798f80000,0x000000079a800000)
 ParOldGen       total 108032K, used 35617K [0x0000000700000000, 0x0000000706980000, 0x0000000780000000)
  object space 108032K, 32% used [0x0000000700000000,0x00000007022c8740,0x0000000706980000)
 Metaspace       used 68772K, capacity 70788K, committed 70912K, reserved 1110016K
  class space    used 9181K, capacity 9691K, committed 9728K, reserved 1048576K
}
Event: 28.134 GC heap before
{Heap before GC invocations=15 (full 3):
 PSYoungGen      total 300032K, used 300015K [0x0000000780000000, 0x000000079a800000, 0x00000007c0000000)
  eden space 279040K, 100% used [0x0000000780000000,0x0000000791080000,0x0000000791080000)
  from space 20992K, 99% used [0x0000000791080000,0x00000007924fbca8,0x0000000792500000)
  to   space 25088K, 0% used [0x0000000798f80000,0x0000000798f80000,0x000000079a800000)
 ParOldGen       total 108032K, used 35617K [0x0000000700000000, 0x0000000706980000, 0x0000000780000000)
  object space 108032K, 32% used [0x0000000700000000,0x00000007022c8740,0x0000000706980000)
 Metaspace       used 79074K, capacity 81998K, committed 82048K, reserved 1120256K
  class space    used 10472K, capacity 11123K, committed 11136K, reserved 1048576K
Event: 28.180 GC heap after
Heap after GC invocations=15 (full 3):
 PSYoungGen      total 397312K, used 25063K [0x0000000780000000, 0x000000079b500000, 0x00000007c0000000)
  eden space 372224K, 0% used [0x0000000780000000,0x0000000780000000,0x0000000796b80000)
  from space 25088K, 99% used [0x0000000798f80000,0x000000079a7f9da8,0x000000079a800000)
  to   space 36864K, 0% used [0x0000000796b80000,0x0000000796b80000,0x0000000798f80000)
 ParOldGen       total 108032K, used 58100K [0x0000000700000000, 0x0000000706980000, 0x0000000780000000)
  object space 108032K, 53% used [0x0000000700000000,0x00000007038bd310,0x0000000706980000)
 Metaspace       used 79074K, capacity 81998K, committed 82048K, reserved 1120256K
  class space    used 10472K, capacity 11123K, committed 11136K, reserved 1048576K
}
Event: 207.683 GC heap before
{Heap before GC invocations=16 (full 3):
 PSYoungGen      total 397312K, used 397287K [0x0000000780000000, 0x000000079b500000, 0x00000007c0000000)
  eden space 372224K, 100% used [0x0000000780000000,0x0000000796b80000,0x0000000796b80000)
  from space 25088K, 99% used [0x0000000798f80000,0x000000079a7f9da8,0x000000079a800000)
  to   space 36864K, 0% used [0x0000000796b80000,0x0000000796b80000,0x0000000798f80000)
 ParOldGen       total 108032K, used 58100K [0x0000000700000000, 0x0000000706980000, 0x0000000780000000)
  object space 108032K, 53% used [0x0000000700000000,0x00000007038bd310,0x0000000706980000)
 Metaspace       used 87817K, capacity 91368K, committed 91520K, reserved 1128448K
  class space    used 11405K, capacity 12102K, committed 12160K, reserved 1048576K
Event: 207.736 GC heap after
Heap after GC invocations=16 (full 3):
 PSYoungGen      total 409088K, used 18091K [0x0000000780000000, 0x00000007a1e00000, 0x00000007c0000000)
  eden space 372224K, 0% used [0x0000000780000000,0x0000000780000000,0x0000000796b80000)
  from space 36864K, 49% used [0x0000000796b80000,0x0000000797d2adf0,0x0000000798f80000)
  to   space 35840K, 0% used [0x000000079fb00000,0x000000079fb00000,0x00000007a1e00000)
 ParOldGen       total 108032K, used 65046K [0x0000000700000000, 0x0000000706980000, 0x0000000780000000)
  object space 108032K, 60% used [0x0000000700000000,0x0000000703f85b38,0x0000000706980000)
 Metaspace       used 87817K, capacity 91368K, committed 91520K, reserved 1128448K
  class space    used 11405K, capacity 12102K, committed 12160K, reserved 1048576K
}
Event: 1701.111 GC heap before
{Heap before GC invocations=17 (full 3):
 PSYoungGen      total 409088K, used 390315K [0x0000000780000000, 0x00000007a1e00000, 0x00000007c0000000)
  eden space 372224K, 100% used [0x0000000780000000,0x0000000796b80000,0x0000000796b80000)
  from space 36864K, 49% used [0x0000000796b80000,0x0000000797d2adf0,0x0000000798f80000)
  to   space 35840K, 0% used [0x000000079fb00000,0x000000079fb00000,0x00000007a1e00000)
 ParOldGen       total 108032K, used 65046K [0x0000000700000000, 0x0000000706980000, 0x0000000780000000)
  object space 108032K, 60% used [0x0000000700000000,0x0000000703f85b38,0x0000000706980000)
 Metaspace       used 89191K, capacity 93130K, committed 93184K, reserved 1130496K
  class space    used 11482K, capacity 12245K, committed 12288K, reserved 1048576K
Event: 1701.167 GC heap after
Heap after GC invocations=17 (full 3):
 PSYoungGen      total 487424K, used 19970K [0x0000000780000000, 0x00000007a0f00000, 0x00000007c0000000)
  eden space 466944K, 0% used [0x0000000780000000,0x0000000780000000,0x000000079c800000)
  from space 20480K, 97% used [0x000000079fb00000,0x00000007a0e80b78,0x00000007a0f00000)
  to   space 35328K, 0% used [0x000000079ca00000,0x000000079ca00000,0x000000079ec80000)
 ParOldGen       total 108032K, used 68646K [0x0000000700000000, 0x0000000706980000, 0x0000000780000000)
  object space 108032K, 63% used [0x0000000700000000,0x0000000704309aa8,0x0000000706980000)
 Metaspace       used 89191K, capacity 93130K, committed 93184K, reserved 1130496K
  class space    used 11482K, capacity 12245K, committed 12288K, reserved 1048576K
}

