# JRE version: OpenJDK Runtime Environment (8.0_152-b01) (build 1.8.0_152-release-1343-b01)
# Java VM: OpenJDK 64-Bit Server VM (25.152-b01 mixed mode windows-amd64 compressed oops)
Heap:
 PSYoungGen      total 617472K, used 297839K [0x0000000780000000, 0x00000007adc80000, 0x00000007c0000000)
  eden space 555008K, 49% used [0x0000000780000000,0x0000000790e81ba8,0x00000007a1e00000)
  from space 62464K, 33% used [0x00000007a1e00000,0x00000007a325a450,0x00000007a5b00000)
  to   space 60416K, 0% used [0x00000007aa180000,0x00000007aa180000,0x00000007adc80000)
 ParOldGen       total 162816K, used 89201K [0x0000000700000000, 0x0000000709f00000, 0x0000000780000000)
  object space 162816K, 54% used [0x0000000700000000,0x000000070571c768,0x0000000709f00000)
 Metaspace       used 87951K, capacity 91352K, committed 91480K, reserved 1128448K
  class space    used 11212K, capacity 11853K, committed 11904K, reserved 1048576K
GC Heap History (10 events):
Event: 22.687 GC heap before
{Heap before GC invocations=16 (full 3):
 PSYoungGen      total 395264K, used 395242K [0x0000000780000000, 0x000000079cf80000, 0x00000007c0000000)
  eden space 348160K, 100% used [0x0000000780000000,0x0000000795400000,0x0000000795400000)
  from space 47104K, 99% used [0x0000000798980000,0x000000079b77a828,0x000000079b780000)
  to   space 54784K, 0% used [0x0000000795400000,0x0000000795400000,0x0000000798980000)
 ParOldGen       total 162816K, used 64052K [0x0000000700000000, 0x0000000709f00000, 0x0000000780000000)
  object space 162816K, 39% used [0x0000000700000000,0x0000000703e8d120,0x0000000709f00000)
 Metaspace       used 83118K, capacity 86172K, committed 86488K, reserved 1124352K
  class space    used 10856K, capacity 11445K, committed 11520K, reserved 1048576K
Event: 22.894 GC heap after
Heap after GC invocations=16 (full 3):
 PSYoungGen      total 402944K, used 49650K [0x0000000780000000, 0x00000007a3300000, 0x00000007c0000000)
  eden space 348160K, 0% used [0x0000000780000000,0x0000000780000000,0x0000000795400000)
  from space 54784K, 90% used [0x0000000795400000,0x000000079847c928,0x0000000798980000)
  to   space 61952K, 0% used [0x000000079f680000,0x000000079f680000,0x00000007a3300000)
 ParOldGen       total 162816K, used 64060K [0x0000000700000000, 0x0000000709f00000, 0x0000000780000000)
  object space 162816K, 39% used [0x0000000700000000,0x0000000703e8f120,0x0000000709f00000)
 Metaspace       used 83118K, capacity 86172K, committed 86488K, reserved 1124352K
  class space    used 10856K, capacity 11445K, committed 11520K, reserved 1048576K
}
Event: 24.279 GC heap before
{Heap before GC invocations=17 (full 3):
 PSYoungGen      total 402944K, used 397810K [0x0000000780000000, 0x00000007a3300000, 0x00000007c0000000)
  eden space 348160K, 100% used [0x0000000780000000,0x0000000795400000,0x0000000795400000)
  from space 54784K, 90% used [0x0000000795400000,0x000000079847c928,0x0000000798980000)
  to   space 61952K, 0% used [0x000000079f680000,0x000000079f680000,0x00000007a3300000)
 ParOldGen       total 162816K, used 64060K [0x0000000700000000, 0x0000000709f00000, 0x0000000780000000)
  object space 162816K, 39% used [0x0000000700000000,0x0000000703e8f120,0x0000000709f00000)
 Metaspace       used 83672K, capacity 86774K, committed 87000K, reserved 1124352K
  class space    used 10884K, capacity 11498K, committed 11520K, reserved 1048576K
Event: 24.338 GC heap after
Heap after GC invocations=17 (full 3):
 PSYoungGen      total 510976K, used 42506K [0x0000000780000000, 0x00000007a3480000, 0x00000007c0000000)
  eden space 449024K, 0% used [0x0000000780000000,0x0000000780000000,0x000000079b680000)
  from space 61952K, 68% used [0x000000079f680000,0x00000007a2002be0,0x00000007a3300000)
  to   space 64512K, 0% used [0x000000079b680000,0x000000079b680000,0x000000079f580000)
 ParOldGen       total 162816K, used 74718K [0x0000000700000000, 0x0000000709f00000, 0x0000000780000000)
  object space 162816K, 45% used [0x0000000700000000,0x00000007048f7a38,0x0000000709f00000)
 Metaspace       used 83672K, capacity 86774K, committed 87000K, reserved 1124352K
  class space    used 10884K, capacity 11498K, committed 11520K, reserved 1048576K
}
Event: 27.498 GC heap before
{Heap before GC invocations=18 (full 3):
 PSYoungGen      total 510976K, used 491530K [0x0000000780000000, 0x00000007a3480000, 0x00000007c0000000)
  eden space 449024K, 100% used [0x0000000780000000,0x000000079b680000,0x000000079b680000)
  from space 61952K, 68% used [0x000000079f680000,0x00000007a2002be0,0x00000007a3300000)
  to   space 64512K, 0% used [0x000000079b680000,0x000000079b680000,0x000000079f580000)
 ParOldGen       total 162816K, used 74718K [0x0000000700000000, 0x0000000709f00000, 0x0000000780000000)
  object space 162816K, 45% used [0x0000000700000000,0x00000007048f7a38,0x0000000709f00000)
 Metaspace       used 84544K, capacity 87622K, committed 87896K, reserved 1126400K
  class space    used 10938K, capacity 11550K, committed 11648K, reserved 1048576K
Event: 27.568 GC heap after
Heap after GC invocations=18 (full 3):
 PSYoungGen      total 513536K, used 40189K [0x0000000780000000, 0x00000007aad00000, 0x00000007c0000000)
  eden space 449024K, 0% used [0x0000000780000000,0x0000000780000000,0x000000079b680000)
  from space 64512K, 62% used [0x000000079b680000,0x000000079ddbf5e8,0x000000079f580000)
  to   space 66048K, 0% used [0x00000007a6c80000,0x00000007a6c80000,0x00000007aad00000)
 ParOldGen       total 162816K, used 80990K [0x0000000700000000, 0x0000000709f00000, 0x0000000780000000)
  object space 162816K, 49% used [0x0000000700000000,0x0000000704f17a60,0x0000000709f00000)
 Metaspace       used 84544K, capacity 87622K, committed 87896K, reserved 1126400K
  class space    used 10938K, capacity 11550K, committed 11648K, reserved 1048576K
}
Event: 32.030 GC heap before
{Heap before GC invocations=19 (full 3):
 PSYoungGen      total 513536K, used 481518K [0x0000000780000000, 0x00000007aad00000, 0x00000007c0000000)
  eden space 449024K, 98% used [0x0000000780000000,0x000000079aefc590,0x000000079b680000)
  from space 64512K, 62% used [0x000000079b680000,0x000000079ddbf5e8,0x000000079f580000)
  to   space 66048K, 0% used [0x00000007a6c80000,0x00000007a6c80000,0x00000007aad00000)
 ParOldGen       total 162816K, used 89182K [0x0000000700000000, 0x0000000709f00000, 0x0000000780000000)
  object space 162816K, 54% used [0x0000000700000000,0x0000000705717a70,0x0000000709f00000)
 Metaspace       used 85763K, capacity 89070K, committed 89304K, reserved 1126400K
  class space    used 11065K, capacity 11672K, committed 11776K, reserved 1048576K
Event: 32.075 GC heap after
Heap after GC invocations=19 (full 3):
 PSYoungGen      total 599552K, used 25879K [0x0000000780000000, 0x00000007a9800000, 0x00000007c0000000)
  eden space 555008K, 0% used [0x0000000780000000,0x0000000780000000,0x00000007a1e00000)
  from space 44544K, 58% used [0x00000007a6c80000,0x00000007a85c5f20,0x00000007a9800000)
  to   space 62464K, 0% used [0x00000007a1e00000,0x00000007a1e00000,0x00000007a5b00000)
 ParOldGen       total 162816K, used 89190K [0x0000000700000000, 0x0000000709f00000, 0x0000000780000000)
  object space 162816K, 54% used [0x0000000700000000,0x0000000705719a70,0x0000000709f00000)
 Metaspace       used 85763K, capacity 89070K, committed 89304K, reserved 1126400K
  class space    used 11065K, capacity 11672K, committed 11776K, reserved 1048576K
}
Event: 38.968 GC heap before
{Heap before GC invocations=20 (full 3):
 PSYoungGen      total 599552K, used 580887K [0x0000000780000000, 0x00000007a9800000, 0x00000007c0000000)
  eden space 555008K, 100% used [0x0000000780000000,0x00000007a1e00000,0x00000007a1e00000)
  from space 44544K, 58% used [0x00000007a6c80000,0x00000007a85c5f20,0x00000007a9800000)
  to   space 62464K, 0% used [0x00000007a1e00000,0x00000007a1e00000,0x00000007a5b00000)
 ParOldGen       total 162816K, used 89193K [0x0000000700000000, 0x0000000709f00000, 0x0000000780000000)
  object space 162816K, 54% used [0x0000000700000000,0x000000070571a768,0x0000000709f00000)
 Metaspace       used 86470K, capacity 89774K, committed 90072K, reserved 1128448K
  class space    used 11124K, capacity 11756K, committed 11776K, reserved 1048576K
Event: 38.989 GC heap after
Heap after GC invocations=20 (full 3):
 PSYoungGen      total 617472K, used 20841K [0x0000000780000000, 0x00000007adc80000, 0x00000007c0000000)
  eden space 555008K, 0% used [0x0000000780000000,0x0000000780000000,0x00000007a1e00000)
  from space 62464K, 33% used [0x00000007a1e00000,0x00000007a325a450,0x00000007a5b00000)
  to   space 60416K, 0% used [0x00000007aa180000,0x00000007aa180000,0x00000007adc80000)
 ParOldGen       total 162816K, used 89201K [0x0000000700000000, 0x0000000709f00000, 0x0000000780000000)
  object space 162816K, 54% used [0x0000000700000000,0x000000070571c768,0x0000000709f00000)
 Metaspace       used 86470K, capacity 89774K, committed 90072K, reserved 1128448K
  class space    used 11124K, capacity 11756K, committed 11776K, reserved 1048576K
}

