# JRE version: OpenJDK Runtime Environment (8.0_152-b01) (build 1.8.0_152-release-1343-b01)
# Java VM: OpenJDK 64-Bit Server VM (25.152-b01 mixed mode windows-amd64 compressed oops)
Heap:
 PSYoungGen      total 400384K, used 155007K [0x0000000780000000, 0x00000007a0900000, 0x00000007c0000000)
  eden space 340480K, 29% used [0x0000000780000000,0x00000007863979c0,0x0000000794c80000)
  from space 59904K, 88% used [0x0000000794c80000,0x00000007980483d0,0x0000000798700000)
  to   space 67584K, 0% used [0x000000079c700000,0x000000079c700000,0x00000007a0900000)
 ParOldGen       total 132608K, used 78561K [0x0000000700000000, 0x0000000708180000, 0x0000000780000000)
  object space 132608K, 59% used [0x0000000700000000,0x0000000704cb8438,0x0000000708180000)
 Metaspace       used 92178K, capacity 95676K, committed 95872K, reserved 1132544K
  class space    used 11440K, capacity 12149K, committed 12160K, reserved 1048576K
GC Heap History (10 events):
Event: 48.696 GC heap before
{Heap before GC invocations=16 (full 3):
 PSYoungGen      total 276480K, used 275203K [0x0000000780000000, 0x0000000792900000, 0x00000007c0000000)
  eden space 253952K, 100% used [0x0000000780000000,0x000000078f800000,0x000000078f800000)
  from space 22528K, 94% used [0x0000000791100000,0x00000007925c0d28,0x0000000792700000)
  to   space 25088K, 0% used [0x000000078f800000,0x000000078f800000,0x0000000791080000)
 ParOldGen       total 132608K, used 30470K [0x0000000700000000, 0x0000000708180000, 0x0000000780000000)
  object space 132608K, 22% used [0x0000000700000000,0x0000000701dc1970,0x0000000708180000)
 Metaspace       used 75351K, capacity 77546K, committed 77824K, reserved 1116160K
  class space    used 9709K, capacity 10202K, committed 10240K, reserved 1048576K
Event: 48.741 GC heap after
Heap after GC invocations=16 (full 3):
 PSYoungGen      total 279040K, used 25077K [0x0000000780000000, 0x0000000796800000, 0x00000007c0000000)
  eden space 253952K, 0% used [0x0000000780000000,0x0000000780000000,0x000000078f800000)
  from space 25088K, 99% used [0x000000078f800000,0x000000079107d518,0x0000000791080000)
  to   space 31744K, 0% used [0x0000000794900000,0x0000000794900000,0x0000000796800000)
 ParOldGen       total 132608K, used 39539K [0x0000000700000000, 0x0000000708180000, 0x0000000780000000)
  object space 132608K, 29% used [0x0000000700000000,0x000000070269ce80,0x0000000708180000)
 Metaspace       used 75351K, capacity 77546K, committed 77824K, reserved 1116160K
  class space    used 9709K, capacity 10202K, committed 10240K, reserved 1048576K
}
Event: 79.753 GC heap before
{Heap before GC invocations=17 (full 3):
 PSYoungGen      total 279040K, used 279029K [0x0000000780000000, 0x0000000796800000, 0x00000007c0000000)
  eden space 253952K, 100% used [0x0000000780000000,0x000000078f800000,0x000000078f800000)
  from space 25088K, 99% used [0x000000078f800000,0x000000079107d518,0x0000000791080000)
  to   space 31744K, 0% used [0x0000000794900000,0x0000000794900000,0x0000000796800000)
 ParOldGen       total 132608K, used 39539K [0x0000000700000000, 0x0000000708180000, 0x0000000780000000)
  object space 132608K, 29% used [0x0000000700000000,0x000000070269ce80,0x0000000708180000)
 Metaspace       used 79461K, capacity 81902K, committed 82048K, reserved 1120256K
  class space    used 10047K, capacity 10554K, committed 10624K, reserved 1048576K
Event: 79.843 GC heap after
Heap after GC invocations=17 (full 3):
 PSYoungGen      total 330240K, used 31105K [0x0000000780000000, 0x0000000796a80000, 0x00000007c0000000)
  eden space 298496K, 0% used [0x0000000780000000,0x0000000780000000,0x0000000792380000)
  from space 31744K, 97% used [0x0000000794900000,0x0000000796760730,0x0000000796800000)
  to   space 36352K, 0% used [0x0000000792380000,0x0000000792380000,0x0000000794700000)
 ParOldGen       total 132608K, used 39547K [0x0000000700000000, 0x0000000708180000, 0x0000000780000000)
  object space 132608K, 29% used [0x0000000700000000,0x000000070269ee80,0x0000000708180000)
 Metaspace       used 79461K, capacity 81902K, committed 82048K, reserved 1120256K
  class space    used 10047K, capacity 10554K, committed 10624K, reserved 1048576K
}
Event: 83.558 GC heap before
{Heap before GC invocations=18 (full 3):
 PSYoungGen      total 330240K, used 329601K [0x0000000780000000, 0x0000000796a80000, 0x00000007c0000000)
  eden space 298496K, 100% used [0x0000000780000000,0x0000000792380000,0x0000000792380000)
  from space 31744K, 97% used [0x0000000794900000,0x0000000796760730,0x0000000796800000)
  to   space 36352K, 0% used [0x0000000792380000,0x0000000792380000,0x0000000794700000)
 ParOldGen       total 132608K, used 39547K [0x0000000700000000, 0x0000000708180000, 0x0000000780000000)
  object space 132608K, 29% used [0x0000000700000000,0x000000070269ee80,0x0000000708180000)
 Metaspace       used 79998K, capacity 82514K, committed 82816K, reserved 1122304K
  class space    used 10064K, capacity 10578K, committed 10624K, reserved 1048576K
Event: 83.609 GC heap after
Heap after GC invocations=18 (full 3):
 PSYoungGen      total 334848K, used 36321K [0x0000000780000000, 0x000000079b380000, 0x00000007c0000000)
  eden space 298496K, 0% used [0x0000000780000000,0x0000000780000000,0x0000000792380000)
  from space 36352K, 99% used [0x0000000792380000,0x00000007946f84d0,0x0000000794700000)
  to   space 45568K, 0% used [0x0000000798700000,0x0000000798700000,0x000000079b380000)
 ParOldGen       total 132608K, used 50154K [0x0000000700000000, 0x0000000708180000, 0x0000000780000000)
  object space 132608K, 37% used [0x0000000700000000,0x00000007030fa990,0x0000000708180000)
 Metaspace       used 79998K, capacity 82514K, committed 82816K, reserved 1122304K
  class space    used 10064K, capacity 10578K, committed 10624K, reserved 1048576K
}
Event: 88.391 GC heap before
{Heap before GC invocations=19 (full 3):
 PSYoungGen      total 334848K, used 319980K [0x0000000780000000, 0x000000079b380000, 0x00000007c0000000)
  eden space 298496K, 95% used [0x0000000780000000,0x0000000791502e98,0x0000000792380000)
  from space 36352K, 99% used [0x0000000792380000,0x00000007946f84d0,0x0000000794700000)
  to   space 45568K, 0% used [0x0000000798700000,0x0000000798700000,0x000000079b380000)
 ParOldGen       total 132608K, used 50154K [0x0000000700000000, 0x0000000708180000, 0x0000000780000000)
  object space 132608K, 37% used [0x0000000700000000,0x00000007030fa990,0x0000000708180000)
 Metaspace       used 82069K, capacity 84610K, committed 84864K, reserved 1124352K
  class space    used 10236K, capacity 10796K, committed 10880K, reserved 1048576K
Event: 88.510 GC heap after
Heap after GC invocations=19 (full 3):
 PSYoungGen      total 386048K, used 45546K [0x0000000780000000, 0x000000079dc00000, 0x00000007c0000000)
  eden space 340480K, 0% used [0x0000000780000000,0x0000000780000000,0x0000000794c80000)
  from space 45568K, 99% used [0x0000000798700000,0x000000079b37abe8,0x000000079b380000)
  to   space 59904K, 0% used [0x0000000794c80000,0x0000000794c80000,0x0000000798700000)
 ParOldGen       total 132608K, used 69782K [0x0000000700000000, 0x0000000708180000, 0x0000000780000000)
  object space 132608K, 52% used [0x0000000700000000,0x0000000704425b88,0x0000000708180000)
 Metaspace       used 82069K, capacity 84610K, committed 84864K, reserved 1124352K
  class space    used 10236K, capacity 10796K, committed 10880K, reserved 1048576K
}
Event: 93.919 GC heap before
{Heap before GC invocations=20 (full 3):
 PSYoungGen      total 386048K, used 386026K [0x0000000780000000, 0x000000079dc00000, 0x00000007c0000000)
  eden space 340480K, 100% used [0x0000000780000000,0x0000000794c80000,0x0000000794c80000)
  from space 45568K, 99% used [0x0000000798700000,0x000000079b37abe8,0x000000079b380000)
  to   space 59904K, 0% used [0x0000000794c80000,0x0000000794c80000,0x0000000798700000)
 ParOldGen       total 132608K, used 69782K [0x0000000700000000, 0x0000000708180000, 0x0000000780000000)
  object space 132608K, 52% used [0x0000000700000000,0x0000000704425b88,0x0000000708180000)
 Metaspace       used 90692K, capacity 93856K, committed 93952K, reserved 1130496K
  class space    used 11281K, capacity 11963K, committed 12032K, reserved 1048576K
Event: 94.050 GC heap after
Heap after GC invocations=20 (full 3):
 PSYoungGen      total 400384K, used 53024K [0x0000000780000000, 0x00000007a0900000, 0x00000007c0000000)
  eden space 340480K, 0% used [0x0000000780000000,0x0000000780000000,0x0000000794c80000)
  from space 59904K, 88% used [0x0000000794c80000,0x00000007980483d0,0x0000000798700000)
  to   space 67584K, 0% used [0x000000079c700000,0x000000079c700000,0x00000007a0900000)
 ParOldGen       total 132608K, used 78561K [0x0000000700000000, 0x0000000708180000, 0x0000000780000000)
  object space 132608K, 59% used [0x0000000700000000,0x0000000704cb8438,0x0000000708180000)
 Metaspace       used 90692K, capacity 93856K, committed 93952K, reserved 1130496K
  class space    used 11281K, capacity 11963K, committed 12032K, reserved 1048576K
}

