# JRE version: OpenJDK Runtime Environment (8.0_152-b01) (build 1.8.0_152-release-1343-b01)
# Java VM: OpenJDK 64-Bit Server VM (25.152-b01 mixed mode windows-amd64 compressed oops)
Heap:
 PSYoungGen      total 592384K, used 69575K [0x0000000780000000, 0x00000007b0000000, 0x00000007c0000000)
  eden space 554496K, 6% used [0x0000000780000000,0x0000000782576d68,0x00000007a1d80000)
  from space 37888K, 82% used [0x00000007a1d80000,0x00000007a3bfb278,0x00000007a4280000)
  to   space 40960K, 0% used [0x00000007ad800000,0x00000007ad800000,0x00000007b0000000)
 ParOldGen       total 133120K, used 76663K [0x0000000700000000, 0x0000000708200000, 0x0000000780000000)
  object space 133120K, 57% used [0x0000000700000000,0x0000000704adde48,0x0000000708200000)
 Metaspace       used 88503K, capacity 91970K, committed 92160K, reserved 1130496K
  class space    used 11314K, capacity 12028K, committed 12032K, reserved 1048576K
GC Heap History (10 events):
Event: 34.054 GC heap before
{Heap before GC invocations=14 (full 3):
 PSYoungGen      total 416768K, used 416757K [0x0000000780000000, 0x000000079c300000, 0x00000007c0000000)
  eden space 384000K, 100% used [0x0000000780000000,0x0000000797700000,0x0000000797700000)
  from space 32768K, 99% used [0x000000079a000000,0x000000079bffd7c8,0x000000079c000000)
  to   space 38912K, 0% used [0x0000000797700000,0x0000000797700000,0x0000000799d00000)
 ParOldGen       total 133120K, used 47946K [0x0000000700000000, 0x0000000708200000, 0x0000000780000000)
  object space 133120K, 36% used [0x0000000700000000,0x0000000702ed2b40,0x0000000708200000)
 Metaspace       used 77433K, capacity 80026K, committed 80256K, reserved 1118208K
  class space    used 10028K, capacity 10620K, committed 10624K, reserved 1048576K
Event: 34.140 GC heap after
Heap after GC invocations=14 (full 3):
 PSYoungGen      total 422912K, used 13235K [0x0000000780000000, 0x00000007a0180000, 0x00000007c0000000)
  eden space 384000K, 0% used [0x0000000780000000,0x0000000780000000,0x0000000797700000)
  from space 38912K, 34% used [0x0000000797700000,0x00000007983ecd10,0x0000000799d00000)
  to   space 37376K, 0% used [0x000000079dd00000,0x000000079dd00000,0x00000007a0180000)
 ParOldGen       total 133120K, used 76589K [0x0000000700000000, 0x0000000708200000, 0x0000000780000000)
  object space 133120K, 57% used [0x0000000700000000,0x0000000704acb710,0x0000000708200000)
 Metaspace       used 77433K, capacity 80026K, committed 80256K, reserved 1118208K
  class space    used 10028K, capacity 10620K, committed 10624K, reserved 1048576K
}
Event: 37.281 GC heap before
{Heap before GC invocations=15 (full 3):
 PSYoungGen      total 422912K, used 397235K [0x0000000780000000, 0x00000007a0180000, 0x00000007c0000000)
  eden space 384000K, 100% used [0x0000000780000000,0x0000000797700000,0x0000000797700000)
  from space 38912K, 34% used [0x0000000797700000,0x00000007983ecd10,0x0000000799d00000)
  to   space 37376K, 0% used [0x000000079dd00000,0x000000079dd00000,0x00000007a0180000)
 ParOldGen       total 133120K, used 76639K [0x0000000700000000, 0x0000000708200000, 0x0000000780000000)
  object space 133120K, 57% used [0x0000000700000000,0x0000000704ad7e48,0x0000000708200000)
 Metaspace       used 86884K, capacity 90114K, committed 90240K, reserved 1128448K
  class space    used 11164K, capacity 11850K, committed 11904K, reserved 1048576K
Event: 37.354 GC heap after
Heap after GC invocations=15 (full 3):
 PSYoungGen      total 485888K, used 29562K [0x0000000780000000, 0x00000007a0900000, 0x00000007c0000000)
  eden space 448512K, 0% used [0x0000000780000000,0x0000000780000000,0x000000079b600000)
  from space 37376K, 79% used [0x000000079dd00000,0x000000079f9dea58,0x00000007a0180000)
  to   space 39936K, 0% used [0x000000079b600000,0x000000079b600000,0x000000079dd00000)
 ParOldGen       total 133120K, used 76647K [0x0000000700000000, 0x0000000708200000, 0x0000000780000000)
  object space 133120K, 57% used [0x0000000700000000,0x0000000704ad9e48,0x0000000708200000)
 Metaspace       used 86884K, capacity 90114K, committed 90240K, reserved 1128448K
  class space    used 11164K, capacity 11850K, committed 11904K, reserved 1048576K
}
Event: 39.005 GC heap before
{Heap before GC invocations=16 (full 3):
 PSYoungGen      total 485888K, used 478074K [0x0000000780000000, 0x00000007a0900000, 0x00000007c0000000)
  eden space 448512K, 100% used [0x0000000780000000,0x000000079b600000,0x000000079b600000)
  from space 37376K, 79% used [0x000000079dd00000,0x000000079f9dea58,0x00000007a0180000)
  to   space 39936K, 0% used [0x000000079b600000,0x000000079b600000,0x000000079dd00000)
 ParOldGen       total 133120K, used 76647K [0x0000000700000000, 0x0000000708200000, 0x0000000780000000)
  object space 133120K, 57% used [0x0000000700000000,0x0000000704ad9e48,0x0000000708200000)
 Metaspace       used 87326K, capacity 90662K, committed 90752K, reserved 1128448K
  class space    used 11203K, capacity 11890K, committed 11904K, reserved 1048576K
Event: 39.104 GC heap after
Heap after GC invocations=16 (full 3):
 PSYoungGen      total 488448K, used 22549K [0x0000000780000000, 0x00000007a6900000, 0x00000007c0000000)
  eden space 448512K, 0% used [0x0000000780000000,0x0000000780000000,0x000000079b600000)
  from space 39936K, 56% used [0x000000079b600000,0x000000079cc05550,0x000000079dd00000)
  to   space 39424K, 0% used [0x00000007a4280000,0x00000007a4280000,0x00000007a6900000)
 ParOldGen       total 133120K, used 76647K [0x0000000700000000, 0x0000000708200000, 0x0000000780000000)
  object space 133120K, 57% used [0x0000000700000000,0x0000000704ad9e48,0x0000000708200000)
 Metaspace       used 87326K, capacity 90662K, committed 90752K, reserved 1128448K
  class space    used 11203K, capacity 11890K, committed 11904K, reserved 1048576K
}
Event: 40.569 GC heap before
{Heap before GC invocations=17 (full 3):
 PSYoungGen      total 488448K, used 471061K [0x0000000780000000, 0x00000007a6900000, 0x00000007c0000000)
  eden space 448512K, 100% used [0x0000000780000000,0x000000079b600000,0x000000079b600000)
  from space 39936K, 56% used [0x000000079b600000,0x000000079cc05550,0x000000079dd00000)
  to   space 39424K, 0% used [0x00000007a4280000,0x00000007a4280000,0x00000007a6900000)
 ParOldGen       total 133120K, used 76647K [0x0000000700000000, 0x0000000708200000, 0x0000000780000000)
  object space 133120K, 57% used [0x0000000700000000,0x0000000704ad9e48,0x0000000708200000)
 Metaspace       used 88035K, capacity 91444K, committed 91648K, reserved 1128448K
  class space    used 11287K, capacity 12005K, committed 12032K, reserved 1048576K
Event: 40.631 GC heap after
Heap after GC invocations=17 (full 3):
 PSYoungGen      total 593920K, used 15023K [0x0000000780000000, 0x00000007a6c00000, 0x00000007c0000000)
  eden space 554496K, 0% used [0x0000000780000000,0x0000000780000000,0x00000007a1d80000)
  from space 39424K, 38% used [0x00000007a4280000,0x00000007a512bf18,0x00000007a6900000)
  to   space 37888K, 0% used [0x00000007a1d80000,0x00000007a1d80000,0x00000007a4280000)
 ParOldGen       total 133120K, used 76655K [0x0000000700000000, 0x0000000708200000, 0x0000000780000000)
  object space 133120K, 57% used [0x0000000700000000,0x0000000704adbe48,0x0000000708200000)
 Metaspace       used 88035K, capacity 91444K, committed 91648K, reserved 1128448K
  class space    used 11287K, capacity 12005K, committed 12032K, reserved 1048576K
}
Event: 43.213 GC heap before
{Heap before GC invocations=18 (full 3):
 PSYoungGen      total 593920K, used 569519K [0x0000000780000000, 0x00000007a6c00000, 0x00000007c0000000)
  eden space 554496K, 100% used [0x0000000780000000,0x00000007a1d80000,0x00000007a1d80000)
  from space 39424K, 38% used [0x00000007a4280000,0x00000007a512bf18,0x00000007a6900000)
  to   space 37888K, 0% used [0x00000007a1d80000,0x00000007a1d80000,0x00000007a4280000)
 ParOldGen       total 133120K, used 76655K [0x0000000700000000, 0x0000000708200000, 0x0000000780000000)
  object space 133120K, 57% used [0x0000000700000000,0x0000000704adbe48,0x0000000708200000)
 Metaspace       used 88501K, capacity 91970K, committed 92160K, reserved 1130496K
  class space    used 11314K, capacity 12028K, committed 12032K, reserved 1048576K
Event: 43.360 GC heap after
Heap after GC invocations=18 (full 3):
 PSYoungGen      total 592384K, used 31212K [0x0000000780000000, 0x00000007b0000000, 0x00000007c0000000)
  eden space 554496K, 0% used [0x0000000780000000,0x0000000780000000,0x00000007a1d80000)
  from space 37888K, 82% used [0x00000007a1d80000,0x00000007a3bfb278,0x00000007a4280000)
  to   space 40960K, 0% used [0x00000007ad800000,0x00000007ad800000,0x00000007b0000000)
 ParOldGen       total 133120K, used 76663K [0x0000000700000000, 0x0000000708200000, 0x0000000780000000)
  object space 133120K, 57% used [0x0000000700000000,0x0000000704adde48,0x0000000708200000)
 Metaspace       used 88501K, capacity 91970K, committed 92160K, reserved 1130496K
  class space    used 11314K, capacity 12028K, committed 12032K, reserved 1048576K
}

