# JRE version: OpenJDK Runtime Environment (8.0_202-b03) (build 1.8.0_202-release-1483-b03)
# Java VM: OpenJDK 64-Bit Server VM (25.202-b03 mixed mode windows-amd64 compressed oops)
Heap:
 PSYoungGen      total 472576K, used 290573K [0x0000000780000000, 0x000000079ed00000, 0x00000007c0000000)
  eden space 447488K, 64% used [0x0000000780000000,0x0000000791bc36c0,0x000000079b500000)
  from space 25088K, 0% used [0x000000079cf80000,0x000000079cf80000,0x000000079e800000)
  to   space 27136K, 0% used [0x000000079b500000,0x000000079b500000,0x000000079cf80000)
 ParOldGen       total 101376K, used 34568K [0x0000000700000000, 0x0000000706300000, 0x0000000780000000)
  object space 101376K, 34% used [0x0000000700000000,0x00000007021c23a8,0x0000000706300000)
 Metaspace       used 71223K, capacity 73564K, committed 73688K, reserved 1114112K
  class space    used 9400K, capacity 9914K, committed 9984K, reserved 1048576K
GC Heap History (10 events):
Event: 34.886 GC heap before
{Heap before GC invocations=7 (full 1):
 PSYoungGen      total 138240K, used 58655K [0x0000000780000000, 0x0000000791600000, 0x00000007c0000000)
  eden space 133120K, 40% used [0x0000000780000000,0x0000000783447dc8,0x0000000788200000)
  from space 5120K, 100% used [0x0000000788200000,0x0000000788700000,0x0000000788700000)
  to   space 15872K, 0% used [0x0000000790680000,0x0000000790680000,0x0000000791600000)
 ParOldGen       total 55296K, used 18853K [0x0000000700000000, 0x0000000703600000, 0x0000000780000000)
  object space 55296K, 34% used [0x0000000700000000,0x00000007012695e0,0x0000000703600000)
 Metaspace       used 34593K, capacity 35190K, committed 35416K, reserved 1079296K
  class space    used 4762K, capacity 4929K, committed 4992K, reserved 1048576K
Event: 34.897 GC heap after
Heap after GC invocations=7 (full 1):
 PSYoungGen      total 261632K, used 10683K [0x0000000780000000, 0x0000000791280000, 0x00000007c0000000)
  eden space 249344K, 0% used [0x0000000780000000,0x0000000780000000,0x000000078f380000)
  from space 12288K, 86% used [0x0000000790680000,0x00000007910eedb0,0x0000000791280000)
  to   space 15872K, 0% used [0x000000078f380000,0x000000078f380000,0x0000000790300000)
 ParOldGen       total 55296K, used 18861K [0x0000000700000000, 0x0000000703600000, 0x0000000780000000)
  object space 55296K, 34% used [0x0000000700000000,0x000000070126b5e0,0x0000000703600000)
 Metaspace       used 34593K, capacity 35190K, committed 35416K, reserved 1079296K
  class space    used 4762K, capacity 4929K, committed 4992K, reserved 1048576K
}
Event: 34.897 GC heap before
{Heap before GC invocations=8 (full 2):
 PSYoungGen      total 261632K, used 10683K [0x0000000780000000, 0x0000000791280000, 0x00000007c0000000)
  eden space 249344K, 0% used [0x0000000780000000,0x0000000780000000,0x000000078f380000)
  from space 12288K, 86% used [0x0000000790680000,0x00000007910eedb0,0x0000000791280000)
  to   space 15872K, 0% used [0x000000078f380000,0x000000078f380000,0x0000000790300000)
 ParOldGen       total 55296K, used 18861K [0x0000000700000000, 0x0000000703600000, 0x0000000780000000)
  object space 55296K, 34% used [0x0000000700000000,0x000000070126b5e0,0x0000000703600000)
 Metaspace       used 34593K, capacity 35190K, committed 35416K, reserved 1079296K
  class space    used 4762K, capacity 4929K, committed 4992K, reserved 1048576K
Event: 34.986 GC heap after
Heap after GC invocations=8 (full 2):
 PSYoungGen      total 261632K, used 0K [0x0000000780000000, 0x0000000791280000, 0x00000007c0000000)
  eden space 249344K, 0% used [0x0000000780000000,0x0000000780000000,0x000000078f380000)
  from space 12288K, 0% used [0x0000000790680000,0x0000000790680000,0x0000000791280000)
  to   space 15872K, 0% used [0x000000078f380000,0x000000078f380000,0x0000000790300000)
 ParOldGen       total 70656K, used 17685K [0x0000000700000000, 0x0000000704500000, 0x0000000780000000)
  object space 70656K, 25% used [0x0000000700000000,0x0000000701145640,0x0000000704500000)
 Metaspace       used 34590K, capacity 35178K, committed 35416K, reserved 1079296K
  class space    used 4761K, capacity 4927K, committed 4992K, reserved 1048576K
}
Event: 46.992 GC heap before
{Heap before GC invocations=9 (full 2):
 PSYoungGen      total 261632K, used 249344K [0x0000000780000000, 0x0000000791280000, 0x00000007c0000000)
  eden space 249344K, 100% used [0x0000000780000000,0x000000078f380000,0x000000078f380000)
  from space 12288K, 0% used [0x0000000790680000,0x0000000790680000,0x0000000791280000)
  to   space 15872K, 0% used [0x000000078f380000,0x000000078f380000,0x0000000790300000)
 ParOldGen       total 70656K, used 17685K [0x0000000700000000, 0x0000000704500000, 0x0000000780000000)
  object space 70656K, 25% used [0x0000000700000000,0x0000000701145640,0x0000000704500000)
 Metaspace       used 53543K, capacity 55040K, committed 55256K, reserved 1097728K
  class space    used 7277K, capacity 7650K, committed 7680K, reserved 1048576K
Event: 47.040 GC heap after
Heap after GC invocations=9 (full 2):
 PSYoungGen      total 265216K, used 15864K [0x0000000780000000, 0x000000079e800000, 0x00000007c0000000)
  eden space 249344K, 0% used [0x0000000780000000,0x0000000780000000,0x000000078f380000)
  from space 15872K, 99% used [0x000000078f380000,0x00000007902fe0b8,0x0000000790300000)
  to   space 25088K, 0% used [0x000000079cf80000,0x000000079cf80000,0x000000079e800000)
 ParOldGen       total 70656K, used 30955K [0x0000000700000000, 0x0000000704500000, 0x0000000780000000)
  object space 70656K, 43% used [0x0000000700000000,0x0000000701e3ae38,0x0000000704500000)
 Metaspace       used 53543K, capacity 55040K, committed 55256K, reserved 1097728K
  class space    used 7277K, capacity 7650K, committed 7680K, reserved 1048576K
}
Event: 48.999 GC heap before
{Heap before GC invocations=10 (full 2):
 PSYoungGen      total 265216K, used 62730K [0x0000000780000000, 0x000000079e800000, 0x00000007c0000000)
  eden space 249344K, 18% used [0x0000000780000000,0x0000000782dc4ae0,0x000000078f380000)
  from space 15872K, 99% used [0x000000078f380000,0x00000007902fe0b8,0x0000000790300000)
  to   space 25088K, 0% used [0x000000079cf80000,0x000000079cf80000,0x000000079e800000)
 ParOldGen       total 70656K, used 30955K [0x0000000700000000, 0x0000000704500000, 0x0000000780000000)
  object space 70656K, 43% used [0x0000000700000000,0x0000000701e3ae38,0x0000000704500000)
 Metaspace       used 57269K, capacity 58864K, committed 58968K, reserved 1099776K
  class space    used 7798K, capacity 8218K, committed 8320K, reserved 1048576K
Event: 49.032 GC heap after
Heap after GC invocations=10 (full 2):
 PSYoungGen      total 472576K, used 19734K [0x0000000780000000, 0x000000079ed00000, 0x00000007c0000000)
  eden space 447488K, 0% used [0x0000000780000000,0x0000000780000000,0x000000079b500000)
  from space 25088K, 78% used [0x000000079cf80000,0x000000079e2c5868,0x000000079e800000)
  to   space 27136K, 0% used [0x000000079b500000,0x000000079b500000,0x000000079cf80000)
 ParOldGen       total 70656K, used 31027K [0x0000000700000000, 0x0000000704500000, 0x0000000780000000)
  object space 70656K, 43% used [0x0000000700000000,0x0000000701e4ce48,0x0000000704500000)
 Metaspace       used 57269K, capacity 58864K, committed 58968K, reserved 1099776K
  class space    used 7798K, capacity 8218K, committed 8320K, reserved 1048576K
}
Event: 49.032 GC heap before
{Heap before GC invocations=11 (full 3):
 PSYoungGen      total 472576K, used 19734K [0x0000000780000000, 0x000000079ed00000, 0x00000007c0000000)
  eden space 447488K, 0% used [0x0000000780000000,0x0000000780000000,0x000000079b500000)
  from space 25088K, 78% used [0x000000079cf80000,0x000000079e2c5868,0x000000079e800000)
  to   space 27136K, 0% used [0x000000079b500000,0x000000079b500000,0x000000079cf80000)
 ParOldGen       total 70656K, used 31027K [0x0000000700000000, 0x0000000704500000, 0x0000000780000000)
  object space 70656K, 43% used [0x0000000700000000,0x0000000701e4ce48,0x0000000704500000)
 Metaspace       used 57269K, capacity 58864K, committed 58968K, reserved 1099776K
  class space    used 7798K, capacity 8218K, committed 8320K, reserved 1048576K
Event: 49.365 GC heap after
Heap after GC invocations=11 (full 3):
 PSYoungGen      total 472576K, used 0K [0x0000000780000000, 0x000000079ed00000, 0x00000007c0000000)
  eden space 447488K, 0% used [0x0000000780000000,0x0000000780000000,0x000000079b500000)
  from space 25088K, 0% used [0x000000079cf80000,0x000000079cf80000,0x000000079e800000)
  to   space 27136K, 0% used [0x000000079b500000,0x000000079b500000,0x000000079cf80000)
 ParOldGen       total 101376K, used 34568K [0x0000000700000000, 0x0000000706300000, 0x0000000780000000)
  object space 101376K, 34% used [0x0000000700000000,0x00000007021c23a8,0x0000000706300000)
 Metaspace       used 57269K, capacity 58864K, committed 58968K, reserved 1099776K
  class space    used 7798K, capacity 8218K, committed 8320K, reserved 1048576K
}

