# JRE version: OpenJDK Runtime Environment (8.0_152-b01) (build 1.8.0_152-release-1343-b01)
# Java VM: OpenJDK 64-Bit Server VM (25.152-b01 mixed mode windows-amd64 compressed oops)
Heap:
 PSYoungGen      total 265728K, used 100234K [0x0000000780000000, 0x0000000791e00000, 0x00000007c0000000)
  eden space 238592K, 36% used [0x0000000780000000,0x0000000785464c40,0x000000078e900000)
  from space 27136K, 50% used [0x0000000790380000,0x00000007910fdd58,0x0000000791e00000)
  to   space 27136K, 0% used [0x000000078e900000,0x000000078e900000,0x0000000790380000)
 ParOldGen       total 187904K, used 77746K [0x0000000700000000, 0x000000070b780000, 0x0000000780000000)
  object space 187904K, 41% used [0x0000000700000000,0x0000000704becaf8,0x000000070b780000)
 Metaspace       used 96476K, capacity 100660K, committed 100864K, reserved 1136640K
  class space    used 12357K, capacity 13209K, committed 13312K, reserved 1048576K
GC Heap History (10 events):
Event: 1878.158 GC heap before
{Heap before GC invocations=26 (full 3):
 PSYoungGen      total 177664K, used 170306K [0x0000000780000000, 0x000000078ce80000, 0x00000007c0000000)
  eden space 154112K, 100% used [0x0000000780000000,0x0000000789680000,0x0000000789680000)
  from space 23552K, 68% used [0x000000078b780000,0x000000078c750838,0x000000078ce80000)
  to   space 28672K, 0% used [0x0000000789680000,0x0000000789680000,0x000000078b280000)
 ParOldGen       total 121856K, used 62696K [0x0000000700000000, 0x0000000707700000, 0x0000000780000000)
  object space 121856K, 51% used [0x0000000700000000,0x0000000703d3a208,0x0000000707700000)
 Metaspace       used 93400K, capacity 97596K, committed 97920K, reserved 1134592K
  class space    used 12043K, capacity 12859K, committed 12928K, reserved 1048576K
Event: 1878.201 GC heap after
Heap after GC invocations=26 (full 3):
 PSYoungGen      total 182784K, used 17080K [0x0000000780000000, 0x000000078f600000, 0x00000007c0000000)
  eden space 154112K, 0% used [0x0000000780000000,0x0000000780000000,0x0000000789680000)
  from space 28672K, 59% used [0x0000000789680000,0x000000078a72e100,0x000000078b280000)
  to   space 28672K, 0% used [0x000000078da00000,0x000000078da00000,0x000000078f600000)
 ParOldGen       total 121856K, used 62696K [0x0000000700000000, 0x0000000707700000, 0x0000000780000000)
  object space 121856K, 51% used [0x0000000700000000,0x0000000703d3a208,0x0000000707700000)
 Metaspace       used 93400K, capacity 97596K, committed 97920K, reserved 1134592K
  class space    used 12043K, capacity 12859K, committed 12928K, reserved 1048576K
}
Event: 1878.526 GC heap before
{Heap before GC invocations=27 (full 3):
 PSYoungGen      total 182784K, used 171192K [0x0000000780000000, 0x000000078f600000, 0x00000007c0000000)
  eden space 154112K, 100% used [0x0000000780000000,0x0000000789680000,0x0000000789680000)
  from space 28672K, 59% used [0x0000000789680000,0x000000078a72e100,0x000000078b280000)
  to   space 28672K, 0% used [0x000000078da00000,0x000000078da00000,0x000000078f600000)
 ParOldGen       total 121856K, used 62696K [0x0000000700000000, 0x0000000707700000, 0x0000000780000000)
  object space 121856K, 51% used [0x0000000700000000,0x0000000703d3a208,0x0000000707700000)
 Metaspace       used 93636K, capacity 97870K, committed 97920K, reserved 1134592K
  class space    used 12072K, capacity 12900K, committed 12928K, reserved 1048576K
Event: 1878.564 GC heap after
Heap after GC invocations=27 (full 3):
 PSYoungGen      total 223744K, used 6960K [0x0000000780000000, 0x000000078fc00000, 0x00000007c0000000)
  eden space 195072K, 0% used [0x0000000780000000,0x0000000780000000,0x000000078be80000)
  from space 28672K, 24% used [0x000000078da00000,0x000000078e0cc110,0x000000078f600000)
  to   space 28160K, 0% used [0x000000078be80000,0x000000078be80000,0x000000078da00000)
 ParOldGen       total 121856K, used 73237K [0x0000000700000000, 0x0000000707700000, 0x0000000780000000)
  object space 121856K, 60% used [0x0000000700000000,0x00000007047855e0,0x0000000707700000)
 Metaspace       used 93636K, capacity 97870K, committed 97920K, reserved 1134592K
  class space    used 12072K, capacity 12900K, committed 12928K, reserved 1048576K
}
Event: 1882.182 GC heap before
{Heap before GC invocations=28 (full 3):
 PSYoungGen      total 223744K, used 161037K [0x0000000780000000, 0x000000078fc00000, 0x00000007c0000000)
  eden space 195072K, 78% used [0x0000000780000000,0x0000000789677420,0x000000078be80000)
  from space 28672K, 24% used [0x000000078da00000,0x000000078e0cc110,0x000000078f600000)
  to   space 28160K, 0% used [0x000000078be80000,0x000000078be80000,0x000000078da00000)
 ParOldGen       total 121856K, used 73237K [0x0000000700000000, 0x0000000707700000, 0x0000000780000000)
  object space 121856K, 60% used [0x0000000700000000,0x00000007047855e0,0x0000000707700000)
 Metaspace       used 94250K, capacity 98470K, committed 98600K, reserved 1134592K
  class space    used 12134K, capacity 12952K, committed 13056K, reserved 1048576K
Event: 1882.202 GC heap after
Heap after GC invocations=28 (full 3):
 PSYoungGen      total 223232K, used 16899K [0x0000000780000000, 0x0000000791f00000, 0x00000007c0000000)
  eden space 195072K, 0% used [0x0000000780000000,0x0000000780000000,0x000000078be80000)
  from space 28160K, 60% used [0x000000078be80000,0x000000078cf00eb8,0x000000078da00000)
  to   space 28160K, 0% used [0x0000000790380000,0x0000000790380000,0x0000000791f00000)
 ParOldGen       total 121856K, used 73493K [0x0000000700000000, 0x0000000707700000, 0x0000000780000000)
  object space 121856K, 60% used [0x0000000700000000,0x00000007047c55e0,0x0000000707700000)
 Metaspace       used 94250K, capacity 98470K, committed 98600K, reserved 1134592K
  class space    used 12134K, capacity 12952K, committed 13056K, reserved 1048576K
}
Event: 1882.202 GC heap before
{Heap before GC invocations=29 (full 4):
 PSYoungGen      total 223232K, used 16899K [0x0000000780000000, 0x0000000791f00000, 0x00000007c0000000)
  eden space 195072K, 0% used [0x0000000780000000,0x0000000780000000,0x000000078be80000)
  from space 28160K, 60% used [0x000000078be80000,0x000000078cf00eb8,0x000000078da00000)
  to   space 28160K, 0% used [0x0000000790380000,0x0000000790380000,0x0000000791f00000)
 ParOldGen       total 121856K, used 73493K [0x0000000700000000, 0x0000000707700000, 0x0000000780000000)
  object space 121856K, 60% used [0x0000000700000000,0x00000007047c55e0,0x0000000707700000)
 Metaspace       used 94250K, capacity 98470K, committed 98600K, reserved 1134592K
  class space    used 12134K, capacity 12952K, committed 13056K, reserved 1048576K
Event: 1882.564 GC heap after
Heap after GC invocations=29 (full 4):
 PSYoungGen      total 223232K, used 0K [0x0000000780000000, 0x0000000791f00000, 0x00000007c0000000)
  eden space 195072K, 0% used [0x0000000780000000,0x0000000780000000,0x000000078be80000)
  from space 28160K, 0% used [0x000000078be80000,0x000000078be80000,0x000000078da00000)
  to   space 28160K, 0% used [0x0000000790380000,0x0000000790380000,0x0000000791f00000)
 ParOldGen       total 187904K, used 77738K [0x0000000700000000, 0x000000070b780000, 0x0000000780000000)
  object space 187904K, 41% used [0x0000000700000000,0x0000000704beaaf8,0x000000070b780000)
 Metaspace       used 94013K, capacity 97832K, committed 98600K, reserved 1134592K
  class space    used 12052K, capacity 12813K, committed 13056K, reserved 1048576K
}
Event: 1884.775 GC heap before
{Heap before GC invocations=30 (full 4):
 PSYoungGen      total 223232K, used 195072K [0x0000000780000000, 0x0000000791f00000, 0x00000007c0000000)
  eden space 195072K, 100% used [0x0000000780000000,0x000000078be80000,0x000000078be80000)
  from space 28160K, 0% used [0x000000078be80000,0x000000078be80000,0x000000078da00000)
  to   space 28160K, 0% used [0x0000000790380000,0x0000000790380000,0x0000000791f00000)
 ParOldGen       total 187904K, used 77738K [0x0000000700000000, 0x000000070b780000, 0x0000000780000000)
  object space 187904K, 41% used [0x0000000700000000,0x0000000704beaaf8,0x000000070b780000)
 Metaspace       used 95235K, capacity 99242K, committed 99968K, reserved 1136640K
  class space    used 12188K, capacity 12982K, committed 13184K, reserved 1048576K
Event: 1884.793 GC heap after
Heap after GC invocations=30 (full 4):
 PSYoungGen      total 265728K, used 13815K [0x0000000780000000, 0x0000000791e00000, 0x00000007c0000000)
  eden space 238592K, 0% used [0x0000000780000000,0x0000000780000000,0x000000078e900000)
  from space 27136K, 50% used [0x0000000790380000,0x00000007910fdd58,0x0000000791e00000)
  to   space 27136K, 0% used [0x000000078e900000,0x000000078e900000,0x0000000790380000)
 ParOldGen       total 187904K, used 77746K [0x0000000700000000, 0x000000070b780000, 0x0000000780000000)
  object space 187904K, 41% used [0x0000000700000000,0x0000000704becaf8,0x000000070b780000)
 Metaspace       used 95235K, capacity 99242K, committed 99968K, reserved 1136640K
  class space    used 12188K, capacity 12982K, committed 13184K, reserved 1048576K
}

