# JRE version: OpenJDK Runtime Environment (8.0_152-b01) (build 1.8.0_152-release-1343-b01)
# Java VM: OpenJDK 64-Bit Server VM (25.152-b01 mixed mode windows-amd64 compressed oops)
Heap:
 PSYoungGen      total 415232K, used 414884K [0x0000000780000000, 0x000000079c780000, 0x00000007c0000000)
  eden space 397824K, 100% used [0x0000000780000000,0x0000000798480000,0x0000000798480000)
  from space 17408K, 98% used [0x000000079b680000,0x000000079c729210,0x000000079c780000)
  to   space 28672K, 37% used [0x0000000798f80000,0x00000007999e7890,0x000000079ab80000)
 ParOldGen       total 118784K, used 62960K [0x0000000700000000, 0x0000000707400000, 0x0000000780000000)
  object space 118784K, 53% used [0x0000000700000000,0x0000000703d7c280,0x0000000707400000)
 Metaspace       used 93246K, capacity 98196K, committed 98392K, reserved 1134592K
  class space    used 11686K, capacity 12584K, committed 12632K, reserved 1048576K
GC Heap History (10 events):
Event: 1322.086 GC heap after
Heap after GC invocations=17 (full 3):
 PSYoungGen      total 409600K, used 9097K [0x0000000780000000, 0x000000079b600000, 0x00000007c0000000)
  eden space 386048K, 0% used [0x0000000780000000,0x0000000780000000,0x0000000797900000)
  from space 23552K, 38% used [0x0000000799f00000,0x000000079a7e2400,0x000000079b600000)
  to   space 31232K, 0% used [0x0000000797900000,0x0000000797900000,0x0000000799780000)
 ParOldGen       total 118784K, used 62920K [0x0000000700000000, 0x0000000707400000, 0x0000000780000000)
  object space 118784K, 52% used [0x0000000700000000,0x0000000703d72280,0x0000000707400000)
 Metaspace       used 86757K, capacity 90260K, committed 90328K, reserved 1128448K
  class space    used 11238K, capacity 11940K, committed 11992K, reserved 1048576K
}
Event: 1413.681 GC heap before
{Heap before GC invocations=18 (full 3):
 PSYoungGen      total 409600K, used 395145K [0x0000000780000000, 0x000000079b600000, 0x00000007c0000000)
  eden space 386048K, 100% used [0x0000000780000000,0x0000000797900000,0x0000000797900000)
  from space 23552K, 38% used [0x0000000799f00000,0x000000079a7e2400,0x000000079b600000)
  to   space 31232K, 0% used [0x0000000797900000,0x0000000797900000,0x0000000799780000)
 ParOldGen       total 118784K, used 62920K [0x0000000700000000, 0x0000000707400000, 0x0000000780000000)
  object space 118784K, 52% used [0x0000000700000000,0x0000000703d72280,0x0000000707400000)
 Metaspace       used 87943K, capacity 92000K, committed 92248K, reserved 1130496K
  class space    used 11313K, capacity 12074K, committed 12120K, reserved 1048576K
Event: 1413.698 GC heap after
Heap after GC invocations=18 (full 3):
 PSYoungGen      total 417280K, used 5503K [0x0000000780000000, 0x000000079ee80000, 0x00000007c0000000)
  eden space 386048K, 0% used [0x0000000780000000,0x0000000780000000,0x0000000797900000)
  from space 31232K, 17% used [0x0000000797900000,0x0000000797e5fdd8,0x0000000799780000)
  to   space 30720K, 0% used [0x000000079d080000,0x000000079d080000,0x000000079ee80000)
 ParOldGen       total 118784K, used 62928K [0x0000000700000000, 0x0000000707400000, 0x0000000780000000)
  object space 118784K, 52% used [0x0000000700000000,0x0000000703d74280,0x0000000707400000)
 Metaspace       used 87943K, capacity 92000K, committed 92248K, reserved 1130496K
  class space    used 11313K, capacity 12074K, committed 12120K, reserved 1048576K
}
Event: 2648.869 GC heap before
{Heap before GC invocations=19 (full 3):
 PSYoungGen      total 417280K, used 391498K [0x0000000780000000, 0x000000079ee80000, 0x00000007c0000000)
  eden space 386048K, 99% used [0x0000000780000000,0x00000007978f2a40,0x0000000797900000)
  from space 31232K, 17% used [0x0000000797900000,0x0000000797e5fdd8,0x0000000799780000)
  to   space 30720K, 0% used [0x000000079d080000,0x000000079d080000,0x000000079ee80000)
 ParOldGen       total 118784K, used 62928K [0x0000000700000000, 0x0000000707400000, 0x0000000780000000)
  object space 118784K, 52% used [0x0000000700000000,0x0000000703d74280,0x0000000707400000)
 Metaspace       used 89094K, capacity 93770K, committed 94040K, reserved 1130496K
  class space    used 11423K, capacity 12277K, committed 12376K, reserved 1048576K
Event: 2648.915 GC heap after
Heap after GC invocations=19 (full 3):
 PSYoungGen      total 449024K, used 10601K [0x0000000780000000, 0x000000079e000000, 0x00000007c0000000)
  eden space 433152K, 0% used [0x0000000780000000,0x0000000780000000,0x000000079a700000)
  from space 15872K, 66% used [0x000000079d080000,0x000000079dada420,0x000000079e000000)
  to   space 29184K, 0% used [0x000000079a700000,0x000000079a700000,0x000000079c380000)
 ParOldGen       total 118784K, used 62936K [0x0000000700000000, 0x0000000707400000, 0x0000000780000000)
  object space 118784K, 52% used [0x0000000700000000,0x0000000703d76280,0x0000000707400000)
 Metaspace       used 89094K, capacity 93770K, committed 94040K, reserved 1130496K
  class space    used 11423K, capacity 12277K, committed 12376K, reserved 1048576K
}
Event: 2829.385 GC heap before
{Heap before GC invocations=20 (full 3):
 PSYoungGen      total 449024K, used 443519K [0x0000000780000000, 0x000000079e000000, 0x00000007c0000000)
  eden space 433152K, 99% used [0x0000000780000000,0x000000079a6c5a48,0x000000079a700000)
  from space 15872K, 66% used [0x000000079d080000,0x000000079dada420,0x000000079e000000)
  to   space 29184K, 0% used [0x000000079a700000,0x000000079a700000,0x000000079c380000)
 ParOldGen       total 118784K, used 62936K [0x0000000700000000, 0x0000000707400000, 0x0000000780000000)
  object space 118784K, 52% used [0x0000000700000000,0x0000000703d76280,0x0000000707400000)
 Metaspace       used 89988K, capacity 94788K, committed 95064K, reserved 1132544K
  class space    used 11450K, capacity 12318K, committed 12376K, reserved 1048576K
Event: 2829.415 GC heap after
Heap after GC invocations=20 (full 3):
 PSYoungGen      total 431104K, used 15434K [0x0000000780000000, 0x000000079d100000, 0x00000007c0000000)
  eden space 415232K, 0% used [0x0000000780000000,0x0000000780000000,0x0000000799580000)
  from space 15872K, 97% used [0x000000079a700000,0x000000079b612a88,0x000000079b680000)
  to   space 27136K, 0% used [0x000000079b680000,0x000000079b680000,0x000000079d100000)
 ParOldGen       total 118784K, used 62944K [0x0000000700000000, 0x0000000707400000, 0x0000000780000000)
  object space 118784K, 52% used [0x0000000700000000,0x0000000703d78280,0x0000000707400000)
 Metaspace       used 89988K, capacity 94788K, committed 95064K, reserved 1132544K
  class space    used 11450K, capacity 12318K, committed 12376K, reserved 1048576K
}
Event: 4003.709 GC heap before
{Heap before GC invocations=21 (full 3):
 PSYoungGen      total 431104K, used 430666K [0x0000000780000000, 0x000000079d100000, 0x00000007c0000000)
  eden space 415232K, 100% used [0x0000000780000000,0x0000000799580000,0x0000000799580000)
  from space 15872K, 97% used [0x000000079a700000,0x000000079b612a88,0x000000079b680000)
  to   space 27136K, 0% used [0x000000079b680000,0x000000079b680000,0x000000079d100000)
 ParOldGen       total 118784K, used 62944K [0x0000000700000000, 0x0000000707400000, 0x0000000780000000)
  object space 118784K, 52% used [0x0000000700000000,0x0000000703d78280,0x0000000707400000)
 Metaspace       used 92803K, capacity 97588K, committed 97880K, reserved 1134592K
  class space    used 11674K, capacity 12510K, committed 12632K, reserved 1048576K
Event: 4003.814 GC heap after
Heap after GC invocations=21 (full 3):
 PSYoungGen      total 415232K, used 17060K [0x0000000780000000, 0x000000079c780000, 0x00000007c0000000)
  eden space 397824K, 0% used [0x0000000780000000,0x0000000780000000,0x0000000798480000)
  from space 17408K, 98% used [0x000000079b680000,0x000000079c729210,0x000000079c780000)
  to   space 28672K, 0% used [0x0000000798f80000,0x0000000798f80000,0x000000079ab80000)
 ParOldGen       total 118784K, used 62952K [0x0000000700000000, 0x0000000707400000, 0x0000000780000000)
  object space 118784K, 52% used [0x0000000700000000,0x0000000703d7a280,0x0000000707400000)
 Metaspace       used 92803K, capacity 97588K, committed 97880K, reserved 1134592K
  class space    used 11674K, capacity 12510K, committed 12632K, reserved 1048576K
}
Event: 4041.198 GC heap before
{Heap before GC invocations=22 (full 3):
 PSYoungGen      total 415232K, used 414884K [0x0000000780000000, 0x000000079c780000, 0x00000007c0000000)
  eden space 397824K, 100% used [0x0000000780000000,0x0000000798480000,0x0000000798480000)
  from space 17408K, 98% used [0x000000079b680000,0x000000079c729210,0x000000079c780000)
  to   space 28672K, 0% used [0x0000000798f80000,0x0000000798f80000,0x000000079ab80000)
 ParOldGen       total 118784K, used 62952K [0x0000000700000000, 0x0000000707400000, 0x0000000780000000)
  object space 118784K, 52% used [0x0000000700000000,0x0000000703d7a280,0x0000000707400000)
 Metaspace       used 93246K, capacity 98196K, committed 98392K, reserved 1134592K
  class space    used 11686K, capacity 12584K, committed 12632K, reserved 1048576K

