# JRE version: OpenJDK Runtime Environment (8.0_152-b01) (build 1.8.0_152-release-1343-b01)
# Java VM: OpenJDK 64-Bit Server VM (25.152-b01 mixed mode windows-amd64 compressed oops)
Heap:
 PSYoungGen      total 805376K, used 95118K [0x0000000780000000, 0x00000007bfd80000, 0x00000007c0000000)
  eden space 737280K, 10% used [0x0000000780000000,0x0000000784ddc518,0x00000007ad000000)
  from space 68096K, 22% used [0x00000007ad000000,0x00000007adf07418,0x00000007b1280000)
  to   space 65536K, 0% used [0x00000007bbd80000,0x00000007bbd80000,0x00000007bfd80000)
 ParOldGen       total 228352K, used 137422K [0x0000000700000000, 0x000000070df00000, 0x0000000780000000)
  object space 228352K, 60% used [0x0000000700000000,0x0000000708633990,0x000000070df00000)
 Metaspace       used 91505K, capacity 95554K, committed 95640K, reserved 1132544K
  class space    used 11613K, capacity 12378K, committed 12456K, reserved 1048576K
GC Heap History (10 events):
Event: 54.010 GC heap before
{Heap before GC invocations=15 (full 3):
 PSYoungGen      total 495616K, used 469218K [0x0000000780000000, 0x00000007a8280000, 0x00000007c0000000)
  eden space 454656K, 100% used [0x0000000780000000,0x000000079bc00000,0x000000079bc00000)
  from space 40960K, 35% used [0x000000079bc00000,0x000000079ca38a88,0x000000079e400000)
  to   space 38912K, 0% used [0x00000007a5c80000,0x00000007a5c80000,0x00000007a8280000)
 ParOldGen       total 115200K, used 81903K [0x0000000700000000, 0x0000000707080000, 0x0000000780000000)
  object space 115200K, 71% used [0x0000000700000000,0x0000000704ffbce0,0x0000000707080000)
 Metaspace       used 82478K, capacity 85832K, committed 86040K, reserved 1124352K
  class space    used 10783K, capacity 11475K, committed 11560K, reserved 1048576K
Event: 54.036 GC heap after
Heap after GC invocations=15 (full 3):
 PSYoungGen      total 620032K, used 10887K [0x0000000780000000, 0x00000007a8380000, 0x00000007c0000000)
  eden space 581120K, 0% used [0x0000000780000000,0x0000000780000000,0x00000007a3780000)
  from space 38912K, 27% used [0x00000007a5c80000,0x00000007a6721cd8,0x00000007a8280000)
  to   space 37888K, 0% used [0x00000007a3780000,0x00000007a3780000,0x00000007a5c80000)
 ParOldGen       total 115200K, used 81911K [0x0000000700000000, 0x0000000707080000, 0x0000000780000000)
  object space 115200K, 71% used [0x0000000700000000,0x0000000704ffdce0,0x0000000707080000)
 Metaspace       used 82478K, capacity 85832K, committed 86040K, reserved 1124352K
  class space    used 10783K, capacity 11475K, committed 11560K, reserved 1048576K
}
Event: 56.711 GC heap before
{Heap before GC invocations=16 (full 3):
 PSYoungGen      total 620032K, used 592007K [0x0000000780000000, 0x00000007a8380000, 0x00000007c0000000)
  eden space 581120K, 100% used [0x0000000780000000,0x00000007a3780000,0x00000007a3780000)
  from space 38912K, 27% used [0x00000007a5c80000,0x00000007a6721cd8,0x00000007a8280000)
  to   space 37888K, 0% used [0x00000007a3780000,0x00000007a3780000,0x00000007a5c80000)
 ParOldGen       total 115200K, used 81911K [0x0000000700000000, 0x0000000707080000, 0x0000000780000000)
  object space 115200K, 71% used [0x0000000700000000,0x0000000704ffdce0,0x0000000707080000)
 Metaspace       used 83337K, capacity 86828K, committed 87192K, reserved 1124352K
  class space    used 10842K, capacity 11569K, committed 11688K, reserved 1048576K
Event: 56.780 GC heap after
Heap after GC invocations=16 (full 3):
 PSYoungGen      total 619008K, used 37873K [0x0000000780000000, 0x00000007b4500000, 0x00000007c0000000)
  eden space 581120K, 0% used [0x0000000780000000,0x0000000780000000,0x00000007a3780000)
  from space 37888K, 99% used [0x00000007a3780000,0x00000007a5c7c7b0,0x00000007a5c80000)
  to   space 51712K, 0% used [0x00000007b1280000,0x00000007b1280000,0x00000007b4500000)
 ParOldGen       total 115200K, used 102805K [0x0000000700000000, 0x0000000707080000, 0x0000000780000000)
  object space 115200K, 89% used [0x0000000700000000,0x00000007064656c8,0x0000000707080000)
 Metaspace       used 83337K, capacity 86828K, committed 87192K, reserved 1124352K
  class space    used 10842K, capacity 11569K, committed 11688K, reserved 1048576K
}
Event: 56.780 GC heap before
{Heap before GC invocations=17 (full 4):
 PSYoungGen      total 619008K, used 37873K [0x0000000780000000, 0x00000007b4500000, 0x00000007c0000000)
  eden space 581120K, 0% used [0x0000000780000000,0x0000000780000000,0x00000007a3780000)
  from space 37888K, 99% used [0x00000007a3780000,0x00000007a5c7c7b0,0x00000007a5c80000)
  to   space 51712K, 0% used [0x00000007b1280000,0x00000007b1280000,0x00000007b4500000)
 ParOldGen       total 115200K, used 102805K [0x0000000700000000, 0x0000000707080000, 0x0000000780000000)
  object space 115200K, 89% used [0x0000000700000000,0x00000007064656c8,0x0000000707080000)
 Metaspace       used 83337K, capacity 86828K, committed 87192K, reserved 1124352K
  class space    used 10842K, capacity 11569K, committed 11688K, reserved 1048576K
Event: 57.254 GC heap after
Heap after GC invocations=17 (full 4):
 PSYoungGen      total 619008K, used 0K [0x0000000780000000, 0x00000007b4500000, 0x00000007c0000000)
  eden space 581120K, 0% used [0x0000000780000000,0x0000000780000000,0x00000007a3780000)
  from space 37888K, 0% used [0x00000007a3780000,0x00000007a3780000,0x00000007a5c80000)
  to   space 51712K, 0% used [0x00000007b1280000,0x00000007b1280000,0x00000007b4500000)
 ParOldGen       total 228352K, used 108570K [0x0000000700000000, 0x000000070df00000, 0x0000000780000000)
  object space 228352K, 47% used [0x0000000700000000,0x0000000706a069c0,0x000000070df00000)
 Metaspace       used 83027K, capacity 86048K, committed 87192K, reserved 1124352K
  class space    used 10734K, capacity 11381K, committed 11688K, reserved 1048576K
}
Event: 65.018 GC heap before
{Heap before GC invocations=18 (full 4):
 PSYoungGen      total 619008K, used 580477K [0x0000000780000000, 0x00000007b4500000, 0x00000007c0000000)
  eden space 581120K, 99% used [0x0000000780000000,0x00000007a36df588,0x00000007a3780000)
  from space 37888K, 0% used [0x00000007a3780000,0x00000007a3780000,0x00000007a5c80000)
  to   space 51712K, 0% used [0x00000007b1280000,0x00000007b1280000,0x00000007b4500000)
 ParOldGen       total 228352K, used 108570K [0x0000000700000000, 0x000000070df00000, 0x0000000780000000)
  object space 228352K, 47% used [0x0000000700000000,0x0000000706a069c0,0x000000070df00000)
 Metaspace       used 84354K, capacity 87496K, committed 88344K, reserved 1126400K
  class space    used 10911K, capacity 11579K, committed 11816K, reserved 1048576K
Event: 65.059 GC heap after
Heap after GC invocations=18 (full 4):
 PSYoungGen      total 788992K, used 51696K [0x0000000780000000, 0x00000007b5c00000, 0x00000007c0000000)
  eden space 737280K, 0% used [0x0000000780000000,0x0000000780000000,0x00000007ad000000)
  from space 51712K, 99% used [0x00000007b1280000,0x00000007b44fc198,0x00000007b4500000)
  to   space 68096K, 0% used [0x00000007ad000000,0x00000007ad000000,0x00000007b1280000)
 ParOldGen       total 228352K, used 130870K [0x0000000700000000, 0x000000070df00000, 0x0000000780000000)
  object space 228352K, 57% used [0x0000000700000000,0x0000000707fcd8a0,0x000000070df00000)
 Metaspace       used 84354K, capacity 87496K, committed 88344K, reserved 1126400K
  class space    used 10911K, capacity 11579K, committed 11816K, reserved 1048576K
}
Event: 284.869 GC heap before
{Heap before GC invocations=19 (full 4):
 PSYoungGen      total 788992K, used 788976K [0x0000000780000000, 0x00000007b5c00000, 0x00000007c0000000)
  eden space 737280K, 100% used [0x0000000780000000,0x00000007ad000000,0x00000007ad000000)
  from space 51712K, 99% used [0x00000007b1280000,0x00000007b44fc198,0x00000007b4500000)
  to   space 68096K, 0% used [0x00000007ad000000,0x00000007ad000000,0x00000007b1280000)
 ParOldGen       total 228352K, used 130870K [0x0000000700000000, 0x000000070df00000, 0x0000000780000000)
  object space 228352K, 57% used [0x0000000700000000,0x0000000707fcd8a0,0x000000070df00000)
 Metaspace       used 91276K, capacity 95286K, committed 95640K, reserved 1132544K
  class space    used 11601K, capacity 12356K, committed 12456K, reserved 1048576K
Event: 285.053 GC heap after
Heap after GC invocations=19 (full 4):
 PSYoungGen      total 805376K, used 15389K [0x0000000780000000, 0x00000007bfd80000, 0x00000007c0000000)
  eden space 737280K, 0% used [0x0000000780000000,0x0000000780000000,0x00000007ad000000)
  from space 68096K, 22% used [0x00000007ad000000,0x00000007adf07418,0x00000007b1280000)
  to   space 65536K, 0% used [0x00000007bbd80000,0x00000007bbd80000,0x00000007bfd80000)
 ParOldGen       total 228352K, used 137422K [0x0000000700000000, 0x000000070df00000, 0x0000000780000000)
  object space 228352K, 60% used [0x0000000700000000,0x0000000708633990,0x000000070df00000)
 Metaspace       used 91276K, capacity 95286K, committed 95640K, reserved 1132544K
  class space    used 11601K, capacity 12356K, committed 12456K, reserved 1048576K
}

