# JRE version: OpenJDK Runtime Environment (8.0_152-b01) (build 1.8.0_152-release-1343-b01)
# Java VM: OpenJDK 64-Bit Server VM (25.152-b01 mixed mode windows-amd64 compressed oops)
Heap:
 PSYoungGen      total 581632K, used 369324K [0x0000000780000000, 0x00000007a7d00000, 0x00000007c0000000)
  eden space 529408K, 69% used [0x0000000780000000,0x00000007968ab188,0x00000007a0500000)
  from space 52224K, 0% used [0x00000007a4a00000,0x00000007a4a00000,0x00000007a7d00000)
  to   space 61440K, 0% used [0x00000007a0500000,0x00000007a0500000,0x00000007a4100000)
 ParOldGen       total 239104K, used 83946K [0x0000000700000000, 0x000000070e980000, 0x0000000780000000)
  object space 239104K, 35% used [0x0000000700000000,0x00000007051fa8b0,0x000000070e980000)
 Metaspace       used 112833K, capacity 118308K, committed 118552K, reserved 1153024K
  class space    used 14705K, capacity 15837K, committed 15912K, reserved 1048576K
GC Heap History (10 events):
Event: 46.135 GC heap before
{Heap before GC invocations=14 (full 3):
 PSYoungGen      total 359424K, used 359400K [0x0000000780000000, 0x0000000798680000, 0x00000007c0000000)
  eden space 335360K, 100% used [0x0000000780000000,0x0000000794780000,0x0000000794780000)
  from space 24064K, 99% used [0x0000000796300000,0x0000000797a7a030,0x0000000797a80000)
  to   space 28160K, 0% used [0x0000000794780000,0x0000000794780000,0x0000000796300000)
 ParOldGen       total 146944K, used 37971K [0x0000000700000000, 0x0000000708f80000, 0x0000000780000000)
  object space 146944K, 25% used [0x0000000700000000,0x0000000702514e08,0x0000000708f80000)
 Metaspace       used 71090K, capacity 73696K, committed 74008K, reserved 1114112K
  class space    used 9553K, capacity 10196K, committed 10280K, reserved 1048576K
Event: 46.257 GC heap after
Heap after GC invocations=14 (full 3):
 PSYoungGen      total 363520K, used 28143K [0x0000000780000000, 0x000000079ea80000, 0x00000007c0000000)
  eden space 335360K, 0% used [0x0000000780000000,0x0000000780000000,0x0000000794780000)
  from space 28160K, 99% used [0x0000000794780000,0x00000007962fbe28,0x0000000796300000)
  to   space 39424K, 0% used [0x000000079c400000,0x000000079c400000,0x000000079ea80000)
 ParOldGen       total 146944K, used 56990K [0x0000000700000000, 0x0000000708f80000, 0x0000000780000000)
  object space 146944K, 38% used [0x0000000700000000,0x00000007037a7b80,0x0000000708f80000)
 Metaspace       used 71090K, capacity 73696K, committed 74008K, reserved 1114112K
  class space    used 9553K, capacity 10196K, committed 10280K, reserved 1048576K
}
Event: 647.718 GC heap before
{Heap before GC invocations=15 (full 3):
 PSYoungGen      total 363520K, used 363503K [0x0000000780000000, 0x000000079ea80000, 0x00000007c0000000)
  eden space 335360K, 100% used [0x0000000780000000,0x0000000794780000,0x0000000794780000)
  from space 28160K, 99% used [0x0000000794780000,0x00000007962fbe28,0x0000000796300000)
  to   space 39424K, 0% used [0x000000079c400000,0x000000079c400000,0x000000079ea80000)
 ParOldGen       total 146944K, used 56990K [0x0000000700000000, 0x0000000708f80000, 0x0000000780000000)
  object space 146944K, 38% used [0x0000000700000000,0x00000007037a7b80,0x0000000708f80000)
 Metaspace       used 77469K, capacity 80640K, committed 80920K, reserved 1120256K
  class space    used 10202K, capacity 10986K, committed 11048K, reserved 1048576K
Event: 647.781 GC heap after
Heap after GC invocations=15 (full 3):
 PSYoungGen      total 449024K, used 39421K [0x0000000780000000, 0x000000079f500000, 0x00000007c0000000)
  eden space 409600K, 0% used [0x0000000780000000,0x0000000780000000,0x0000000799000000)
  from space 39424K, 99% used [0x000000079c400000,0x000000079ea7f4e8,0x000000079ea80000)
  to   space 51712K, 0% used [0x0000000799000000,0x0000000799000000,0x000000079c280000)
 ParOldGen       total 146944K, used 74574K [0x0000000700000000, 0x0000000708f80000, 0x0000000780000000)
  object space 146944K, 50% used [0x0000000700000000,0x00000007048d3a08,0x0000000708f80000)
 Metaspace       used 77469K, capacity 80640K, committed 80920K, reserved 1120256K
  class space    used 10202K, capacity 10986K, committed 11048K, reserved 1048576K
}
Event: 655.423 GC heap before
{Heap before GC invocations=16 (full 3):
 PSYoungGen      total 449024K, used 449021K [0x0000000780000000, 0x000000079f500000, 0x00000007c0000000)
  eden space 409600K, 100% used [0x0000000780000000,0x0000000799000000,0x0000000799000000)
  from space 39424K, 99% used [0x000000079c400000,0x000000079ea7f4e8,0x000000079ea80000)
  to   space 51712K, 0% used [0x0000000799000000,0x0000000799000000,0x000000079c280000)
 ParOldGen       total 146944K, used 74574K [0x0000000700000000, 0x0000000708f80000, 0x0000000780000000)
  object space 146944K, 50% used [0x0000000700000000,0x00000007048d3a08,0x0000000708f80000)
 Metaspace       used 90865K, capacity 95002K, committed 95256K, reserved 1132544K
  class space    used 12027K, capacity 12990K, committed 13096K, reserved 1048576K
Event: 655.699 GC heap after
Heap after GC invocations=16 (full 3):
 PSYoungGen      total 461312K, used 51685K [0x0000000780000000, 0x00000007a8800000, 0x00000007c0000000)
  eden space 409600K, 0% used [0x0000000780000000,0x0000000780000000,0x0000000799000000)
  from space 51712K, 99% used [0x0000000799000000,0x000000079c2797d8,0x000000079c280000)
  to   space 63488K, 0% used [0x00000007a4a00000,0x00000007a4a00000,0x00000007a8800000)
 ParOldGen       total 146944K, used 83972K [0x0000000700000000, 0x0000000708f80000, 0x0000000780000000)
  object space 146944K, 57% used [0x0000000700000000,0x00000007052011c0,0x0000000708f80000)
 Metaspace       used 90865K, capacity 95002K, committed 95256K, reserved 1132544K
  class space    used 12027K, capacity 12990K, committed 13096K, reserved 1048576K
}
Event: 663.542 GC heap before
{Heap before GC invocations=17 (full 3):
 PSYoungGen      total 461312K, used 183688K [0x0000000780000000, 0x00000007a8800000, 0x00000007c0000000)
  eden space 409600K, 32% used [0x0000000780000000,0x00000007880e8a58,0x0000000799000000)
  from space 51712K, 99% used [0x0000000799000000,0x000000079c2797d8,0x000000079c280000)
  to   space 63488K, 0% used [0x00000007a4a00000,0x00000007a4a00000,0x00000007a8800000)
 ParOldGen       total 146944K, used 83972K [0x0000000700000000, 0x0000000708f80000, 0x0000000780000000)
  object space 146944K, 57% used [0x0000000700000000,0x00000007052011c0,0x0000000708f80000)
 Metaspace       used 94336K, capacity 98528K, committed 98600K, reserved 1134592K
  class space    used 12510K, capacity 13479K, committed 13480K, reserved 1048576K
Event: 663.609 GC heap after
Heap after GC invocations=17 (full 3):
 PSYoungGen      total 581632K, used 29465K [0x0000000780000000, 0x00000007a7d00000, 0x00000007c0000000)
  eden space 529408K, 0% used [0x0000000780000000,0x0000000780000000,0x00000007a0500000)
  from space 52224K, 56% used [0x00000007a4a00000,0x00000007a66c6630,0x00000007a7d00000)
  to   space 61440K, 0% used [0x00000007a0500000,0x00000007a0500000,0x00000007a4100000)
 ParOldGen       total 146944K, used 110074K [0x0000000700000000, 0x0000000708f80000, 0x0000000780000000)
  object space 146944K, 74% used [0x0000000700000000,0x0000000706b7e868,0x0000000708f80000)
 Metaspace       used 94336K, capacity 98528K, committed 98600K, reserved 1134592K
  class space    used 12510K, capacity 13479K, committed 13480K, reserved 1048576K
}
Event: 663.609 GC heap before
{Heap before GC invocations=18 (full 4):
 PSYoungGen      total 581632K, used 29465K [0x0000000780000000, 0x00000007a7d00000, 0x00000007c0000000)
  eden space 529408K, 0% used [0x0000000780000000,0x0000000780000000,0x00000007a0500000)
  from space 52224K, 56% used [0x00000007a4a00000,0x00000007a66c6630,0x00000007a7d00000)
  to   space 61440K, 0% used [0x00000007a0500000,0x00000007a0500000,0x00000007a4100000)
 ParOldGen       total 146944K, used 110074K [0x0000000700000000, 0x0000000708f80000, 0x0000000780000000)
  object space 146944K, 74% used [0x0000000700000000,0x0000000706b7e868,0x0000000708f80000)
 Metaspace       used 94336K, capacity 98528K, committed 98600K, reserved 1134592K
  class space    used 12510K, capacity 13479K, committed 13480K, reserved 1048576K
Event: 663.933 GC heap after
Heap after GC invocations=18 (full 4):
 PSYoungGen      total 581632K, used 0K [0x0000000780000000, 0x00000007a7d00000, 0x00000007c0000000)
  eden space 529408K, 0% used [0x0000000780000000,0x0000000780000000,0x00000007a0500000)
  from space 52224K, 0% used [0x00000007a4a00000,0x00000007a4a00000,0x00000007a7d00000)
  to   space 61440K, 0% used [0x00000007a0500000,0x00000007a0500000,0x00000007a4100000)
 ParOldGen       total 239104K, used 83946K [0x0000000700000000, 0x000000070e980000, 0x0000000780000000)
  object space 239104K, 35% used [0x0000000700000000,0x00000007051fa8b0,0x000000070e980000)
 Metaspace       used 94334K, capacity 98526K, committed 98600K, reserved 1134592K
  class space    used 12509K, capacity 13478K, committed 13480K, reserved 1048576K
}

