# JRE version: OpenJDK Runtime Environment (8.0_152-b01) (build 1.8.0_152-release-1343-b01)
# Java VM: OpenJDK 64-Bit Server VM (25.152-b01 mixed mode windows-amd64 compressed oops)
Heap:
 PSYoungGen      total 564224K, used 382272K [0x0000000780000000, 0x00000007aa800000, 0x00000007c0000000)
  eden space 531456K, 68% used [0x0000000780000000,0x0000000796126010,0x00000007a0700000)
  from space 32768K, 63% used [0x00000007a0700000,0x00000007a1b2a058,0x00000007a2700000)
  to   space 33280K, 0% used [0x00000007a8780000,0x00000007a8780000,0x00000007aa800000)
 ParOldGen       total 140800K, used 44406K [0x0000000700000000, 0x0000000708980000, 0x0000000780000000)
  object space 140800K, 31% used [0x0000000700000000,0x0000000702b5db78,0x0000000708980000)
 Metaspace       used 92240K, capacity 96002K, committed 96168K, reserved 1132544K
  class space    used 11432K, capacity 12153K, committed 12200K, reserved 1048576K
GC Heap History (10 events):
Event: 123.523 GC heap before
{Heap before GC invocations=20 (full 5):
 PSYoungGen      total 432128K, used 403456K [0x0000000780000000, 0x000000079c380000, 0x00000007c0000000)
  eden space 403456K, 100% used [0x0000000780000000,0x0000000798a00000,0x0000000798a00000)
  from space 28672K, 0% used [0x000000079a680000,0x000000079a680000,0x000000079c280000)
  to   space 29184K, 0% used [0x0000000798a00000,0x0000000798a00000,0x000000079a680000)
 ParOldGen       total 140800K, used 44350K [0x0000000700000000, 0x0000000708980000, 0x0000000780000000)
  object space 140800K, 31% used [0x0000000700000000,0x0000000702b4fb78,0x0000000708980000)
 Metaspace       used 88704K, capacity 92226K, committed 92456K, reserved 1130496K
  class space    used 11107K, capacity 11759K, committed 11816K, reserved 1048576K
Event: 123.570 GC heap after
Heap after GC invocations=20 (full 5):
 PSYoungGen      total 432640K, used 17639K [0x0000000780000000, 0x000000079fe00000, 0x00000007c0000000)
  eden space 403456K, 0% used [0x0000000780000000,0x0000000780000000,0x0000000798a00000)
  from space 29184K, 60% used [0x0000000798a00000,0x0000000799b39c10,0x000000079a680000)
  to   space 29696K, 0% used [0x000000079e100000,0x000000079e100000,0x000000079fe00000)
 ParOldGen       total 140800K, used 44358K [0x0000000700000000, 0x0000000708980000, 0x0000000780000000)
  object space 140800K, 31% used [0x0000000700000000,0x0000000702b51b78,0x0000000708980000)
 Metaspace       used 88704K, capacity 92226K, committed 92456K, reserved 1130496K
  class space    used 11107K, capacity 11759K, committed 11816K, reserved 1048576K
}
Event: 154.677 GC heap before
{Heap before GC invocations=21 (full 5):
 PSYoungGen      total 432640K, used 421095K [0x0000000780000000, 0x000000079fe00000, 0x00000007c0000000)
  eden space 403456K, 100% used [0x0000000780000000,0x0000000798a00000,0x0000000798a00000)
  from space 29184K, 60% used [0x0000000798a00000,0x0000000799b39c10,0x000000079a680000)
  to   space 29696K, 0% used [0x000000079e100000,0x000000079e100000,0x000000079fe00000)
 ParOldGen       total 140800K, used 44358K [0x0000000700000000, 0x0000000708980000, 0x0000000780000000)
  object space 140800K, 31% used [0x0000000700000000,0x0000000702b51b78,0x0000000708980000)
 Metaspace       used 91158K, capacity 94856K, committed 95016K, reserved 1132544K
  class space    used 11365K, capacity 12060K, committed 12072K, reserved 1048576K
Event: 154.714 GC heap after
Heap after GC invocations=21 (full 5):
 PSYoungGen      total 472064K, used 18944K [0x0000000780000000, 0x000000079f480000, 0x00000007c0000000)
  eden space 452096K, 0% used [0x0000000780000000,0x0000000780000000,0x000000079b980000)
  from space 19968K, 94% used [0x000000079e100000,0x000000079f3801f0,0x000000079f480000)
  to   space 30208K, 0% used [0x000000079b980000,0x000000079b980000,0x000000079d700000)
 ParOldGen       total 140800K, used 44382K [0x0000000700000000, 0x0000000708980000, 0x0000000780000000)
  object space 140800K, 31% used [0x0000000700000000,0x0000000702b57b78,0x0000000708980000)
 Metaspace       used 91158K, capacity 94856K, committed 95016K, reserved 1132544K
  class space    used 11365K, capacity 12060K, committed 12072K, reserved 1048576K
}
Event: 156.677 GC heap before
{Heap before GC invocations=22 (full 5):
 PSYoungGen      total 472064K, used 471040K [0x0000000780000000, 0x000000079f480000, 0x00000007c0000000)
  eden space 452096K, 100% used [0x0000000780000000,0x000000079b980000,0x000000079b980000)
  from space 19968K, 94% used [0x000000079e100000,0x000000079f3801f0,0x000000079f480000)
  to   space 30208K, 0% used [0x000000079b980000,0x000000079b980000,0x000000079d700000)
 ParOldGen       total 140800K, used 44382K [0x0000000700000000, 0x0000000708980000, 0x0000000780000000)
  object space 140800K, 31% used [0x0000000700000000,0x0000000702b57b78,0x0000000708980000)
 Metaspace       used 91706K, capacity 95450K, committed 95656K, reserved 1132544K
  class space    used 11413K, capacity 12117K, committed 12200K, reserved 1048576K
Event: 156.754 GC heap after
Heap after GC invocations=22 (full 5):
 PSYoungGen      total 482304K, used 18080K [0x0000000780000000, 0x00000007a4480000, 0x00000007c0000000)
  eden space 452096K, 0% used [0x0000000780000000,0x0000000780000000,0x000000079b980000)
  from space 30208K, 59% used [0x000000079b980000,0x000000079cb28318,0x000000079d700000)
  to   space 30208K, 0% used [0x00000007a2700000,0x00000007a2700000,0x00000007a4480000)
 ParOldGen       total 140800K, used 44390K [0x0000000700000000, 0x0000000708980000, 0x0000000780000000)
  object space 140800K, 31% used [0x0000000700000000,0x0000000702b59b78,0x0000000708980000)
 Metaspace       used 91706K, capacity 95450K, committed 95656K, reserved 1132544K
  class space    used 11413K, capacity 12117K, committed 12200K, reserved 1048576K
}
Event: 157.753 GC heap before
{Heap before GC invocations=23 (full 5):
 PSYoungGen      total 482304K, used 470176K [0x0000000780000000, 0x00000007a4480000, 0x00000007c0000000)
  eden space 452096K, 100% used [0x0000000780000000,0x000000079b980000,0x000000079b980000)
  from space 30208K, 59% used [0x000000079b980000,0x000000079cb28318,0x000000079d700000)
  to   space 30208K, 0% used [0x00000007a2700000,0x00000007a2700000,0x00000007a4480000)
 ParOldGen       total 140800K, used 44390K [0x0000000700000000, 0x0000000708980000, 0x0000000780000000)
  object space 140800K, 31% used [0x0000000700000000,0x0000000702b59b78,0x0000000708980000)
 Metaspace       used 91918K, capacity 95708K, committed 95912K, reserved 1132544K
  class space    used 11431K, capacity 12152K, committed 12200K, reserved 1048576K
Event: 157.824 GC heap after
Heap after GC invocations=23 (full 5):
 PSYoungGen      total 561664K, used 24763K [0x0000000780000000, 0x00000007a6b00000, 0x00000007c0000000)
  eden space 531456K, 0% used [0x0000000780000000,0x0000000780000000,0x00000007a0700000)
  from space 30208K, 81% used [0x00000007a2700000,0x00000007a3f2ef68,0x00000007a4480000)
  to   space 32768K, 0% used [0x00000007a0700000,0x00000007a0700000,0x00000007a2700000)
 ParOldGen       total 140800K, used 44398K [0x0000000700000000, 0x0000000708980000, 0x0000000780000000)
  object space 140800K, 31% used [0x0000000700000000,0x0000000702b5bb78,0x0000000708980000)
 Metaspace       used 91918K, capacity 95708K, committed 95912K, reserved 1132544K
  class space    used 11431K, capacity 12152K, committed 12200K, reserved 1048576K
}
Event: 159.473 GC heap before
{Heap before GC invocations=24 (full 5):
 PSYoungGen      total 561664K, used 556219K [0x0000000780000000, 0x00000007a6b00000, 0x00000007c0000000)
  eden space 531456K, 100% used [0x0000000780000000,0x00000007a0700000,0x00000007a0700000)
  from space 30208K, 81% used [0x00000007a2700000,0x00000007a3f2ef68,0x00000007a4480000)
  to   space 32768K, 0% used [0x00000007a0700000,0x00000007a0700000,0x00000007a2700000)
 ParOldGen       total 140800K, used 44398K [0x0000000700000000, 0x0000000708980000, 0x0000000780000000)
  object space 140800K, 31% used [0x0000000700000000,0x0000000702b5bb78,0x0000000708980000)
 Metaspace       used 92182K, capacity 95938K, committed 96168K, reserved 1132544K
  class space    used 11432K, capacity 12153K, committed 12200K, reserved 1048576K
Event: 159.551 GC heap after
Heap after GC invocations=24 (full 5):
 PSYoungGen      total 564224K, used 20648K [0x0000000780000000, 0x00000007aa800000, 0x00000007c0000000)
  eden space 531456K, 0% used [0x0000000780000000,0x0000000780000000,0x00000007a0700000)
  from space 32768K, 63% used [0x00000007a0700000,0x00000007a1b2a058,0x00000007a2700000)
  to   space 33280K, 0% used [0x00000007a8780000,0x00000007a8780000,0x00000007aa800000)
 ParOldGen       total 140800K, used 44406K [0x0000000700000000, 0x0000000708980000, 0x0000000780000000)
  object space 140800K, 31% used [0x0000000700000000,0x0000000702b5db78,0x0000000708980000)
 Metaspace       used 92182K, capacity 95938K, committed 96168K, reserved 1132544K
  class space    used 11432K, capacity 12153K, committed 12200K, reserved 1048576K
}

