# JRE version: OpenJDK Runtime Environment (8.0_152-b01) (build 1.8.0_152-release-1343-b01)
# Java VM: OpenJDK 64-Bit Server VM (25.152-b01 mixed mode windows-amd64 compressed oops)
Heap:
 PSYoungGen      total 396288K, used 396269K [0x0000000780000000, 0x000000079a280000, 0x00000007c0000000)
  eden space 378368K, 100% used [0x0000000780000000,0x0000000797180000,0x0000000797180000)
  from space 17920K, 99% used [0x0000000798f80000,0x000000079a0fb588,0x000000079a100000)
  to   space 25088K, 35% used [0x0000000797180000,0x0000000797a3ad50,0x0000000798a00000)
 ParOldGen       total 102912K, used 61228K [0x0000000700000000, 0x0000000706480000, 0x0000000780000000)
  object space 102912K, 59% used [0x0000000700000000,0x0000000703bcb040,0x0000000706480000)
 Metaspace       used 75908K, capacity 78848K, committed 79064K, reserved 1118208K
  class space    used 10036K, capacity 10660K, committed 10712K, reserved 1048576K
GC Heap History (10 events):
Event: 8.038 GC heap after
Heap after GC invocations=11 (full 2):
 PSYoungGen      total 196096K, used 13812K [0x0000000780000000, 0x0000000792b80000, 0x00000007c0000000)
  eden space 182272K, 0% used [0x0000000780000000,0x0000000780000000,0x000000078b200000)
  from space 13824K, 99% used [0x000000078b200000,0x000000078bf7d3a0,0x000000078bf80000)
  to   space 16384K, 0% used [0x0000000791b80000,0x0000000791b80000,0x0000000792b80000)
 ParOldGen       total 74240K, used 18605K [0x0000000700000000, 0x0000000704880000, 0x0000000780000000)
  object space 74240K, 25% used [0x0000000700000000,0x000000070122b738,0x0000000704880000)
 Metaspace       used 45915K, capacity 46914K, committed 47232K, reserved 1089536K
  class space    used 6205K, capacity 6475K, committed 6528K, reserved 1048576K
}
Event: 9.978 GC heap before
{Heap before GC invocations=12 (full 2):
 PSYoungGen      total 196096K, used 196084K [0x0000000780000000, 0x0000000792b80000, 0x00000007c0000000)
  eden space 182272K, 100% used [0x0000000780000000,0x000000078b200000,0x000000078b200000)
  from space 13824K, 99% used [0x000000078b200000,0x000000078bf7d3a0,0x000000078bf80000)
  to   space 16384K, 0% used [0x0000000791b80000,0x0000000791b80000,0x0000000792b80000)
 ParOldGen       total 74240K, used 18605K [0x0000000700000000, 0x0000000704880000, 0x0000000780000000)
  object space 74240K, 25% used [0x0000000700000000,0x000000070122b738,0x0000000704880000)
 Metaspace       used 51025K, capacity 52098K, committed 52224K, reserved 1093632K
  class space    used 6817K, capacity 7123K, committed 7168K, reserved 1048576K
Event: 9.996 GC heap after
Heap after GC invocations=12 (full 2):
 PSYoungGen      total 285696K, used 16365K [0x0000000780000000, 0x0000000792b80000, 0x00000007c0000000)
  eden space 269312K, 0% used [0x0000000780000000,0x0000000780000000,0x0000000790700000)
  from space 16384K, 99% used [0x0000000791b80000,0x0000000792b7b748,0x0000000792b80000)
  to   space 18432K, 0% used [0x0000000790780000,0x0000000790780000,0x0000000791980000)
 ParOldGen       total 74240K, used 19065K [0x0000000700000000, 0x0000000704880000, 0x0000000780000000)
  object space 74240K, 25% used [0x0000000700000000,0x000000070129e658,0x0000000704880000)
 Metaspace       used 51025K, capacity 52098K, committed 52224K, reserved 1093632K
  class space    used 6817K, capacity 7123K, committed 7168K, reserved 1048576K
}
Event: 11.332 GC heap before
{Heap before GC invocations=13 (full 2):
 PSYoungGen      total 285696K, used 101510K [0x0000000780000000, 0x0000000792b80000, 0x00000007c0000000)
  eden space 269312K, 31% used [0x0000000780000000,0x0000000785326490,0x0000000790700000)
  from space 16384K, 99% used [0x0000000791b80000,0x0000000792b7b748,0x0000000792b80000)
  to   space 18432K, 0% used [0x0000000790780000,0x0000000790780000,0x0000000791980000)
 ParOldGen       total 74240K, used 19065K [0x0000000700000000, 0x0000000704880000, 0x0000000780000000)
  object space 74240K, 25% used [0x0000000700000000,0x000000070129e658,0x0000000704880000)
 Metaspace       used 57566K, capacity 59032K, committed 59096K, reserved 1099776K
  class space    used 7731K, capacity 8104K, committed 8152K, reserved 1048576K
Event: 11.359 GC heap after
Heap after GC invocations=13 (full 2):
 PSYoungGen      total 288256K, used 8909K [0x0000000780000000, 0x000000079a100000, 0x00000007c0000000)
  eden space 269824K, 0% used [0x0000000780000000,0x0000000780000000,0x0000000790780000)
  from space 18432K, 48% used [0x0000000790780000,0x00000007910334a8,0x0000000791980000)
  to   space 17920K, 0% used [0x0000000798f80000,0x0000000798f80000,0x000000079a100000)
 ParOldGen       total 74240K, used 28724K [0x0000000700000000, 0x0000000704880000, 0x0000000780000000)
  object space 74240K, 38% used [0x0000000700000000,0x0000000701c0d378,0x0000000704880000)
 Metaspace       used 57566K, capacity 59032K, committed 59096K, reserved 1099776K
  class space    used 7731K, capacity 8104K, committed 8152K, reserved 1048576K
}
Event: 11.359 GC heap before
{Heap before GC invocations=14 (full 3):
 PSYoungGen      total 288256K, used 8909K [0x0000000780000000, 0x000000079a100000, 0x00000007c0000000)
  eden space 269824K, 0% used [0x0000000780000000,0x0000000780000000,0x0000000790780000)
  from space 18432K, 48% used [0x0000000790780000,0x00000007910334a8,0x0000000791980000)
  to   space 17920K, 0% used [0x0000000798f80000,0x0000000798f80000,0x000000079a100000)
 ParOldGen       total 74240K, used 28724K [0x0000000700000000, 0x0000000704880000, 0x0000000780000000)
  object space 74240K, 38% used [0x0000000700000000,0x0000000701c0d378,0x0000000704880000)
 Metaspace       used 57566K, capacity 59032K, committed 59096K, reserved 1099776K
  class space    used 7731K, capacity 8104K, committed 8152K, reserved 1048576K
Event: 11.700 GC heap after
Heap after GC invocations=14 (full 3):
 PSYoungGen      total 288256K, used 0K [0x0000000780000000, 0x000000079a100000, 0x00000007c0000000)
  eden space 269824K, 0% used [0x0000000780000000,0x0000000780000000,0x0000000790780000)
  from space 18432K, 0% used [0x0000000790780000,0x0000000790780000,0x0000000791980000)
  to   space 17920K, 0% used [0x0000000798f80000,0x0000000798f80000,0x000000079a100000)
 ParOldGen       total 102912K, used 33563K [0x0000000700000000, 0x0000000706480000, 0x0000000780000000)
  object space 102912K, 32% used [0x0000000700000000,0x00000007020c6ed8,0x0000000706480000)
 Metaspace       used 57566K, capacity 59032K, committed 59096K, reserved 1099776K
  class space    used 7731K, capacity 8104K, committed 8152K, reserved 1048576K
}
Event: 15.447 GC heap before
{Heap before GC invocations=15 (full 3):
 PSYoungGen      total 288256K, used 269824K [0x0000000780000000, 0x000000079a100000, 0x00000007c0000000)
  eden space 269824K, 100% used [0x0000000780000000,0x0000000790780000,0x0000000790780000)
  from space 18432K, 0% used [0x0000000790780000,0x0000000790780000,0x0000000791980000)
  to   space 17920K, 0% used [0x0000000798f80000,0x0000000798f80000,0x000000079a100000)
 ParOldGen       total 102912K, used 33563K [0x0000000700000000, 0x0000000706480000, 0x0000000780000000)
  object space 102912K, 32% used [0x0000000700000000,0x00000007020c6ed8,0x0000000706480000)
 Metaspace       used 67025K, capacity 69234K, committed 69592K, reserved 1110016K
  class space    used 9057K, capacity 9563K, committed 9688K, reserved 1048576K
Event: 15.530 GC heap after
Heap after GC invocations=15 (full 3):
 PSYoungGen      total 396288K, used 17901K [0x0000000780000000, 0x000000079a280000, 0x00000007c0000000)
  eden space 378368K, 0% used [0x0000000780000000,0x0000000780000000,0x0000000797180000)
  from space 17920K, 99% used [0x0000000798f80000,0x000000079a0fb588,0x000000079a100000)
  to   space 25088K, 0% used [0x0000000797180000,0x0000000797180000,0x0000000798a00000)
 ParOldGen       total 102912K, used 46629K [0x0000000700000000, 0x0000000706480000, 0x0000000780000000)
  object space 102912K, 45% used [0x0000000700000000,0x0000000702d89610,0x0000000706480000)
 Metaspace       used 67025K, capacity 69234K, committed 69592K, reserved 1110016K
  class space    used 9057K, capacity 9563K, committed 9688K, reserved 1048576K
}
Event: 118.738 GC heap before
{Heap before GC invocations=16 (full 3):
 PSYoungGen      total 396288K, used 396269K [0x0000000780000000, 0x000000079a280000, 0x00000007c0000000)
  eden space 378368K, 100% used [0x0000000780000000,0x0000000797180000,0x0000000797180000)
  from space 17920K, 99% used [0x0000000798f80000,0x000000079a0fb588,0x000000079a100000)
  to   space 25088K, 0% used [0x0000000797180000,0x0000000797180000,0x0000000798a00000)
 ParOldGen       total 102912K, used 46629K [0x0000000700000000, 0x0000000706480000, 0x0000000780000000)
  object space 102912K, 45% used [0x0000000700000000,0x0000000702d89610,0x0000000706480000)
 Metaspace       used 75908K, capacity 78848K, committed 79064K, reserved 1118208K
  class space    used 10036K, capacity 10660K, committed 10712K, reserved 1048576K

