# JRE version: OpenJDK Runtime Environment (8.0_202-b03) (build 1.8.0_202-release-1483-b03)
# Java VM: OpenJDK 64-Bit Server VM (25.202-b03 mixed mode windows-amd64 compressed oops)
Heap:
 PSYoungGen      total 257536K, used 85895K [0x0000000780000000, 0x0000000795580000, 0x00000007c0000000)
  eden space 231424K, 25% used [0x0000000780000000,0x0000000783a63d70,0x000000078e200000)
  from space 26112K, 99% used [0x000000078e200000,0x000000078fb7e150,0x000000078fb80000)
  to   space 37888K, 0% used [0x0000000793080000,0x0000000793080000,0x0000000795580000)
 ParOldGen       total 147968K, used 59912K [0x0000000700000000, 0x0000000709080000, 0x0000000780000000)
  object space 147968K, 40% used [0x0000000700000000,0x0000000703a821d8,0x0000000709080000)
 Metaspace       used 74482K, capacity 77414K, committed 77528K, reserved 1116160K
  class space    used 9773K, capacity 10394K, committed 10496K, reserved 1048576K
GC Heap History (10 events):
Event: 8.242 GC heap before
{Heap before GC invocations=12 (full 2):
 PSYoungGen      total 165888K, used 124189K [0x0000000780000000, 0x000000078e300000, 0x00000007c0000000)
  eden space 153088K, 72% used [0x0000000780000000,0x0000000786cc87f0,0x0000000789580000)
  from space 12800K, 99% used [0x0000000789580000,0x000000078a1fef00,0x000000078a200000)
  to   space 16896K, 0% used [0x000000078d280000,0x000000078d280000,0x000000078e300000)
 ParOldGen       total 98304K, used 22183K [0x0000000700000000, 0x0000000706000000, 0x0000000780000000)
  object space 98304K, 22% used [0x0000000700000000,0x00000007015a9dd8,0x0000000706000000)
 Metaspace       used 57257K, capacity 58862K, committed 59028K, reserved 1099776K
  class space    used 7806K, capacity 8172K, committed 8192K, reserved 1048576K
Event: 8.271 GC heap after
Heap after GC invocations=12 (full 2):
 PSYoungGen      total 211456K, used 16869K [0x0000000780000000, 0x000000078e800000, 0x00000007c0000000)
  eden space 194560K, 0% used [0x0000000780000000,0x0000000780000000,0x000000078be00000)
  from space 16896K, 99% used [0x000000078d280000,0x000000078e2f96a8,0x000000078e300000)
  to   space 20992K, 0% used [0x000000078be00000,0x000000078be00000,0x000000078d280000)
 ParOldGen       total 98304K, used 26949K [0x0000000700000000, 0x0000000706000000, 0x0000000780000000)
  object space 98304K, 27% used [0x0000000700000000,0x0000000701a51488,0x0000000706000000)
 Metaspace       used 57257K, capacity 58862K, committed 59028K, reserved 1099776K
  class space    used 7806K, capacity 8172K, committed 8192K, reserved 1048576K
}
Event: 8.271 GC heap before
{Heap before GC invocations=13 (full 3):
 PSYoungGen      total 211456K, used 16869K [0x0000000780000000, 0x000000078e800000, 0x00000007c0000000)
  eden space 194560K, 0% used [0x0000000780000000,0x0000000780000000,0x000000078be00000)
  from space 16896K, 99% used [0x000000078d280000,0x000000078e2f96a8,0x000000078e300000)
  to   space 20992K, 0% used [0x000000078be00000,0x000000078be00000,0x000000078d280000)
 ParOldGen       total 98304K, used 26949K [0x0000000700000000, 0x0000000706000000, 0x0000000780000000)
  object space 98304K, 27% used [0x0000000700000000,0x0000000701a51488,0x0000000706000000)
 Metaspace       used 57257K, capacity 58862K, committed 59028K, reserved 1099776K
  class space    used 7806K, capacity 8172K, committed 8192K, reserved 1048576K
Event: 8.535 GC heap after
Heap after GC invocations=13 (full 3):
 PSYoungGen      total 211456K, used 0K [0x0000000780000000, 0x000000078e800000, 0x00000007c0000000)
  eden space 194560K, 0% used [0x0000000780000000,0x0000000780000000,0x000000078be00000)
  from space 16896K, 0% used [0x000000078d280000,0x000000078d280000,0x000000078e300000)
  to   space 20992K, 0% used [0x000000078be00000,0x000000078be00000,0x000000078d280000)
 ParOldGen       total 147968K, used 35836K [0x0000000700000000, 0x0000000709080000, 0x0000000780000000)
  object space 147968K, 24% used [0x0000000700000000,0x00000007022ff0f0,0x0000000709080000)
 Metaspace       used 57257K, capacity 58862K, committed 59028K, reserved 1099776K
  class space    used 7806K, capacity 8172K, committed 8192K, reserved 1048576K
}
Event: 22.920 GC heap before
{Heap before GC invocations=14 (full 3):
 PSYoungGen      total 211456K, used 194560K [0x0000000780000000, 0x000000078e800000, 0x00000007c0000000)
  eden space 194560K, 100% used [0x0000000780000000,0x000000078be00000,0x000000078be00000)
  from space 16896K, 0% used [0x000000078d280000,0x000000078d280000,0x000000078e300000)
  to   space 20992K, 0% used [0x000000078be00000,0x000000078be00000,0x000000078d280000)
 ParOldGen       total 147968K, used 35836K [0x0000000700000000, 0x0000000709080000, 0x0000000780000000)
  object space 147968K, 24% used [0x0000000700000000,0x00000007022ff0f0,0x0000000709080000)
 Metaspace       used 65857K, capacity 68312K, committed 68440K, reserved 1107968K
  class space    used 8788K, capacity 9313K, committed 9344K, reserved 1048576K
Event: 22.990 GC heap after
Heap after GC invocations=14 (full 3):
 PSYoungGen      total 215552K, used 16284K [0x0000000780000000, 0x0000000791100000, 0x00000007c0000000)
  eden space 194560K, 0% used [0x0000000780000000,0x0000000780000000,0x000000078be00000)
  from space 20992K, 77% used [0x000000078be00000,0x000000078cde73b0,0x000000078d280000)
  to   space 22016K, 0% used [0x000000078fb80000,0x000000078fb80000,0x0000000791100000)
 ParOldGen       total 147968K, used 35844K [0x0000000700000000, 0x0000000709080000, 0x0000000780000000)
  object space 147968K, 24% used [0x0000000700000000,0x00000007023010f0,0x0000000709080000)
 Metaspace       used 65857K, capacity 68312K, committed 68440K, reserved 1107968K
  class space    used 8788K, capacity 9313K, committed 9344K, reserved 1048576K
}
Event: 25.191 GC heap before
{Heap before GC invocations=15 (full 3):
 PSYoungGen      total 215552K, used 210844K [0x0000000780000000, 0x0000000791100000, 0x00000007c0000000)
  eden space 194560K, 100% used [0x0000000780000000,0x000000078be00000,0x000000078be00000)
  from space 20992K, 77% used [0x000000078be00000,0x000000078cde73b0,0x000000078d280000)
  to   space 22016K, 0% used [0x000000078fb80000,0x000000078fb80000,0x0000000791100000)
 ParOldGen       total 147968K, used 35844K [0x0000000700000000, 0x0000000709080000, 0x0000000780000000)
  object space 147968K, 24% used [0x0000000700000000,0x00000007023010f0,0x0000000709080000)
 Metaspace       used 69585K, capacity 72156K, committed 72280K, reserved 1112064K
  class space    used 9193K, capacity 9757K, committed 9856K, reserved 1048576K
Event: 25.224 GC heap after
Heap after GC invocations=15 (full 3):
 PSYoungGen      total 253440K, used 22014K [0x0000000780000000, 0x0000000791680000, 0x00000007c0000000)
  eden space 231424K, 0% used [0x0000000780000000,0x0000000780000000,0x000000078e200000)
  from space 22016K, 99% used [0x000000078fb80000,0x00000007910ff800,0x0000000791100000)
  to   space 26112K, 0% used [0x000000078e200000,0x000000078e200000,0x000000078fb80000)
 ParOldGen       total 147968K, used 38417K [0x0000000700000000, 0x0000000709080000, 0x0000000780000000)
  object space 147968K, 25% used [0x0000000700000000,0x0000000702584430,0x0000000709080000)
 Metaspace       used 69585K, capacity 72156K, committed 72280K, reserved 1112064K
  class space    used 9193K, capacity 9757K, committed 9856K, reserved 1048576K
}
Event: 29.113 GC heap before
{Heap before GC invocations=16 (full 3):
 PSYoungGen      total 253440K, used 253438K [0x0000000780000000, 0x0000000791680000, 0x00000007c0000000)
  eden space 231424K, 100% used [0x0000000780000000,0x000000078e200000,0x000000078e200000)
  from space 22016K, 99% used [0x000000078fb80000,0x00000007910ff800,0x0000000791100000)
  to   space 26112K, 0% used [0x000000078e200000,0x000000078e200000,0x000000078fb80000)
 ParOldGen       total 147968K, used 38417K [0x0000000700000000, 0x0000000709080000, 0x0000000780000000)
  object space 147968K, 25% used [0x0000000700000000,0x0000000702584430,0x0000000709080000)
 Metaspace       used 73736K, capacity 76702K, committed 76888K, reserved 1116160K
  class space    used 9710K, capacity 10356K, committed 10368K, reserved 1048576K
Event: 29.165 GC heap after
Heap after GC invocations=16 (full 3):
 PSYoungGen      total 257536K, used 26104K [0x0000000780000000, 0x0000000795580000, 0x00000007c0000000)
  eden space 231424K, 0% used [0x0000000780000000,0x0000000780000000,0x000000078e200000)
  from space 26112K, 99% used [0x000000078e200000,0x000000078fb7e150,0x000000078fb80000)
  to   space 37888K, 0% used [0x0000000793080000,0x0000000793080000,0x0000000795580000)
 ParOldGen       total 147968K, used 59912K [0x0000000700000000, 0x0000000709080000, 0x0000000780000000)
  object space 147968K, 40% used [0x0000000700000000,0x0000000703a821d8,0x0000000709080000)
 Metaspace       used 73736K, capacity 76702K, committed 76888K, reserved 1116160K
  class space    used 9710K, capacity 10356K, committed 10368K, reserved 1048576K
}

