# JRE version: OpenJDK Runtime Environment (8.0_152-b01) (build 1.8.0_152-release-1343-b01)
# Java VM: OpenJDK 64-Bit Server VM (25.152-b01 mixed mode windows-amd64 compressed oops)
Heap:
 PSYoungGen      total 378880K, used 258791K [0x0000000780000000, 0x000000079c980000, 0x00000007c0000000)
  eden space 360448K, 66% used [0x0000000780000000,0x000000078eb28c60,0x0000000796000000)
  from space 18432K, 97% used [0x000000079b780000,0x000000079c911140,0x000000079c980000)
  to   space 36864K, 0% used [0x0000000798180000,0x0000000798180000,0x000000079a580000)
 ParOldGen       total 130048K, used 51150K [0x0000000700000000, 0x0000000707f00000, 0x0000000780000000)
  object space 130048K, 39% used [0x0000000700000000,0x00000007031f3848,0x0000000707f00000)
 Metaspace       used 92074K, capacity 96928K, committed 97048K, reserved 1134592K
  class space    used 11623K, capacity 12556K, committed 12568K, reserved 1048576K
GC Heap History (10 events):
Event: 219.035 GC heap before
{Heap before GC invocations=19 (full 3):
 PSYoungGen      total 398848K, used 381220K [0x0000000780000000, 0x000000079d180000, 0x00000007c0000000)
  eden space 364032K, 100% used [0x0000000780000000,0x0000000796380000,0x0000000796380000)
  from space 34816K, 49% used [0x0000000796380000,0x00000007974490e0,0x0000000798580000)
  to   space 33280K, 0% used [0x000000079b100000,0x000000079b100000,0x000000079d180000)
 ParOldGen       total 130048K, used 51110K [0x0000000700000000, 0x0000000707f00000, 0x0000000780000000)
  object space 130048K, 39% used [0x0000000700000000,0x00000007031e9848,0x0000000707f00000)
 Metaspace       used 89894K, capacity 93970K, committed 94104K, reserved 1130496K
  class space    used 11497K, capacity 12325K, committed 12440K, reserved 1048576K
Event: 219.096 GC heap after
Heap after GC invocations=19 (full 3):
 PSYoungGen      total 440832K, used 27717K [0x0000000780000000, 0x000000079d980000, 0x00000007c0000000)
  eden space 407552K, 0% used [0x0000000780000000,0x0000000780000000,0x0000000798e00000)
  from space 33280K, 83% used [0x000000079b100000,0x000000079cc117a8,0x000000079d180000)
  to   space 35840K, 0% used [0x0000000798e00000,0x0000000798e00000,0x000000079b100000)
 ParOldGen       total 130048K, used 51118K [0x0000000700000000, 0x0000000707f00000, 0x0000000780000000)
  object space 130048K, 39% used [0x0000000700000000,0x00000007031eb848,0x0000000707f00000)
 Metaspace       used 89894K, capacity 93970K, committed 94104K, reserved 1130496K
  class space    used 11497K, capacity 12325K, committed 12440K, reserved 1048576K
}
Event: 298.220 GC heap before
{Heap before GC invocations=20 (full 3):
 PSYoungGen      total 440832K, used 435269K [0x0000000780000000, 0x000000079d980000, 0x00000007c0000000)
  eden space 407552K, 100% used [0x0000000780000000,0x0000000798e00000,0x0000000798e00000)
  from space 33280K, 83% used [0x000000079b100000,0x000000079cc117a8,0x000000079d180000)
  to   space 35840K, 0% used [0x0000000798e00000,0x0000000798e00000,0x000000079b100000)
 ParOldGen       total 130048K, used 51118K [0x0000000700000000, 0x0000000707f00000, 0x0000000780000000)
  object space 130048K, 39% used [0x0000000700000000,0x00000007031eb848,0x0000000707f00000)
 Metaspace       used 90363K, capacity 94546K, committed 94872K, reserved 1132544K
  class space    used 11503K, capacity 12335K, committed 12440K, reserved 1048576K
Event: 298.251 GC heap after
Heap after GC invocations=20 (full 3):
 PSYoungGen      total 443392K, used 26659K [0x0000000780000000, 0x000000079f500000, 0x00000007c0000000)
  eden space 407552K, 0% used [0x0000000780000000,0x0000000780000000,0x0000000798e00000)
  from space 35840K, 74% used [0x0000000798e00000,0x000000079a808f08,0x000000079b100000)
  to   space 37888K, 0% used [0x000000079d000000,0x000000079d000000,0x000000079f500000)
 ParOldGen       total 130048K, used 51126K [0x0000000700000000, 0x0000000707f00000, 0x0000000780000000)
  object space 130048K, 39% used [0x0000000700000000,0x00000007031ed848,0x0000000707f00000)
 Metaspace       used 90363K, capacity 94546K, committed 94872K, reserved 1132544K
  class space    used 11503K, capacity 12335K, committed 12440K, reserved 1048576K
}
Event: 640.786 GC heap before
{Heap before GC invocations=21 (full 3):
 PSYoungGen      total 443392K, used 434211K [0x0000000780000000, 0x000000079f500000, 0x00000007c0000000)
  eden space 407552K, 100% used [0x0000000780000000,0x0000000798e00000,0x0000000798e00000)
  from space 35840K, 74% used [0x0000000798e00000,0x000000079a808f08,0x000000079b100000)
  to   space 37888K, 0% used [0x000000079d000000,0x000000079d000000,0x000000079f500000)
 ParOldGen       total 130048K, used 51126K [0x0000000700000000, 0x0000000707f00000, 0x0000000780000000)
  object space 130048K, 39% used [0x0000000700000000,0x00000007031ed848,0x0000000707f00000)
 Metaspace       used 90885K, capacity 95248K, committed 95384K, reserved 1132544K
  class space    used 11536K, capacity 12396K, committed 12440K, reserved 1048576K
Event: 640.833 GC heap after
Heap after GC invocations=21 (full 3):
 PSYoungGen      total 414720K, used 23147K [0x0000000780000000, 0x000000079e700000, 0x00000007c0000000)
  eden space 391168K, 0% used [0x0000000780000000,0x0000000780000000,0x0000000797e00000)
  from space 23552K, 98% used [0x000000079d000000,0x000000079e69ad58,0x000000079e700000)
  to   space 37376K, 0% used [0x0000000799e00000,0x0000000799e00000,0x000000079c280000)
 ParOldGen       total 130048K, used 51134K [0x0000000700000000, 0x0000000707f00000, 0x0000000780000000)
  object space 130048K, 39% used [0x0000000700000000,0x00000007031ef848,0x0000000707f00000)
 Metaspace       used 90885K, capacity 95248K, committed 95384K, reserved 1132544K
  class space    used 11536K, capacity 12396K, committed 12440K, reserved 1048576K
}
Event: 1032.424 GC heap before
{Heap before GC invocations=22 (full 3):
 PSYoungGen      total 414720K, used 414291K [0x0000000780000000, 0x000000079e700000, 0x00000007c0000000)
  eden space 391168K, 99% used [0x0000000780000000,0x0000000797df9eb0,0x0000000797e00000)
  from space 23552K, 98% used [0x000000079d000000,0x000000079e69ad58,0x000000079e700000)
  to   space 37376K, 0% used [0x0000000799e00000,0x0000000799e00000,0x000000079c280000)
 ParOldGen       total 130048K, used 51134K [0x0000000700000000, 0x0000000707f00000, 0x0000000780000000)
  object space 130048K, 39% used [0x0000000700000000,0x00000007031ef848,0x0000000707f00000)
 Metaspace       used 91200K, capacity 95590K, committed 95640K, reserved 1132544K
  class space    used 11538K, capacity 12399K, committed 12440K, reserved 1048576K
Event: 1032.472 GC heap after
Heap after GC invocations=22 (full 3):
 PSYoungGen      total 401408K, used 25711K [0x0000000780000000, 0x000000079d080000, 0x00000007c0000000)
  eden space 375296K, 0% used [0x0000000780000000,0x0000000780000000,0x0000000796e80000)
  from space 26112K, 98% used [0x0000000799e00000,0x000000079b71beb8,0x000000079b780000)
  to   space 25600K, 0% used [0x000000079b780000,0x000000079b780000,0x000000079d080000)
 ParOldGen       total 130048K, used 51142K [0x0000000700000000, 0x0000000707f00000, 0x0000000780000000)
  object space 130048K, 39% used [0x0000000700000000,0x00000007031f1848,0x0000000707f00000)
 Metaspace       used 91200K, capacity 95590K, committed 95640K, reserved 1132544K
  class space    used 11538K, capacity 12399K, committed 12440K, reserved 1048576K
}
Event: 9744.436 GC heap before
{Heap before GC invocations=23 (full 3):
 PSYoungGen      total 401408K, used 401007K [0x0000000780000000, 0x000000079d080000, 0x00000007c0000000)
  eden space 375296K, 100% used [0x0000000780000000,0x0000000796e80000,0x0000000796e80000)
  from space 26112K, 98% used [0x0000000799e00000,0x000000079b71beb8,0x000000079b780000)
  to   space 25600K, 0% used [0x000000079b780000,0x000000079b780000,0x000000079d080000)
 ParOldGen       total 130048K, used 51142K [0x0000000700000000, 0x0000000707f00000, 0x0000000780000000)
  object space 130048K, 39% used [0x0000000700000000,0x00000007031f1848,0x0000000707f00000)
 Metaspace       used 91475K, capacity 95822K, committed 95896K, reserved 1132544K
  class space    used 11547K, capacity 12415K, committed 12440K, reserved 1048576K
Event: 9744.480 GC heap after
Heap after GC invocations=23 (full 3):
 PSYoungGen      total 378880K, used 17988K [0x0000000780000000, 0x000000079c980000, 0x00000007c0000000)
  eden space 360448K, 0% used [0x0000000780000000,0x0000000780000000,0x0000000796000000)
  from space 18432K, 97% used [0x000000079b780000,0x000000079c911140,0x000000079c980000)
  to   space 36864K, 0% used [0x0000000798180000,0x0000000798180000,0x000000079a580000)
 ParOldGen       total 130048K, used 51150K [0x0000000700000000, 0x0000000707f00000, 0x0000000780000000)
  object space 130048K, 39% used [0x0000000700000000,0x00000007031f3848,0x0000000707f00000)
 Metaspace       used 91475K, capacity 95822K, committed 95896K, reserved 1132544K
  class space    used 11547K, capacity 12415K, committed 12440K, reserved 1048576K
}

