# JRE version: OpenJDK Runtime Environment (8.0_152-b01) (build 1.8.0_152-release-1343-b01)
# Java VM: OpenJDK 64-Bit Server VM (25.152-b01 mixed mode windows-amd64 compressed oops)
Heap:
 PSYoungGen      total 451072K, used 124263K [0x0000000780000000, 0x00000007a2200000, 0x00000007c0000000)
  eden space 357888K, 30% used [0x0000000780000000,0x0000000786a43e28,0x0000000795d80000)
  from space 93184K, 16% used [0x0000000795d80000,0x0000000796c96050,0x000000079b880000)
  to   space 90112K, 0% used [0x000000079ca00000,0x000000079ca00000,0x00000007a2200000)
 ParOldGen       total 285184K, used 181664K [0x0000000700000000, 0x0000000711680000, 0x0000000780000000)
  object space 285184K, 63% used [0x0000000700000000,0x000000070b168118,0x0000000711680000)
 Metaspace       used 89217K, capacity 93158K, committed 93336K, reserved 1130496K
  class space    used 11379K, capacity 12137K, committed 12184K, reserved 1048576K
GC Heap History (10 events):
Event: 249.708 GC heap before
{Heap before GC invocations=21 (full 4):
 PSYoungGen      total 367104K, used 332162K [0x0000000780000000, 0x000000079a900000, 0x00000007c0000000)
  eden space 305152K, 100% used [0x0000000780000000,0x0000000792a00000,0x0000000792a00000)
  from space 61952K, 43% used [0x0000000796c80000,0x00000007986e09e0,0x000000079a900000)
  to   space 65024K, 0% used [0x0000000792a00000,0x0000000792a00000,0x0000000796980000)
 ParOldGen       total 285184K, used 112243K [0x0000000700000000, 0x0000000711680000, 0x0000000780000000)
  object space 285184K, 39% used [0x0000000700000000,0x0000000706d9ccc8,0x0000000711680000)
 Metaspace       used 86816K, capacity 90278K, committed 90392K, reserved 1128448K
  class space    used 11301K, capacity 11999K, committed 12056K, reserved 1048576K
Event: 249.764 GC heap after
Heap after GC invocations=21 (full 4):
 PSYoungGen      total 370176K, used 38569K [0x0000000780000000, 0x000000079c400000, 0x00000007c0000000)
  eden space 305152K, 0% used [0x0000000780000000,0x0000000780000000,0x0000000792a00000)
  from space 65024K, 59% used [0x0000000792a00000,0x0000000794faa4c0,0x0000000796980000)
  to   space 66048K, 0% used [0x0000000798380000,0x0000000798380000,0x000000079c400000)
 ParOldGen       total 285184K, used 112251K [0x0000000700000000, 0x0000000711680000, 0x0000000780000000)
  object space 285184K, 39% used [0x0000000700000000,0x0000000706d9ecc8,0x0000000711680000)
 Metaspace       used 86816K, capacity 90278K, committed 90392K, reserved 1128448K
  class space    used 11301K, capacity 11999K, committed 12056K, reserved 1048576K
}
Event: 253.612 GC heap before
{Heap before GC invocations=22 (full 4):
 PSYoungGen      total 370176K, used 343721K [0x0000000780000000, 0x000000079c400000, 0x00000007c0000000)
  eden space 305152K, 100% used [0x0000000780000000,0x0000000792a00000,0x0000000792a00000)
  from space 65024K, 59% used [0x0000000792a00000,0x0000000794faa4c0,0x0000000796980000)
  to   space 66048K, 0% used [0x0000000798380000,0x0000000798380000,0x000000079c400000)
 ParOldGen       total 285184K, used 112251K [0x0000000700000000, 0x0000000711680000, 0x0000000780000000)
  object space 285184K, 39% used [0x0000000700000000,0x0000000706d9ecc8,0x0000000711680000)
 Metaspace       used 87234K, capacity 90798K, committed 90904K, reserved 1128448K
  class space    used 11313K, capacity 12019K, committed 12056K, reserved 1048576K
Event: 253.678 GC heap after
Heap after GC invocations=22 (full 4):
 PSYoungGen      total 394752K, used 26388K [0x0000000780000000, 0x000000079bf80000, 0x00000007c0000000)
  eden space 333312K, 0% used [0x0000000780000000,0x0000000780000000,0x0000000794580000)
  from space 61440K, 42% used [0x0000000798380000,0x0000000799d452f8,0x000000079bf80000)
  to   space 62464K, 0% used [0x0000000794580000,0x0000000794580000,0x0000000798280000)
 ParOldGen       total 285184K, used 112259K [0x0000000700000000, 0x0000000711680000, 0x0000000780000000)
  object space 285184K, 39% used [0x0000000700000000,0x0000000706da0cc8,0x0000000711680000)
 Metaspace       used 87234K, capacity 90798K, committed 90904K, reserved 1128448K
  class space    used 11313K, capacity 12019K, committed 12056K, reserved 1048576K
}
Event: 259.174 GC heap before
{Heap before GC invocations=23 (full 4):
 PSYoungGen      total 394752K, used 359700K [0x0000000780000000, 0x000000079bf80000, 0x00000007c0000000)
  eden space 333312K, 100% used [0x0000000780000000,0x0000000794580000,0x0000000794580000)
  from space 61440K, 42% used [0x0000000798380000,0x0000000799d452f8,0x000000079bf80000)
  to   space 62464K, 0% used [0x0000000794580000,0x0000000794580000,0x0000000798280000)
 ParOldGen       total 285184K, used 112259K [0x0000000700000000, 0x0000000711680000, 0x0000000780000000)
  object space 285184K, 39% used [0x0000000700000000,0x0000000706da0cc8,0x0000000711680000)
 Metaspace       used 87878K, capacity 91366K, committed 91416K, reserved 1128448K
  class space    used 11316K, capacity 12023K, committed 12056K, reserved 1048576K
Event: 259.244 GC heap after
Heap after GC invocations=23 (full 4):
 PSYoungGen      total 395776K, used 62441K [0x0000000780000000, 0x00000007a1e80000, 0x00000007c0000000)
  eden space 333312K, 0% used [0x0000000780000000,0x0000000780000000,0x0000000794580000)
  from space 62464K, 99% used [0x0000000794580000,0x000000079827a458,0x0000000798280000)
  to   space 95744K, 0% used [0x000000079c100000,0x000000079c100000,0x00000007a1e80000)
 ParOldGen       total 285184K, used 175194K [0x0000000700000000, 0x0000000711680000, 0x0000000780000000)
  object space 285184K, 61% used [0x0000000700000000,0x000000070ab16a30,0x0000000711680000)
 Metaspace       used 87878K, capacity 91366K, committed 91416K, reserved 1128448K
  class space    used 11316K, capacity 12023K, committed 12056K, reserved 1048576K
}
Event: 335.732 GC heap before
{Heap before GC invocations=24 (full 4):
 PSYoungGen      total 395776K, used 395753K [0x0000000780000000, 0x00000007a1e80000, 0x00000007c0000000)
  eden space 333312K, 100% used [0x0000000780000000,0x0000000794580000,0x0000000794580000)
  from space 62464K, 99% used [0x0000000794580000,0x000000079827a458,0x0000000798280000)
  to   space 95744K, 0% used [0x000000079c100000,0x000000079c100000,0x00000007a1e80000)
 ParOldGen       total 285184K, used 175194K [0x0000000700000000, 0x0000000711680000, 0x0000000780000000)
  object space 285184K, 61% used [0x0000000700000000,0x000000070ab16a30,0x0000000711680000)
 Metaspace       used 88280K, capacity 92000K, committed 92312K, reserved 1130496K
  class space    used 11340K, capacity 12064K, committed 12184K, reserved 1048576K
Event: 335.766 GC heap after
Heap after GC invocations=24 (full 4):
 PSYoungGen      total 442368K, used 16432K [0x0000000780000000, 0x00000007a1380000, 0x00000007c0000000)
  eden space 357888K, 0% used [0x0000000780000000,0x0000000780000000,0x0000000795d80000)
  from space 84480K, 19% used [0x000000079c100000,0x000000079d10c2a8,0x00000007a1380000)
  to   space 93184K, 0% used [0x0000000795d80000,0x0000000795d80000,0x000000079b880000)
 ParOldGen       total 285184K, used 181656K [0x0000000700000000, 0x0000000711680000, 0x0000000780000000)
  object space 285184K, 63% used [0x0000000700000000,0x000000070b166118,0x0000000711680000)
 Metaspace       used 88280K, capacity 92000K, committed 92312K, reserved 1130496K
  class space    used 11340K, capacity 12064K, committed 12184K, reserved 1048576K
}
Event: 394.338 GC heap before
{Heap before GC invocations=25 (full 4):
 PSYoungGen      total 442368K, used 374320K [0x0000000780000000, 0x00000007a1380000, 0x00000007c0000000)
  eden space 357888K, 100% used [0x0000000780000000,0x0000000795d80000,0x0000000795d80000)
  from space 84480K, 19% used [0x000000079c100000,0x000000079d10c2a8,0x00000007a1380000)
  to   space 93184K, 0% used [0x0000000795d80000,0x0000000795d80000,0x000000079b880000)
 ParOldGen       total 285184K, used 181656K [0x0000000700000000, 0x0000000711680000, 0x0000000780000000)
  object space 285184K, 63% used [0x0000000700000000,0x000000070b166118,0x0000000711680000)
 Metaspace       used 89039K, capacity 93030K, committed 93080K, reserved 1130496K
  class space    used 11379K, capacity 12137K, committed 12184K, reserved 1048576K
Event: 394.364 GC heap after
Heap after GC invocations=25 (full 4):
 PSYoungGen      total 451072K, used 15448K [0x0000000780000000, 0x00000007a2200000, 0x00000007c0000000)
  eden space 357888K, 0% used [0x0000000780000000,0x0000000780000000,0x0000000795d80000)
  from space 93184K, 16% used [0x0000000795d80000,0x0000000796c96050,0x000000079b880000)
  to   space 90112K, 0% used [0x000000079ca00000,0x000000079ca00000,0x00000007a2200000)
 ParOldGen       total 285184K, used 181664K [0x0000000700000000, 0x0000000711680000, 0x0000000780000000)
  object space 285184K, 63% used [0x0000000700000000,0x000000070b168118,0x0000000711680000)
 Metaspace       used 89039K, capacity 93030K, committed 93080K, reserved 1130496K
  class space    used 11379K, capacity 12137K, committed 12184K, reserved 1048576K
}

