# JRE version: OpenJDK Runtime Environment (8.0_152-b01) (build 1.8.0_152-release-1343-b01)
# Java VM: OpenJDK 64-Bit Server VM (25.152-b01 mixed mode windows-amd64 compressed oops)
Heap:
 PSYoungGen      total 284160K, used 262656K [0x0000000780000000, 0x0000000796a80000, 0x00000007c0000000)
  eden space 262656K, 100% used [0x0000000780000000,0x0000000790080000,0x0000000790080000)
  from space 21504K, 0% used [0x0000000790080000,0x0000000790080000,0x0000000791580000)
  to   space 23040K, 72% used [0x0000000795400000,0x0000000796434c00,0x0000000796a80000)
 ParOldGen       total 153088K, used 32227K [0x0000000700000000, 0x0000000709580000, 0x0000000780000000)
  object space 153088K, 21% used [0x0000000700000000,0x0000000701f78e00,0x0000000709580000)
 Metaspace       used 67000K, capacity 69162K, committed 69272K, reserved 1110016K
  class space    used 9056K, capacity 9563K, committed 9624K, reserved 1048576K
GC Heap History (10 events):
Event: 5.172 GC heap after
Heap after GC invocations=8 (full 2):
 PSYoungGen      total 210432K, used 0K [0x0000000780000000, 0x000000078e680000, 0x00000007c0000000)
  eden space 194560K, 0% used [0x0000000780000000,0x0000000780000000,0x000000078be00000)
  from space 15872K, 0% used [0x000000078cd80000,0x000000078cd80000,0x000000078dd00000)
  to   space 15872K, 0% used [0x000000078be00000,0x000000078be00000,0x000000078cd80000)
 ParOldGen       total 109056K, used 18170K [0x0000000700000000, 0x0000000706a80000, 0x0000000780000000)
  object space 109056K, 16% used [0x0000000700000000,0x00000007011bebe0,0x0000000706a80000)
 Metaspace       used 34822K, capacity 35458K, committed 35496K, reserved 1079296K
  class space    used 4802K, capacity 5024K, committed 5032K, reserved 1048576K
}
Event: 7.780 GC heap before
{Heap before GC invocations=9 (full 2):
 PSYoungGen      total 210432K, used 194560K [0x0000000780000000, 0x000000078e680000, 0x00000007c0000000)
  eden space 194560K, 100% used [0x0000000780000000,0x000000078be00000,0x000000078be00000)
  from space 15872K, 0% used [0x000000078cd80000,0x000000078cd80000,0x000000078dd00000)
  to   space 15872K, 0% used [0x000000078be00000,0x000000078be00000,0x000000078cd80000)
 ParOldGen       total 109056K, used 18170K [0x0000000700000000, 0x0000000706a80000, 0x0000000780000000)
  object space 109056K, 16% used [0x0000000700000000,0x00000007011bebe0,0x0000000706a80000)
 Metaspace       used 46906K, capacity 47858K, committed 48296K, reserved 1091584K
  class space    used 6381K, capacity 6701K, committed 6824K, reserved 1048576K
Event: 7.796 GC heap after
Heap after GC invocations=9 (full 2):
 PSYoungGen      total 210432K, used 15840K [0x0000000780000000, 0x0000000792b00000, 0x00000007c0000000)
  eden space 194560K, 0% used [0x0000000780000000,0x0000000780000000,0x000000078be00000)
  from space 15872K, 99% used [0x000000078be00000,0x000000078cd783f0,0x000000078cd80000)
  to   space 18944K, 0% used [0x0000000791880000,0x0000000791880000,0x0000000792b00000)
 ParOldGen       total 109056K, used 19415K [0x0000000700000000, 0x0000000706a80000, 0x0000000780000000)
  object space 109056K, 17% used [0x0000000700000000,0x00000007012f5c90,0x0000000706a80000)
 Metaspace       used 46906K, capacity 47858K, committed 48296K, reserved 1091584K
  class space    used 6381K, capacity 6701K, committed 6824K, reserved 1048576K
}
Event: 10.062 GC heap before
{Heap before GC invocations=10 (full 2):
 PSYoungGen      total 210432K, used 210400K [0x0000000780000000, 0x0000000792b00000, 0x00000007c0000000)
  eden space 194560K, 100% used [0x0000000780000000,0x000000078be00000,0x000000078be00000)
  from space 15872K, 99% used [0x000000078be00000,0x000000078cd783f0,0x000000078cd80000)
  to   space 18944K, 0% used [0x0000000791880000,0x0000000791880000,0x0000000792b00000)
 ParOldGen       total 109056K, used 19415K [0x0000000700000000, 0x0000000706a80000, 0x0000000780000000)
  object space 109056K, 17% used [0x0000000700000000,0x00000007012f5c90,0x0000000706a80000)
 Metaspace       used 53449K, capacity 54790K, committed 54952K, reserved 1097728K
  class space    used 7136K, capacity 7503K, committed 7592K, reserved 1048576K
Event: 10.081 GC heap after
Heap after GC invocations=10 (full 2):
 PSYoungGen      total 280064K, used 18179K [0x0000000780000000, 0x0000000792a80000, 0x00000007c0000000)
  eden space 261632K, 0% used [0x0000000780000000,0x0000000780000000,0x000000078ff80000)
  from space 18432K, 98% used [0x0000000791880000,0x0000000792a40d28,0x0000000792a80000)
  to   space 21504K, 0% used [0x0000000790080000,0x0000000790080000,0x0000000791580000)
 ParOldGen       total 109056K, used 19495K [0x0000000700000000, 0x0000000706a80000, 0x0000000780000000)
  object space 109056K, 17% used [0x0000000700000000,0x0000000701309ca0,0x0000000706a80000)
 Metaspace       used 53449K, capacity 54790K, committed 54952K, reserved 1097728K
  class space    used 7136K, capacity 7503K, committed 7592K, reserved 1048576K
}
Event: 10.652 GC heap before
{Heap before GC invocations=11 (full 2):
 PSYoungGen      total 280064K, used 75624K [0x0000000780000000, 0x0000000792a80000, 0x00000007c0000000)
  eden space 261632K, 21% used [0x0000000780000000,0x0000000783819420,0x000000078ff80000)
  from space 18432K, 98% used [0x0000000791880000,0x0000000792a40d28,0x0000000792a80000)
  to   space 21504K, 0% used [0x0000000790080000,0x0000000790080000,0x0000000791580000)
 ParOldGen       total 109056K, used 19495K [0x0000000700000000, 0x0000000706a80000, 0x0000000780000000)
  object space 109056K, 17% used [0x0000000700000000,0x0000000701309ca0,0x0000000706a80000)
 Metaspace       used 57616K, capacity 59046K, committed 59160K, reserved 1099776K
  class space    used 7735K, capacity 8105K, committed 8216K, reserved 1048576K
Event: 10.671 GC heap after
Heap after GC invocations=11 (full 2):
 PSYoungGen      total 284160K, used 17063K [0x0000000780000000, 0x0000000796a80000, 0x00000007c0000000)
  eden space 262656K, 0% used [0x0000000780000000,0x0000000780000000,0x0000000790080000)
  from space 21504K, 79% used [0x0000000790080000,0x0000000791129c98,0x0000000791580000)
  to   space 23040K, 0% used [0x0000000795400000,0x0000000795400000,0x0000000796a80000)
 ParOldGen       total 109056K, used 19503K [0x0000000700000000, 0x0000000706a80000, 0x0000000780000000)
  object space 109056K, 17% used [0x0000000700000000,0x000000070130bca0,0x0000000706a80000)
 Metaspace       used 57616K, capacity 59046K, committed 59160K, reserved 1099776K
  class space    used 7735K, capacity 8105K, committed 8216K, reserved 1048576K
}
Event: 10.671 GC heap before
{Heap before GC invocations=12 (full 3):
 PSYoungGen      total 284160K, used 17063K [0x0000000780000000, 0x0000000796a80000, 0x00000007c0000000)
  eden space 262656K, 0% used [0x0000000780000000,0x0000000780000000,0x0000000790080000)
  from space 21504K, 79% used [0x0000000790080000,0x0000000791129c98,0x0000000791580000)
  to   space 23040K, 0% used [0x0000000795400000,0x0000000795400000,0x0000000796a80000)
 ParOldGen       total 109056K, used 19503K [0x0000000700000000, 0x0000000706a80000, 0x0000000780000000)
  object space 109056K, 17% used [0x0000000700000000,0x000000070130bca0,0x0000000706a80000)
 Metaspace       used 57616K, capacity 59046K, committed 59160K, reserved 1099776K
  class space    used 7735K, capacity 8105K, committed 8216K, reserved 1048576K
Event: 10.918 GC heap after
Heap after GC invocations=12 (full 3):
 PSYoungGen      total 284160K, used 0K [0x0000000780000000, 0x0000000796a80000, 0x00000007c0000000)
  eden space 262656K, 0% used [0x0000000780000000,0x0000000780000000,0x0000000790080000)
  from space 21504K, 0% used [0x0000000790080000,0x0000000790080000,0x0000000791580000)
  to   space 23040K, 0% used [0x0000000795400000,0x0000000795400000,0x0000000796a80000)
 ParOldGen       total 153088K, used 32227K [0x0000000700000000, 0x0000000709580000, 0x0000000780000000)
  object space 153088K, 21% used [0x0000000700000000,0x0000000701f78e00,0x0000000709580000)
 Metaspace       used 57616K, capacity 59046K, committed 59160K, reserved 1099776K
  class space    used 7735K, capacity 8105K, committed 8216K, reserved 1048576K
}
Event: 14.382 GC heap before
{Heap before GC invocations=13 (full 3):
 PSYoungGen      total 284160K, used 262656K [0x0000000780000000, 0x0000000796a80000, 0x00000007c0000000)
  eden space 262656K, 100% used [0x0000000780000000,0x0000000790080000,0x0000000790080000)
  from space 21504K, 0% used [0x0000000790080000,0x0000000790080000,0x0000000791580000)
  to   space 23040K, 0% used [0x0000000795400000,0x0000000795400000,0x0000000796a80000)
 ParOldGen       total 153088K, used 32227K [0x0000000700000000, 0x0000000709580000, 0x0000000780000000)
  object space 153088K, 21% used [0x0000000700000000,0x0000000701f78e00,0x0000000709580000)
 Metaspace       used 67000K, capacity 69162K, committed 69272K, reserved 1110016K
  class space    used 9056K, capacity 9563K, committed 9624K, reserved 1048576K

