# JRE version: OpenJDK Runtime Environment (8.0_152-b01) (build 1.8.0_152-release-1343-b01)
# Java VM: OpenJDK 64-Bit Server VM (25.152-b01 mixed mode windows-amd64 compressed oops)
Heap:
 PSYoungGen      total 188416K, used 122178K [0x0000000780000000, 0x000000078f100000, 0x00000007c0000000)
  eden space 170496K, 71% used [0x0000000780000000,0x0000000787750bb8,0x000000078a680000)
  from space 17920K, 0% used [0x000000078a680000,0x000000078a680000,0x000000078b800000)
  to   space 20992K, 0% used [0x000000078dc80000,0x000000078dc80000,0x000000078f100000)
 ParOldGen       total 151552K, used 35389K [0x0000000700000000, 0x0000000709400000, 0x0000000780000000)
  object space 151552K, 23% used [0x0000000700000000,0x000000070228f510,0x0000000709400000)
 Metaspace       used 61926K, capacity 63906K, committed 64216K, reserved 1103872K
  class space    used 8324K, capacity 8803K, committed 8920K, reserved 1048576K
GC Heap History (10 events):
Event: 4.419 GC heap before
{Heap before GC invocations=10 (full 2):
 PSYoungGen      total 153088K, used 9329K [0x0000000780000000, 0x000000078e680000, 0x00000007c0000000)
  eden space 139776K, 0% used [0x0000000780000000,0x0000000780000000,0x0000000788880000)
  from space 13312K, 70% used [0x0000000789580000,0x0000000789e9c530,0x000000078a280000)
  to   space 13312K, 0% used [0x0000000788880000,0x0000000788880000,0x0000000789580000)
 ParOldGen       total 68608K, used 10815K [0x0000000700000000, 0x0000000704300000, 0x0000000780000000)
  object space 68608K, 15% used [0x0000000700000000,0x0000000700a8fca0,0x0000000704300000)
 Metaspace       used 34701K, capacity 35338K, committed 35456K, reserved 1079296K
  class space    used 4785K, capacity 4986K, committed 4992K, reserved 1048576K
Event: 4.587 GC heap after
Heap after GC invocations=10 (full 2):
 PSYoungGen      total 153088K, used 0K [0x0000000780000000, 0x000000078e680000, 0x00000007c0000000)
  eden space 139776K, 0% used [0x0000000780000000,0x0000000780000000,0x0000000788880000)
  from space 13312K, 0% used [0x0000000789580000,0x0000000789580000,0x000000078a280000)
  to   space 13312K, 0% used [0x0000000788880000,0x0000000788880000,0x0000000789580000)
 ParOldGen       total 100864K, used 16557K [0x0000000700000000, 0x0000000706280000, 0x0000000780000000)
  object space 100864K, 16% used [0x0000000700000000,0x000000070102b5d0,0x0000000706280000)
 Metaspace       used 34695K, capacity 35320K, committed 35456K, reserved 1079296K
  class space    used 4783K, capacity 4983K, committed 4992K, reserved 1048576K
}
Event: 6.233 GC heap before
{Heap before GC invocations=11 (full 2):
 PSYoungGen      total 153088K, used 139776K [0x0000000780000000, 0x000000078e680000, 0x00000007c0000000)
  eden space 139776K, 100% used [0x0000000780000000,0x0000000788880000,0x0000000788880000)
  from space 13312K, 0% used [0x0000000789580000,0x0000000789580000,0x000000078a280000)
  to   space 13312K, 0% used [0x0000000788880000,0x0000000788880000,0x0000000789580000)
 ParOldGen       total 100864K, used 16557K [0x0000000700000000, 0x0000000706280000, 0x0000000780000000)
  object space 100864K, 16% used [0x0000000700000000,0x000000070102b5d0,0x0000000706280000)
 Metaspace       used 45626K, capacity 46526K, committed 46720K, reserved 1089536K
  class space    used 6172K, capacity 6475K, committed 6528K, reserved 1048576K
Event: 6.248 GC heap after
Heap after GC invocations=11 (full 2):
 PSYoungGen      total 153088K, used 13294K [0x0000000780000000, 0x000000078c980000, 0x00000007c0000000)
  eden space 139776K, 0% used [0x0000000780000000,0x0000000780000000,0x0000000788880000)
  from space 13312K, 99% used [0x0000000788880000,0x000000078957b828,0x0000000789580000)
  to   space 15872K, 0% used [0x000000078ba00000,0x000000078ba00000,0x000000078c980000)
 ParOldGen       total 100864K, used 19562K [0x0000000700000000, 0x0000000706280000, 0x0000000780000000)
  object space 100864K, 19% used [0x0000000700000000,0x000000070131a858,0x0000000706280000)
 Metaspace       used 45626K, capacity 46526K, committed 46720K, reserved 1089536K
  class space    used 6172K, capacity 6475K, committed 6528K, reserved 1048576K
}
Event: 7.636 GC heap before
{Heap before GC invocations=12 (full 2):
 PSYoungGen      total 153088K, used 153070K [0x0000000780000000, 0x000000078c980000, 0x00000007c0000000)
  eden space 139776K, 100% used [0x0000000780000000,0x0000000788880000,0x0000000788880000)
  from space 13312K, 99% used [0x0000000788880000,0x000000078957b828,0x0000000789580000)
  to   space 15872K, 0% used [0x000000078ba00000,0x000000078ba00000,0x000000078c980000)
 ParOldGen       total 100864K, used 19562K [0x0000000700000000, 0x0000000706280000, 0x0000000780000000)
  object space 100864K, 19% used [0x0000000700000000,0x000000070131a858,0x0000000706280000)
 Metaspace       used 50878K, capacity 51874K, committed 52224K, reserved 1093632K
  class space    used 6815K, capacity 7117K, committed 7168K, reserved 1048576K
Event: 7.651 GC heap after
Heap after GC invocations=12 (full 2):
 PSYoungGen      total 186368K, used 15132K [0x0000000780000000, 0x000000078c980000, 0x00000007c0000000)
  eden space 170496K, 0% used [0x0000000780000000,0x0000000780000000,0x000000078a680000)
  from space 15872K, 95% used [0x000000078ba00000,0x000000078c8c7330,0x000000078c980000)
  to   space 17920K, 0% used [0x000000078a680000,0x000000078a680000,0x000000078b800000)
 ParOldGen       total 100864K, used 19570K [0x0000000700000000, 0x0000000706280000, 0x0000000780000000)
  object space 100864K, 19% used [0x0000000700000000,0x000000070131c858,0x0000000706280000)
 Metaspace       used 50878K, capacity 51874K, committed 52224K, reserved 1093632K
  class space    used 6815K, capacity 7117K, committed 7168K, reserved 1048576K
}
Event: 9.664 GC heap before
{Heap before GC invocations=13 (full 2):
 PSYoungGen      total 186368K, used 183883K [0x0000000780000000, 0x000000078c980000, 0x00000007c0000000)
  eden space 170496K, 98% used [0x0000000780000000,0x000000078a4cbc40,0x000000078a680000)
  from space 15872K, 95% used [0x000000078ba00000,0x000000078c8c7330,0x000000078c980000)
  to   space 17920K, 0% used [0x000000078a680000,0x000000078a680000,0x000000078b800000)
 ParOldGen       total 100864K, used 19570K [0x0000000700000000, 0x0000000706280000, 0x0000000780000000)
  object space 100864K, 19% used [0x0000000700000000,0x000000070131c858,0x0000000706280000)
 Metaspace       used 57539K, capacity 59080K, committed 59096K, reserved 1099776K
  class space    used 7723K, capacity 8138K, committed 8152K, reserved 1048576K
Event: 9.699 GC heap after
Heap after GC invocations=13 (full 2):
 PSYoungGen      total 188416K, used 17907K [0x0000000780000000, 0x000000078f100000, 0x00000007c0000000)
  eden space 170496K, 0% used [0x0000000780000000,0x0000000780000000,0x000000078a680000)
  from space 17920K, 99% used [0x000000078a680000,0x000000078b7fcc18,0x000000078b800000)
  to   space 20992K, 0% used [0x000000078dc80000,0x000000078dc80000,0x000000078f100000)
 ParOldGen       total 100864K, used 22466K [0x0000000700000000, 0x0000000706280000, 0x0000000780000000)
  object space 100864K, 22% used [0x0000000700000000,0x00000007015f0bf8,0x0000000706280000)
 Metaspace       used 57539K, capacity 59080K, committed 59096K, reserved 1099776K
  class space    used 7723K, capacity 8138K, committed 8152K, reserved 1048576K
}
Event: 9.699 GC heap before
{Heap before GC invocations=14 (full 3):
 PSYoungGen      total 188416K, used 17907K [0x0000000780000000, 0x000000078f100000, 0x00000007c0000000)
  eden space 170496K, 0% used [0x0000000780000000,0x0000000780000000,0x000000078a680000)
  from space 17920K, 99% used [0x000000078a680000,0x000000078b7fcc18,0x000000078b800000)
  to   space 20992K, 0% used [0x000000078dc80000,0x000000078dc80000,0x000000078f100000)
 ParOldGen       total 100864K, used 22466K [0x0000000700000000, 0x0000000706280000, 0x0000000780000000)
  object space 100864K, 22% used [0x0000000700000000,0x00000007015f0bf8,0x0000000706280000)
 Metaspace       used 57539K, capacity 59080K, committed 59096K, reserved 1099776K
  class space    used 7723K, capacity 8138K, committed 8152K, reserved 1048576K
Event: 9.945 GC heap after
Heap after GC invocations=14 (full 3):
 PSYoungGen      total 188416K, used 0K [0x0000000780000000, 0x000000078f100000, 0x00000007c0000000)
  eden space 170496K, 0% used [0x0000000780000000,0x0000000780000000,0x000000078a680000)
  from space 17920K, 0% used [0x000000078a680000,0x000000078a680000,0x000000078b800000)
  to   space 20992K, 0% used [0x000000078dc80000,0x000000078dc80000,0x000000078f100000)
 ParOldGen       total 151552K, used 35389K [0x0000000700000000, 0x0000000709400000, 0x0000000780000000)
  object space 151552K, 23% used [0x0000000700000000,0x000000070228f510,0x0000000709400000)
 Metaspace       used 57539K, capacity 59080K, committed 59096K, reserved 1099776K
  class space    used 7723K, capacity 8138K, committed 8152K, reserved 1048576K
}

