# JRE version: OpenJDK Runtime Environment (8.0_152-b01) (build 1.8.0_152-release-1343-b01)
# Java VM: OpenJDK 64-Bit Server VM (25.152-b01 mixed mode windows-amd64 compressed oops)
Heap:
 PSYoungGen      total 138240K, used 64951K [0x0000000780000000, 0x000000078de00000, 0x00000007c0000000)
  eden space 133120K, 44% used [0x0000000780000000,0x0000000783a6f698,0x0000000788200000)
  from space 5120K, 99% used [0x0000000788200000,0x00000007886fe880,0x0000000788700000)
  to   space 16896K, 41% used [0x000000078cd80000,0x000000078d460000,0x000000078de00000)
 ParOldGen       total 69120K, used 20281K [0x0000000700000000, 0x0000000704380000, 0x0000000780000000)
  object space 69120K, 29% used [0x0000000700000000,0x00000007013ce4d8,0x0000000704380000)
 Metaspace       used 34630K, capacity 35476K, committed 35496K, reserved 1079296K
  class space    used 4780K, capacity 5018K, committed 5032K, reserved 1048576K
GC Heap History (10 events):
Event: 0.997 GC heap after
Heap after GC invocations=2 (full 0):
 PSYoungGen      total 71680K, used 4634K [0x0000000780000000, 0x0000000784b00000, 0x00000007c0000000)
  eden space 66560K, 0% used [0x0000000780000000,0x0000000780000000,0x0000000784100000)
  from space 5120K, 90% used [0x0000000784600000,0x0000000784a86808,0x0000000784b00000)
  to   space 5120K, 0% used [0x0000000784100000,0x0000000784100000,0x0000000784600000)
 ParOldGen       total 87552K, used 16K [0x0000000700000000, 0x0000000705580000, 0x0000000780000000)
  object space 87552K, 0% used [0x0000000700000000,0x0000000700004000,0x0000000705580000)
 Metaspace       used 8770K, capacity 8962K, committed 9216K, reserved 1056768K
  class space    used 1133K, capacity 1191K, committed 1280K, reserved 1048576K
}
Event: 1.819 GC heap before
{Heap before GC invocations=3 (full 0):
 PSYoungGen      total 71680K, used 71194K [0x0000000780000000, 0x0000000784b00000, 0x00000007c0000000)
  eden space 66560K, 100% used [0x0000000780000000,0x0000000784100000,0x0000000784100000)
  from space 5120K, 90% used [0x0000000784600000,0x0000000784a86808,0x0000000784b00000)
  to   space 5120K, 0% used [0x0000000784100000,0x0000000784100000,0x0000000784600000)
 ParOldGen       total 87552K, used 16K [0x0000000700000000, 0x0000000705580000, 0x0000000780000000)
  object space 87552K, 0% used [0x0000000700000000,0x0000000700004000,0x0000000705580000)
 Metaspace       used 15575K, capacity 16004K, committed 16256K, reserved 1062912K
  class space    used 2212K, capacity 2360K, committed 2432K, reserved 1048576K
Event: 1.837 GC heap after
Heap after GC invocations=3 (full 0):
 PSYoungGen      total 71680K, used 5097K [0x0000000780000000, 0x0000000788c00000, 0x00000007c0000000)
  eden space 66560K, 0% used [0x0000000780000000,0x0000000780000000,0x0000000784100000)
  from space 5120K, 99% used [0x0000000784100000,0x00000007845fa630,0x0000000784600000)
  to   space 5120K, 0% used [0x0000000788700000,0x0000000788700000,0x0000000788c00000)
 ParOldGen       total 87552K, used 5508K [0x0000000700000000, 0x0000000705580000, 0x0000000780000000)
  object space 87552K, 6% used [0x0000000700000000,0x00000007005613d8,0x0000000705580000)
 Metaspace       used 15575K, capacity 16004K, committed 16256K, reserved 1062912K
  class space    used 2212K, capacity 2360K, committed 2432K, reserved 1048576K
}
Event: 2.401 GC heap before
{Heap before GC invocations=4 (full 0):
 PSYoungGen      total 71680K, used 52320K [0x0000000780000000, 0x0000000788c00000, 0x00000007c0000000)
  eden space 66560K, 70% used [0x0000000780000000,0x0000000782e1da78,0x0000000784100000)
  from space 5120K, 99% used [0x0000000784100000,0x00000007845fa630,0x0000000784600000)
  to   space 5120K, 0% used [0x0000000788700000,0x0000000788700000,0x0000000788c00000)
 ParOldGen       total 87552K, used 5508K [0x0000000700000000, 0x0000000705580000, 0x0000000780000000)
  object space 87552K, 6% used [0x0000000700000000,0x00000007005613d8,0x0000000705580000)
 Metaspace       used 20671K, capacity 21132K, committed 21296K, reserved 1067008K
  class space    used 2906K, capacity 3093K, committed 3200K, reserved 1048576K
Event: 2.430 GC heap after
Heap after GC invocations=4 (full 0):
 PSYoungGen      total 138240K, used 5117K [0x0000000780000000, 0x0000000788c00000, 0x00000007c0000000)
  eden space 133120K, 0% used [0x0000000780000000,0x0000000780000000,0x0000000788200000)
  from space 5120K, 99% used [0x0000000788700000,0x0000000788bff650,0x0000000788c00000)
  to   space 5120K, 0% used [0x0000000788200000,0x0000000788200000,0x0000000788700000)
 ParOldGen       total 87552K, used 11303K [0x0000000700000000, 0x0000000705580000, 0x0000000780000000)
  object space 87552K, 12% used [0x0000000700000000,0x0000000700b09f78,0x0000000705580000)
 Metaspace       used 20671K, capacity 21132K, committed 21296K, reserved 1067008K
  class space    used 2906K, capacity 3093K, committed 3200K, reserved 1048576K
}
Event: 2.430 GC heap before
{Heap before GC invocations=5 (full 1):
 PSYoungGen      total 138240K, used 5117K [0x0000000780000000, 0x0000000788c00000, 0x00000007c0000000)
  eden space 133120K, 0% used [0x0000000780000000,0x0000000780000000,0x0000000788200000)
  from space 5120K, 99% used [0x0000000788700000,0x0000000788bff650,0x0000000788c00000)
  to   space 5120K, 0% used [0x0000000788200000,0x0000000788200000,0x0000000788700000)
 ParOldGen       total 87552K, used 11303K [0x0000000700000000, 0x0000000705580000, 0x0000000780000000)
  object space 87552K, 12% used [0x0000000700000000,0x0000000700b09f78,0x0000000705580000)
 Metaspace       used 20671K, capacity 21132K, committed 21296K, reserved 1067008K
  class space    used 2906K, capacity 3093K, committed 3200K, reserved 1048576K
Event: 2.492 GC heap after
Heap after GC invocations=5 (full 1):
 PSYoungGen      total 138240K, used 0K [0x0000000780000000, 0x0000000788c00000, 0x00000007c0000000)
  eden space 133120K, 0% used [0x0000000780000000,0x0000000780000000,0x0000000788200000)
  from space 5120K, 0% used [0x0000000788700000,0x0000000788700000,0x0000000788c00000)
  to   space 5120K, 0% used [0x0000000788200000,0x0000000788200000,0x0000000788700000)
 ParOldGen       total 69120K, used 11131K [0x0000000700000000, 0x0000000704380000, 0x0000000780000000)
  object space 69120K, 16% used [0x0000000700000000,0x0000000700aded20,0x0000000704380000)
 Metaspace       used 20671K, capacity 21132K, committed 21296K, reserved 1067008K
  class space    used 2906K, capacity 3093K, committed 3200K, reserved 1048576K
}
Event: 3.894 GC heap before
{Heap before GC invocations=6 (full 1):
 PSYoungGen      total 138240K, used 133120K [0x0000000780000000, 0x0000000788c00000, 0x00000007c0000000)
  eden space 133120K, 100% used [0x0000000780000000,0x0000000788200000,0x0000000788200000)
  from space 5120K, 0% used [0x0000000788700000,0x0000000788700000,0x0000000788c00000)
  to   space 5120K, 0% used [0x0000000788200000,0x0000000788200000,0x0000000788700000)
 ParOldGen       total 69120K, used 11131K [0x0000000700000000, 0x0000000704380000, 0x0000000780000000)
  object space 69120K, 16% used [0x0000000700000000,0x0000000700aded20,0x0000000704380000)
 Metaspace       used 32029K, capacity 32738K, committed 32896K, reserved 1077248K
  class space    used 4393K, capacity 4618K, committed 4736K, reserved 1048576K
Event: 3.907 GC heap after
Heap after GC invocations=6 (full 1):
 PSYoungGen      total 138240K, used 5114K [0x0000000780000000, 0x000000078de00000, 0x00000007c0000000)
  eden space 133120K, 0% used [0x0000000780000000,0x0000000780000000,0x0000000788200000)
  from space 5120K, 99% used [0x0000000788200000,0x00000007886fe880,0x0000000788700000)
  to   space 16896K, 0% used [0x000000078cd80000,0x000000078cd80000,0x000000078de00000)
 ParOldGen       total 69120K, used 20273K [0x0000000700000000, 0x0000000704380000, 0x0000000780000000)
  object space 69120K, 29% used [0x0000000700000000,0x00000007013cc4d8,0x0000000704380000)
 Metaspace       used 32029K, capacity 32738K, committed 32896K, reserved 1077248K
  class space    used 4393K, capacity 4618K, committed 4736K, reserved 1048576K
}
Event: 4.482 GC heap before
{Heap before GC invocations=7 (full 1):
 PSYoungGen      total 138240K, used 64951K [0x0000000780000000, 0x000000078de00000, 0x00000007c0000000)
  eden space 133120K, 44% used [0x0000000780000000,0x0000000783a6f698,0x0000000788200000)
  from space 5120K, 99% used [0x0000000788200000,0x00000007886fe880,0x0000000788700000)
  to   space 16896K, 0% used [0x000000078cd80000,0x000000078cd80000,0x000000078de00000)
 ParOldGen       total 69120K, used 20273K [0x0000000700000000, 0x0000000704380000, 0x0000000780000000)
  object space 69120K, 29% used [0x0000000700000000,0x00000007013cc4d8,0x0000000704380000)
 Metaspace       used 34630K, capacity 35476K, committed 35496K, reserved 1079296K
  class space    used 4780K, capacity 5018K, committed 5032K, reserved 1048576K

