# JRE version: OpenJDK Runtime Environment (8.0_202-b03) (build 1.8.0_202-release-1483-b03)
# Java VM: OpenJDK 64-Bit Server VM (25.202-b03 mixed mode windows-amd64 compressed oops)
Heap:
 PSYoungGen      total 166912K, used 6019K [0x0000000780000000, 0x000000078f480000, 0x00000007c0000000)
  eden space 153600K, 3% used [0x0000000780000000,0x00000007805e0cf8,0x0000000789600000)
  from space 13312K, 0% used [0x000000078a280000,0x000000078a280000,0x000000078af80000)
  to   space 12800K, 0% used [0x0000000789600000,0x0000000789600000,0x000000078a280000)
 ParOldGen       total 87040K, used 15657K [0x0000000700000000, 0x0000000705500000, 0x0000000780000000)
  object space 87040K, 17% used [0x0000000700000000,0x0000000700f4a590,0x0000000705500000)
 Metaspace       used 35206K, capacity 35906K, committed 36096K, reserved 1081344K
  class space    used 4837K, capacity 5054K, committed 5120K, reserved 1048576K
GC Heap History (10 events):
Event: 2.657 GC heap before
{Heap before GC invocations=6 (full 1):
 PSYoungGen      total 71680K, used 5117K [0x0000000780000000, 0x0000000789a00000, 0x00000007c0000000)
  eden space 66560K, 0% used [0x0000000780000000,0x0000000780000000,0x0000000784100000)
  from space 5120K, 99% used [0x0000000784100000,0x00000007845ff670,0x0000000784600000)
  to   space 12288K, 0% used [0x0000000788e00000,0x0000000788e00000,0x0000000789a00000)
 ParOldGen       total 87552K, used 11223K [0x0000000700000000, 0x0000000705580000, 0x0000000780000000)
  object space 87552K, 12% used [0x0000000700000000,0x0000000700af5ec8,0x0000000705580000)
 Metaspace       used 20679K, capacity 21134K, committed 21296K, reserved 1067008K
  class space    used 2956K, capacity 3119K, committed 3200K, reserved 1048576K
Event: 2.724 GC heap after
Heap after GC invocations=6 (full 1):
 PSYoungGen      total 71680K, used 0K [0x0000000780000000, 0x0000000789a00000, 0x00000007c0000000)
  eden space 66560K, 0% used [0x0000000780000000,0x0000000780000000,0x0000000784100000)
  from space 5120K, 0% used [0x0000000784100000,0x0000000784100000,0x0000000784600000)
  to   space 12288K, 0% used [0x0000000788e00000,0x0000000788e00000,0x0000000789a00000)
 ParOldGen       total 65536K, used 11245K [0x0000000700000000, 0x0000000704000000, 0x0000000780000000)
  object space 65536K, 17% used [0x0000000700000000,0x0000000700afb450,0x0000000704000000)
 Metaspace       used 20679K, capacity 21134K, committed 21296K, reserved 1067008K
  class space    used 2956K, capacity 3119K, committed 3200K, reserved 1048576K
}
Event: 3.473 GC heap before
{Heap before GC invocations=7 (full 1):
 PSYoungGen      total 71680K, used 66560K [0x0000000780000000, 0x0000000789a00000, 0x00000007c0000000)
  eden space 66560K, 100% used [0x0000000780000000,0x0000000784100000,0x0000000784100000)
  from space 5120K, 0% used [0x0000000784100000,0x0000000784100000,0x0000000784600000)
  to   space 12288K, 0% used [0x0000000788e00000,0x0000000788e00000,0x0000000789a00000)
 ParOldGen       total 65536K, used 11245K [0x0000000700000000, 0x0000000704000000, 0x0000000780000000)
  object space 65536K, 17% used [0x0000000700000000,0x0000000700afb450,0x0000000704000000)
 Metaspace       used 29055K, capacity 29544K, committed 29824K, reserved 1075200K
  class space    used 3924K, capacity 4098K, committed 4224K, reserved 1048576K
Event: 3.483 GC heap after
Heap after GC invocations=7 (full 1):
 PSYoungGen      total 110592K, used 8072K [0x0000000780000000, 0x0000000789600000, 0x00000007c0000000)
  eden space 102400K, 0% used [0x0000000780000000,0x0000000780000000,0x0000000786400000)
  from space 8192K, 98% used [0x0000000788e00000,0x00000007895e23a0,0x0000000789600000)
  to   space 11776K, 0% used [0x0000000787f00000,0x0000000787f00000,0x0000000788a80000)
 ParOldGen       total 65536K, used 11253K [0x0000000700000000, 0x0000000704000000, 0x0000000780000000)
  object space 65536K, 17% used [0x0000000700000000,0x0000000700afd450,0x0000000704000000)
 Metaspace       used 29055K, capacity 29544K, committed 29824K, reserved 1075200K
  class space    used 3924K, capacity 4098K, committed 4224K, reserved 1048576K
}
Event: 4.590 GC heap before
{Heap before GC invocations=8 (full 1):
 PSYoungGen      total 110592K, used 110472K [0x0000000780000000, 0x0000000789600000, 0x00000007c0000000)
  eden space 102400K, 100% used [0x0000000780000000,0x0000000786400000,0x0000000786400000)
  from space 8192K, 98% used [0x0000000788e00000,0x00000007895e23a0,0x0000000789600000)
  to   space 11776K, 0% used [0x0000000787f00000,0x0000000787f00000,0x0000000788a80000)
 ParOldGen       total 65536K, used 11253K [0x0000000700000000, 0x0000000704000000, 0x0000000780000000)
  object space 65536K, 17% used [0x0000000700000000,0x0000000700afd450,0x0000000704000000)
 Metaspace       used 34073K, capacity 34666K, committed 34944K, reserved 1079296K
  class space    used 4690K, capacity 4876K, committed 4992K, reserved 1048576K
Event: 4.604 GC heap after
Heap after GC invocations=8 (full 1):
 PSYoungGen      total 141824K, used 11413K [0x0000000780000000, 0x000000078af80000, 0x00000007c0000000)
  eden space 130048K, 0% used [0x0000000780000000,0x0000000780000000,0x0000000787f00000)
  from space 11776K, 96% used [0x0000000787f00000,0x0000000788a25730,0x0000000788a80000)
  to   space 13312K, 0% used [0x000000078a280000,0x000000078a280000,0x000000078af80000)
 ParOldGen       total 65536K, used 11261K [0x0000000700000000, 0x0000000704000000, 0x0000000780000000)
  object space 65536K, 17% used [0x0000000700000000,0x0000000700aff450,0x0000000704000000)
 Metaspace       used 34073K, capacity 34666K, committed 34944K, reserved 1079296K
  class space    used 4690K, capacity 4876K, committed 4992K, reserved 1048576K
}
Event: 4.792 GC heap before
{Heap before GC invocations=9 (full 1):
 PSYoungGen      total 141824K, used 25602K [0x0000000780000000, 0x000000078af80000, 0x00000007c0000000)
  eden space 130048K, 10% used [0x0000000780000000,0x0000000780ddb2c0,0x0000000787f00000)
  from space 11776K, 96% used [0x0000000787f00000,0x0000000788a25730,0x0000000788a80000)
  to   space 13312K, 0% used [0x000000078a280000,0x000000078a280000,0x000000078af80000)
 ParOldGen       total 65536K, used 11261K [0x0000000700000000, 0x0000000704000000, 0x0000000780000000)
  object space 65536K, 17% used [0x0000000700000000,0x0000000700aff450,0x0000000704000000)
 Metaspace       used 34744K, capacity 35394K, committed 35456K, reserved 1079296K
  class space    used 4782K, capacity 4990K, committed 4992K, reserved 1048576K
Event: 4.836 GC heap after
Heap after GC invocations=9 (full 1):
 PSYoungGen      total 166912K, used 8410K [0x0000000780000000, 0x000000078f480000, 0x00000007c0000000)
  eden space 153600K, 0% used [0x0000000780000000,0x0000000780000000,0x0000000789600000)
  from space 13312K, 63% used [0x000000078a280000,0x000000078aab6818,0x000000078af80000)
  to   space 12800K, 0% used [0x0000000789600000,0x0000000789600000,0x000000078a280000)
 ParOldGen       total 65536K, used 11261K [0x0000000700000000, 0x0000000704000000, 0x0000000780000000)
  object space 65536K, 17% used [0x0000000700000000,0x0000000700aff450,0x0000000704000000)
 Metaspace       used 34744K, capacity 35394K, committed 35456K, reserved 1079296K
  class space    used 4782K, capacity 4990K, committed 4992K, reserved 1048576K
}
Event: 4.836 GC heap before
{Heap before GC invocations=10 (full 2):
 PSYoungGen      total 166912K, used 8410K [0x0000000780000000, 0x000000078f480000, 0x00000007c0000000)
  eden space 153600K, 0% used [0x0000000780000000,0x0000000780000000,0x0000000789600000)
  from space 13312K, 63% used [0x000000078a280000,0x000000078aab6818,0x000000078af80000)
  to   space 12800K, 0% used [0x0000000789600000,0x0000000789600000,0x000000078a280000)
 ParOldGen       total 65536K, used 11261K [0x0000000700000000, 0x0000000704000000, 0x0000000780000000)
  object space 65536K, 17% used [0x0000000700000000,0x0000000700aff450,0x0000000704000000)
 Metaspace       used 34744K, capacity 35394K, committed 35456K, reserved 1079296K
  class space    used 4782K, capacity 4990K, committed 4992K, reserved 1048576K
Event: 4.948 GC heap after
Heap after GC invocations=10 (full 2):
 PSYoungGen      total 166912K, used 0K [0x0000000780000000, 0x000000078f480000, 0x00000007c0000000)
  eden space 153600K, 0% used [0x0000000780000000,0x0000000780000000,0x0000000789600000)
  from space 13312K, 0% used [0x000000078a280000,0x000000078a280000,0x000000078af80000)
  to   space 12800K, 0% used [0x0000000789600000,0x0000000789600000,0x000000078a280000)
 ParOldGen       total 87040K, used 15657K [0x0000000700000000, 0x0000000705500000, 0x0000000780000000)
  object space 87040K, 17% used [0x0000000700000000,0x0000000700f4a590,0x0000000705500000)
 Metaspace       used 34744K, capacity 35394K, committed 35456K, reserved 1079296K
  class space    used 4782K, capacity 4990K, committed 4992K, reserved 1048576K
}

