# JRE version: OpenJDK Runtime Environment (8.0_152-b01) (build 1.8.0_152-release-1343-b01)
# Java VM: OpenJDK 64-Bit Server VM (25.152-b01 mixed mode windows-amd64 compressed oops)
Heap:
 PSYoungGen      total 454656K, used 13341K [0x0000000780000000, 0x000000079f400000, 0x00000007c0000000)
  eden space 429056K, 0% used [0x0000000780000000,0x0000000780000000,0x000000079a300000)
  from space 25600K, 52% used [0x000000079db00000,0x000000079e8076c0,0x000000079f400000)
  to   space 41472K, 0% used [0x000000079a300000,0x000000079a300000,0x000000079cb80000)
 ParOldGen       total 112128K, used 100870K [0x0000000700000000, 0x0000000706d80000, 0x0000000780000000)
  object space 112128K, 89% used [0x0000000700000000,0x0000000706281b78,0x0000000706d80000)
 Metaspace       used 86476K, capacity 89904K, committed 90136K, reserved 1128448K
  class space    used 11255K, capacity 11958K, committed 12056K, reserved 1048576K
GC Heap History (10 events):
Event: 10.411 GC heap after
Heap after GC invocations=13 (full 2):
 PSYoungGen      total 277504K, used 9124K [0x0000000780000000, 0x0000000798000000, 0x00000007c0000000)
  eden space 259072K, 0% used [0x0000000780000000,0x0000000780000000,0x000000078fd00000)
  from space 18432K, 49% used [0x000000078fd00000,0x00000007905e9018,0x0000000790f00000)
  to   space 17920K, 0% used [0x0000000796e80000,0x0000000796e80000,0x0000000798000000)
 ParOldGen       total 77824K, used 28861K [0x0000000700000000, 0x0000000704c00000, 0x0000000780000000)
  object space 77824K, 37% used [0x0000000700000000,0x0000000701c2f4d8,0x0000000704c00000)
 Metaspace       used 57540K, capacity 59080K, committed 59160K, reserved 1099776K
  class space    used 7721K, capacity 8138K, committed 8216K, reserved 1048576K
}
Event: 10.411 GC heap before
{Heap before GC invocations=14 (full 3):
 PSYoungGen      total 277504K, used 9124K [0x0000000780000000, 0x0000000798000000, 0x00000007c0000000)
  eden space 259072K, 0% used [0x0000000780000000,0x0000000780000000,0x000000078fd00000)
  from space 18432K, 49% used [0x000000078fd00000,0x00000007905e9018,0x0000000790f00000)
  to   space 17920K, 0% used [0x0000000796e80000,0x0000000796e80000,0x0000000798000000)
 ParOldGen       total 77824K, used 28861K [0x0000000700000000, 0x0000000704c00000, 0x0000000780000000)
  object space 77824K, 37% used [0x0000000700000000,0x0000000701c2f4d8,0x0000000704c00000)
 Metaspace       used 57540K, capacity 59080K, committed 59160K, reserved 1099776K
  class space    used 7721K, capacity 8138K, committed 8216K, reserved 1048576K
Event: 10.733 GC heap after
Heap after GC invocations=14 (full 3):
 PSYoungGen      total 277504K, used 0K [0x0000000780000000, 0x0000000798000000, 0x00000007c0000000)
  eden space 259072K, 0% used [0x0000000780000000,0x0000000780000000,0x000000078fd00000)
  from space 18432K, 0% used [0x000000078fd00000,0x000000078fd00000,0x0000000790f00000)
  to   space 17920K, 0% used [0x0000000796e80000,0x0000000796e80000,0x0000000798000000)
 ParOldGen       total 112128K, used 33600K [0x0000000700000000, 0x0000000706d80000, 0x0000000780000000)
  object space 112128K, 29% used [0x0000000700000000,0x00000007020d01d8,0x0000000706d80000)
 Metaspace       used 57540K, capacity 59080K, committed 59160K, reserved 1099776K
  class space    used 7721K, capacity 8138K, committed 8216K, reserved 1048576K
}
Event: 13.916 GC heap before
{Heap before GC invocations=15 (full 3):
 PSYoungGen      total 277504K, used 259072K [0x0000000780000000, 0x0000000798000000, 0x00000007c0000000)
  eden space 259072K, 100% used [0x0000000780000000,0x000000078fd00000,0x000000078fd00000)
  from space 18432K, 0% used [0x000000078fd00000,0x000000078fd00000,0x0000000790f00000)
  to   space 17920K, 0% used [0x0000000796e80000,0x0000000796e80000,0x0000000798000000)
 ParOldGen       total 112128K, used 33600K [0x0000000700000000, 0x0000000706d80000, 0x0000000780000000)
  object space 112128K, 29% used [0x0000000700000000,0x00000007020d01d8,0x0000000706d80000)
 Metaspace       used 66604K, capacity 68606K, committed 68888K, reserved 1107968K
  class space    used 8880K, capacity 9399K, committed 9496K, reserved 1048576K
Event: 13.974 GC heap after
Heap after GC invocations=15 (full 3):
 PSYoungGen      total 359936K, used 17916K [0x0000000780000000, 0x0000000798200000, 0x00000007c0000000)
  eden space 342016K, 0% used [0x0000000780000000,0x0000000780000000,0x0000000794e00000)
  from space 17920K, 99% used [0x0000000796e80000,0x0000000797fff160,0x0000000798000000)
  to   space 26624K, 0% used [0x0000000794e00000,0x0000000794e00000,0x0000000796800000)
 ParOldGen       total 112128K, used 51556K [0x0000000700000000, 0x0000000706d80000, 0x0000000780000000)
  object space 112128K, 45% used [0x0000000700000000,0x00000007032590f0,0x0000000706d80000)
 Metaspace       used 66604K, capacity 68606K, committed 68888K, reserved 1107968K
  class space    used 8880K, capacity 9399K, committed 9496K, reserved 1048576K
}
Event: 18.283 GC heap before
{Heap before GC invocations=16 (full 3):
 PSYoungGen      total 359936K, used 359932K [0x0000000780000000, 0x0000000798200000, 0x00000007c0000000)
  eden space 342016K, 100% used [0x0000000780000000,0x0000000794e00000,0x0000000794e00000)
  from space 17920K, 99% used [0x0000000796e80000,0x0000000797fff160,0x0000000798000000)
  to   space 26624K, 0% used [0x0000000794e00000,0x0000000794e00000,0x0000000796800000)
 ParOldGen       total 112128K, used 51556K [0x0000000700000000, 0x0000000706d80000, 0x0000000780000000)
  object space 112128K, 45% used [0x0000000700000000,0x00000007032590f0,0x0000000706d80000)
 Metaspace       used 79527K, capacity 82526K, committed 82584K, reserved 1120256K
  class space    used 10469K, capacity 11105K, committed 11160K, reserved 1048576K
Event: 18.364 GC heap after
Heap after GC invocations=16 (full 3):
 PSYoungGen      total 368640K, used 26606K [0x0000000780000000, 0x00000007a0500000, 0x00000007c0000000)
  eden space 342016K, 0% used [0x0000000780000000,0x0000000780000000,0x0000000794e00000)
  from space 26624K, 99% used [0x0000000794e00000,0x00000007967fb990,0x0000000796800000)
  to   space 43008K, 0% used [0x000000079db00000,0x000000079db00000,0x00000007a0500000)
 ParOldGen       total 112128K, used 85587K [0x0000000700000000, 0x0000000706d80000, 0x0000000780000000)
  object space 112128K, 76% used [0x0000000700000000,0x0000000705394d70,0x0000000706d80000)
 Metaspace       used 79527K, capacity 82526K, committed 82584K, reserved 1120256K
  class space    used 10469K, capacity 11105K, committed 11160K, reserved 1048576K
}
Event: 167.874 GC heap before
{Heap before GC invocations=17 (full 3):
 PSYoungGen      total 368640K, used 368622K [0x0000000780000000, 0x00000007a0500000, 0x00000007c0000000)
  eden space 342016K, 100% used [0x0000000780000000,0x0000000794e00000,0x0000000794e00000)
  from space 26624K, 99% used [0x0000000794e00000,0x00000007967fb990,0x0000000796800000)
  to   space 43008K, 0% used [0x000000079db00000,0x000000079db00000,0x00000007a0500000)
 ParOldGen       total 112128K, used 85587K [0x0000000700000000, 0x0000000706d80000, 0x0000000780000000)
  object space 112128K, 76% used [0x0000000700000000,0x0000000705394d70,0x0000000706d80000)
 Metaspace       used 86476K, capacity 89904K, committed 90136K, reserved 1128448K
  class space    used 11255K, capacity 11958K, committed 12056K, reserved 1048576K
Event: 167.916 GC heap after
Heap after GC invocations=17 (full 3):
 PSYoungGen      total 454656K, used 13341K [0x0000000780000000, 0x000000079f400000, 0x00000007c0000000)
  eden space 429056K, 0% used [0x0000000780000000,0x0000000780000000,0x000000079a300000)
  from space 25600K, 52% used [0x000000079db00000,0x000000079e8076c0,0x000000079f400000)
  to   space 41472K, 0% used [0x000000079a300000,0x000000079a300000,0x000000079cb80000)
 ParOldGen       total 112128K, used 100870K [0x0000000700000000, 0x0000000706d80000, 0x0000000780000000)
  object space 112128K, 89% used [0x0000000700000000,0x0000000706281b78,0x0000000706d80000)
 Metaspace       used 86476K, capacity 89904K, committed 90136K, reserved 1128448K
  class space    used 11255K, capacity 11958K, committed 12056K, reserved 1048576K
}
Event: 167.916 GC heap before
{Heap before GC invocations=18 (full 4):
 PSYoungGen      total 454656K, used 13341K [0x0000000780000000, 0x000000079f400000, 0x00000007c0000000)
  eden space 429056K, 0% used [0x0000000780000000,0x0000000780000000,0x000000079a300000)
  from space 25600K, 52% used [0x000000079db00000,0x000000079e8076c0,0x000000079f400000)
  to   space 41472K, 0% used [0x000000079a300000,0x000000079a300000,0x000000079cb80000)
 ParOldGen       total 112128K, used 100870K [0x0000000700000000, 0x0000000706d80000, 0x0000000780000000)
  object space 112128K, 89% used [0x0000000700000000,0x0000000706281b78,0x0000000706d80000)
 Metaspace       used 86476K, capacity 89904K, committed 90136K, reserved 1128448K
  class space    used 11255K, capacity 11958K, committed 12056K, reserved 1048576K

