# JRE version: OpenJDK Runtime Environment (8.0_152-b01) (build 1.8.0_152-release-1343-b01)
# Java VM: OpenJDK 64-Bit Server VM (25.152-b01 mixed mode windows-amd64 compressed oops)
Heap:
 PSYoungGen      total 998400K, used 134997K [0x0000000780000000, 0x00000007c0000000, 0x00000007c0000000)
  eden space 955392K, 9% used [0x0000000780000000,0x00000007859d9d98,0x00000007ba500000)
  from space 43008K, 99% used [0x00000007ba500000,0x00000007bcefb768,0x00000007bcf00000)
  to   space 50176K, 0% used [0x00000007bcf00000,0x00000007bcf00000,0x00000007c0000000)
 ParOldGen       total 266752K, used 101722K [0x0000000700000000, 0x0000000710480000, 0x0000000780000000)
  object space 266752K, 38% used [0x0000000700000000,0x0000000706356ae8,0x0000000710480000)
 Metaspace       used 104499K, capacity 110292K, committed 110592K, reserved 1146880K
  class space    used 12920K, capacity 14013K, committed 14080K, reserved 1048576K
GC Heap History (10 events):
Event: 317.037 GC heap before
{Heap before GC invocations=27 (full 4):
 PSYoungGen      total 928256K, used 889625K [0x0000000780000000, 0x00000007bd300000, 0x00000007c0000000)
  eden space 872960K, 100% used [0x0000000780000000,0x00000007b5480000,0x00000007b5480000)
  from space 55296K, 30% used [0x00000007b8780000,0x00000007b97c6560,0x00000007bbd80000)
  to   space 52224K, 0% used [0x00000007b5480000,0x00000007b5480000,0x00000007b8780000)
 ParOldGen       total 266752K, used 92345K [0x0000000700000000, 0x0000000710480000, 0x0000000780000000)
  object space 266752K, 34% used [0x0000000700000000,0x0000000705a2e5d0,0x0000000710480000)
 Metaspace       used 99166K, capacity 103354K, committed 103552K, reserved 1140736K
  class space    used 12362K, capacity 13169K, committed 13184K, reserved 1048576K
Event: 317.299 GC heap after
Heap after GC invocations=27 (full 4):
 PSYoungGen      total 925184K, used 8554K [0x0000000780000000, 0x00000007bfa00000, 0x00000007c0000000)
  eden space 872960K, 0% used [0x0000000780000000,0x0000000780000000,0x00000007b5480000)
  from space 52224K, 16% used [0x00000007b5480000,0x00000007b5cda9d8,0x00000007b8780000)
  to   space 50688K, 0% used [0x00000007bc880000,0x00000007bc880000,0x00000007bfa00000)
 ParOldGen       total 266752K, used 94658K [0x0000000700000000, 0x0000000710480000, 0x0000000780000000)
  object space 266752K, 35% used [0x0000000700000000,0x0000000705c709b8,0x0000000710480000)
 Metaspace       used 99166K, capacity 103354K, committed 103552K, reserved 1140736K
  class space    used 12362K, capacity 13169K, committed 13184K, reserved 1048576K
}
Event: 322.884 GC heap before
{Heap before GC invocations=28 (full 4):
 PSYoungGen      total 925184K, used 881514K [0x0000000780000000, 0x00000007bfa00000, 0x00000007c0000000)
  eden space 872960K, 100% used [0x0000000780000000,0x00000007b5480000,0x00000007b5480000)
  from space 52224K, 16% used [0x00000007b5480000,0x00000007b5cda9d8,0x00000007b8780000)
  to   space 50688K, 0% used [0x00000007bc880000,0x00000007bc880000,0x00000007bfa00000)
 ParOldGen       total 266752K, used 94658K [0x0000000700000000, 0x0000000710480000, 0x0000000780000000)
  object space 266752K, 35% used [0x0000000700000000,0x0000000705c709b8,0x0000000710480000)
 Metaspace       used 99313K, capacity 103558K, committed 103936K, reserved 1140736K
  class space    used 12372K, capacity 13211K, committed 13312K, reserved 1048576K
Event: 323.065 GC heap after
Heap after GC invocations=28 (full 4):
 PSYoungGen      total 992768K, used 17525K [0x0000000780000000, 0x00000007bf780000, 0x00000007c0000000)
  eden space 944640K, 0% used [0x0000000780000000,0x0000000780000000,0x00000007b9a80000)
  from space 48128K, 36% used [0x00000007bc880000,0x00000007bd99d5e8,0x00000007bf780000)
  to   space 47104K, 0% used [0x00000007b9a80000,0x00000007b9a80000,0x00000007bc880000)
 ParOldGen       total 266752K, used 96085K [0x0000000700000000, 0x0000000710480000, 0x0000000780000000)
  object space 266752K, 36% used [0x0000000700000000,0x0000000705dd5768,0x0000000710480000)
 Metaspace       used 99313K, capacity 103558K, committed 103936K, reserved 1140736K
  class space    used 12372K, capacity 13211K, committed 13312K, reserved 1048576K
}
Event: 332.630 GC heap before
{Heap before GC invocations=29 (full 4):
 PSYoungGen      total 992768K, used 962165K [0x0000000780000000, 0x00000007bf780000, 0x00000007c0000000)
  eden space 944640K, 100% used [0x0000000780000000,0x00000007b9a80000,0x00000007b9a80000)
  from space 48128K, 36% used [0x00000007bc880000,0x00000007bd99d5e8,0x00000007bf780000)
  to   space 47104K, 0% used [0x00000007b9a80000,0x00000007b9a80000,0x00000007bc880000)
 ParOldGen       total 266752K, used 96085K [0x0000000700000000, 0x0000000710480000, 0x0000000780000000)
  object space 266752K, 36% used [0x0000000700000000,0x0000000705dd57a0,0x0000000710480000)
 Metaspace       used 100124K, capacity 104484K, committed 104704K, reserved 1140736K
  class space    used 12447K, capacity 13296K, committed 13312K, reserved 1048576K
Event: 332.644 GC heap after
Heap after GC invocations=29 (full 4):
 PSYoungGen      total 991744K, used 14688K [0x0000000780000000, 0x00000007bfb00000, 0x00000007c0000000)
  eden space 944640K, 0% used [0x0000000780000000,0x0000000780000000,0x00000007b9a80000)
  from space 47104K, 31% used [0x00000007b9a80000,0x00000007ba8d8250,0x00000007bc880000)
  to   space 45056K, 0% used [0x00000007bcf00000,0x00000007bcf00000,0x00000007bfb00000)
 ParOldGen       total 266752K, used 97716K [0x0000000700000000, 0x0000000710480000, 0x0000000780000000)
  object space 266752K, 36% used [0x0000000700000000,0x0000000705f6d2b0,0x0000000710480000)
 Metaspace       used 100124K, capacity 104484K, committed 104704K, reserved 1140736K
  class space    used 12447K, capacity 13296K, committed 13312K, reserved 1048576K
}
Event: 650.171 GC heap before
{Heap before GC invocations=30 (full 4):
 PSYoungGen      total 991744K, used 959328K [0x0000000780000000, 0x00000007bfb00000, 0x00000007c0000000)
  eden space 944640K, 100% used [0x0000000780000000,0x00000007b9a80000,0x00000007b9a80000)
  from space 47104K, 31% used [0x00000007b9a80000,0x00000007ba8d8250,0x00000007bc880000)
  to   space 45056K, 0% used [0x00000007bcf00000,0x00000007bcf00000,0x00000007bfb00000)
 ParOldGen       total 266752K, used 97735K [0x0000000700000000, 0x0000000710480000, 0x0000000780000000)
  object space 266752K, 36% used [0x0000000700000000,0x0000000705f71c50,0x0000000710480000)
 Metaspace       used 102858K, capacity 107964K, committed 108288K, reserved 1144832K
  class space    used 12769K, capacity 13723K, committed 13824K, reserved 1048576K
Event: 650.221 GC heap after
Heap after GC invocations=30 (full 4):
 PSYoungGen      total 999424K, used 12599K [0x0000000780000000, 0x00000007bfa00000, 0x00000007c0000000)
  eden space 955392K, 0% used [0x0000000780000000,0x0000000780000000,0x00000007ba500000)
  from space 44032K, 28% used [0x00000007bcf00000,0x00000007bdb4dd58,0x00000007bfa00000)
  to   space 43008K, 0% used [0x00000007ba500000,0x00000007ba500000,0x00000007bcf00000)
 ParOldGen       total 266752K, used 100954K [0x0000000700000000, 0x0000000710480000, 0x0000000780000000)
  object space 266752K, 37% used [0x0000000700000000,0x0000000706296948,0x0000000710480000)
 Metaspace       used 102858K, capacity 107964K, committed 108288K, reserved 1144832K
  class space    used 12769K, capacity 13723K, committed 13824K, reserved 1048576K
}
Event: 775.690 GC heap before
{Heap before GC invocations=31 (full 4):
 PSYoungGen      total 999424K, used 945667K [0x0000000780000000, 0x00000007bfa00000, 0x00000007c0000000)
  eden space 955392K, 97% used [0x0000000780000000,0x00000007b8f32f18,0x00000007ba500000)
  from space 44032K, 28% used [0x00000007bcf00000,0x00000007bdb4dd58,0x00000007bfa00000)
  to   space 43008K, 0% used [0x00000007ba500000,0x00000007ba500000,0x00000007bcf00000)
 ParOldGen       total 266752K, used 100954K [0x0000000700000000, 0x0000000710480000, 0x0000000780000000)
  object space 266752K, 37% used [0x0000000700000000,0x0000000706296948,0x0000000710480000)
 Metaspace       used 104497K, capacity 110292K, committed 110592K, reserved 1146880K
  class space    used 12920K, capacity 14013K, committed 14080K, reserved 1048576K
Event: 775.775 GC heap after
Heap after GC invocations=31 (full 4):
 PSYoungGen      total 998400K, used 42989K [0x0000000780000000, 0x00000007c0000000, 0x00000007c0000000)
  eden space 955392K, 0% used [0x0000000780000000,0x0000000780000000,0x00000007ba500000)
  from space 43008K, 99% used [0x00000007ba500000,0x00000007bcefb768,0x00000007bcf00000)
  to   space 50176K, 0% used [0x00000007bcf00000,0x00000007bcf00000,0x00000007c0000000)
 ParOldGen       total 266752K, used 101722K [0x0000000700000000, 0x0000000710480000, 0x0000000780000000)
  object space 266752K, 38% used [0x0000000700000000,0x0000000706356ae8,0x0000000710480000)
 Metaspace       used 104497K, capacity 110292K, committed 110592K, reserved 1146880K
  class space    used 12920K, capacity 14013K, committed 14080K, reserved 1048576K
}

