# JRE version: OpenJDK Runtime Environment (8.0_152-b01) (build 1.8.0_152-release-1343-b01)
# Java VM: OpenJDK 64-Bit Server VM (25.152-b01 mixed mode windows-amd64 compressed oops)
Heap:
 PSYoungGen      total 867840K, used 599028K [0x0000000780000000, 0x00000007b8880000, 0x00000007c0000000)
  eden space 830976K, 70% used [0x0000000780000000,0x00000007a3e5de68,0x00000007b2b80000)
  from space 36864K, 29% used [0x00000007b6480000,0x00000007b6f1f2c8,0x00000007b8880000)
  to   space 47616K, 0% used [0x00000007b2b80000,0x00000007b2b80000,0x00000007b5a00000)
 ParOldGen       total 215040K, used 111295K [0x0000000700000000, 0x000000070d200000, 0x0000000780000000)
  object space 215040K, 51% used [0x0000000700000000,0x0000000706cafe10,0x000000070d200000)
 Metaspace       used 89800K, capacity 92906K, committed 93568K, reserved 1130496K
  class space    used 11365K, capacity 12013K, committed 12160K, reserved 1048576K
GC Heap History (10 events):
Event: 75.748 GC heap before
{Heap before GC invocations=24 (full 4):
 PSYoungGen      total 442368K, used 394596K [0x0000000780000000, 0x00000007a4f80000, 0x00000007c0000000)
  eden space 384000K, 100% used [0x0000000780000000,0x0000000797700000,0x0000000797700000)
  from space 58368K, 18% used [0x0000000797700000,0x0000000798159268,0x000000079b000000)
  to   space 57344K, 0% used [0x00000007a1780000,0x00000007a1780000,0x00000007a4f80000)
 ParOldGen       total 215040K, used 72583K [0x0000000700000000, 0x000000070d200000, 0x0000000780000000)
  object space 215040K, 33% used [0x0000000700000000,0x00000007046e1f70,0x000000070d200000)
 Metaspace       used 89560K, capacity 92680K, committed 93312K, reserved 1130496K
  class space    used 11360K, capacity 12010K, committed 12160K, reserved 1048576K
Event: 75.795 GC heap after
Heap after GC invocations=24 (full 4):
 PSYoungGen      total 548864K, used 14142K [0x0000000780000000, 0x00000007a4e00000, 0x00000007c0000000)
  eden space 493056K, 0% used [0x0000000780000000,0x0000000780000000,0x000000079e180000)
  from space 55808K, 25% used [0x00000007a1780000,0x00000007a254f840,0x00000007a4e00000)
  to   space 55296K, 0% used [0x000000079e180000,0x000000079e180000,0x00000007a1780000)
 ParOldGen       total 215040K, used 80388K [0x0000000700000000, 0x000000070d200000, 0x0000000780000000)
  object space 215040K, 37% used [0x0000000700000000,0x0000000704e81158,0x000000070d200000)
 Metaspace       used 89560K, capacity 92680K, committed 93312K, reserved 1130496K
  class space    used 11360K, capacity 12010K, committed 12160K, reserved 1048576K
}
Event: 77.545 GC heap before
{Heap before GC invocations=25 (full 4):
 PSYoungGen      total 548864K, used 507198K [0x0000000780000000, 0x00000007a4e00000, 0x00000007c0000000)
  eden space 493056K, 100% used [0x0000000780000000,0x000000079e180000,0x000000079e180000)
  from space 55808K, 25% used [0x00000007a1780000,0x00000007a254f840,0x00000007a4e00000)
  to   space 55296K, 0% used [0x000000079e180000,0x000000079e180000,0x00000007a1780000)
 ParOldGen       total 215040K, used 80388K [0x0000000700000000, 0x000000070d200000, 0x0000000780000000)
  object space 215040K, 37% used [0x0000000700000000,0x0000000704e81158,0x000000070d200000)
 Metaspace       used 89625K, capacity 92766K, committed 93312K, reserved 1130496K
  class space    used 11362K, capacity 12013K, committed 12160K, reserved 1048576K
Event: 77.607 GC heap after
Heap after GC invocations=25 (full 4):
 PSYoungGen      total 548352K, used 18122K [0x0000000780000000, 0x00000007ad300000, 0x00000007c0000000)
  eden space 493056K, 0% used [0x0000000780000000,0x0000000780000000,0x000000079e180000)
  from space 55296K, 32% used [0x000000079e180000,0x000000079f3328b8,0x00000007a1780000)
  to   space 52224K, 0% used [0x00000007aa000000,0x00000007aa000000,0x00000007ad300000)
 ParOldGen       total 215040K, used 87830K [0x0000000700000000, 0x000000070d200000, 0x0000000780000000)
  object space 215040K, 40% used [0x0000000700000000,0x00000007055c5ab8,0x000000070d200000)
 Metaspace       used 89625K, capacity 92766K, committed 93312K, reserved 1130496K
  class space    used 11362K, capacity 12013K, committed 12160K, reserved 1048576K
}
Event: 78.949 GC heap before
{Heap before GC invocations=26 (full 4):
 PSYoungGen      total 548352K, used 511178K [0x0000000780000000, 0x00000007ad300000, 0x00000007c0000000)
  eden space 493056K, 100% used [0x0000000780000000,0x000000079e180000,0x000000079e180000)
  from space 55296K, 32% used [0x000000079e180000,0x000000079f3328b8,0x00000007a1780000)
  to   space 52224K, 0% used [0x00000007aa000000,0x00000007aa000000,0x00000007ad300000)
 ParOldGen       total 215040K, used 87830K [0x0000000700000000, 0x000000070d200000, 0x0000000780000000)
  object space 215040K, 40% used [0x0000000700000000,0x00000007055c5ab8,0x000000070d200000)
 Metaspace       used 89642K, capacity 92770K, committed 93312K, reserved 1130496K
  class space    used 11362K, capacity 12013K, committed 12160K, reserved 1048576K
Event: 79.091 GC heap after
Heap after GC invocations=26 (full 4):
 PSYoungGen      total 689152K, used 8742K [0x0000000780000000, 0x00000007ae080000, 0x00000007c0000000)
  eden space 636928K, 0% used [0x0000000780000000,0x0000000780000000,0x00000007a6e00000)
  from space 52224K, 16% used [0x00000007aa000000,0x00000007aa889908,0x00000007ad300000)
  to   space 51200K, 0% used [0x00000007a6e00000,0x00000007a6e00000,0x00000007aa000000)
 ParOldGen       total 215040K, used 102502K [0x0000000700000000, 0x000000070d200000, 0x0000000780000000)
  object space 215040K, 47% used [0x0000000700000000,0x0000000706419b80,0x000000070d200000)
 Metaspace       used 89642K, capacity 92770K, committed 93312K, reserved 1130496K
  class space    used 11362K, capacity 12013K, committed 12160K, reserved 1048576K
}
Event: 81.227 GC heap before
{Heap before GC invocations=27 (full 4):
 PSYoungGen      total 689152K, used 645670K [0x0000000780000000, 0x00000007ae080000, 0x00000007c0000000)
  eden space 636928K, 100% used [0x0000000780000000,0x00000007a6e00000,0x00000007a6e00000)
  from space 52224K, 16% used [0x00000007aa000000,0x00000007aa889908,0x00000007ad300000)
  to   space 51200K, 0% used [0x00000007a6e00000,0x00000007a6e00000,0x00000007aa000000)
 ParOldGen       total 215040K, used 102502K [0x0000000700000000, 0x000000070d200000, 0x0000000780000000)
  object space 215040K, 47% used [0x0000000700000000,0x0000000706419b80,0x000000070d200000)
 Metaspace       used 89700K, capacity 92834K, committed 93312K, reserved 1130496K
  class space    used 11364K, capacity 12013K, committed 12160K, reserved 1048576K
Event: 81.314 GC heap after
Heap after GC invocations=27 (full 4):
 PSYoungGen      total 688128K, used 13082K [0x0000000780000000, 0x00000007b9480000, 0x00000007c0000000)
  eden space 636928K, 0% used [0x0000000780000000,0x0000000780000000,0x00000007a6e00000)
  from space 51200K, 25% used [0x00000007a6e00000,0x00000007a7ac68d8,0x00000007aa000000)
  to   space 49152K, 0% used [0x00000007b6480000,0x00000007b6480000,0x00000007b9480000)
 ParOldGen       total 215040K, used 107635K [0x0000000700000000, 0x000000070d200000, 0x0000000780000000)
  object space 215040K, 50% used [0x0000000700000000,0x000000070691cc08,0x000000070d200000)
 Metaspace       used 89700K, capacity 92834K, committed 93312K, reserved 1130496K
  class space    used 11364K, capacity 12013K, committed 12160K, reserved 1048576K
}
Event: 83.064 GC heap before
{Heap before GC invocations=28 (full 4):
 PSYoungGen      total 688128K, used 650010K [0x0000000780000000, 0x00000007b9480000, 0x00000007c0000000)
  eden space 636928K, 100% used [0x0000000780000000,0x00000007a6e00000,0x00000007a6e00000)
  from space 51200K, 25% used [0x00000007a6e00000,0x00000007a7ac68d8,0x00000007aa000000)
  to   space 49152K, 0% used [0x00000007b6480000,0x00000007b6480000,0x00000007b9480000)
 ParOldGen       total 215040K, used 107635K [0x0000000700000000, 0x000000070d200000, 0x0000000780000000)
  object space 215040K, 50% used [0x0000000700000000,0x000000070691cc08,0x000000070d200000)
 Metaspace       used 89739K, capacity 92842K, committed 93312K, reserved 1130496K
  class space    used 11364K, capacity 12013K, committed 12160K, reserved 1048576K
Event: 83.084 GC heap after
Heap after GC invocations=28 (full 4):
 PSYoungGen      total 867840K, used 10876K [0x0000000780000000, 0x00000007b8880000, 0x00000007c0000000)
  eden space 830976K, 0% used [0x0000000780000000,0x0000000780000000,0x00000007b2b80000)
  from space 36864K, 29% used [0x00000007b6480000,0x00000007b6f1f2c8,0x00000007b8880000)
  to   space 47616K, 0% used [0x00000007b2b80000,0x00000007b2b80000,0x00000007b5a00000)
 ParOldGen       total 215040K, used 111295K [0x0000000700000000, 0x000000070d200000, 0x0000000780000000)
  object space 215040K, 51% used [0x0000000700000000,0x0000000706cafe10,0x000000070d200000)
 Metaspace       used 89739K, capacity 92842K, committed 93312K, reserved 1130496K
  class space    used 11364K, capacity 12013K, committed 12160K, reserved 1048576K
}

