# JRE version: OpenJDK Runtime Environment (8.0_152-b01) (build 1.8.0_152-release-1343-b01)
# Java VM: OpenJDK 64-Bit Server VM (25.152-b01 mixed mode windows-amd64 compressed oops)
Heap:
 PSYoungGen      total 407552K, used 205374K [0x0000000780000000, 0x000000079ba00000, 0x00000007c0000000)
  eden space 384000K, 47% used [0x0000000780000000,0x000000078b1918b0,0x0000000797700000)
  from space 23552K, 99% used [0x000000079a080000,0x000000079b77e0a8,0x000000079b780000)
  to   space 34304K, 0% used [0x0000000797700000,0x0000000797700000,0x0000000799880000)
 ParOldGen       total 128000K, used 50734K [0x0000000700000000, 0x0000000707d00000, 0x0000000780000000)
  object space 128000K, 39% used [0x0000000700000000,0x000000070318b808,0x0000000707d00000)
 Metaspace       used 68740K, capacity 71238K, committed 71576K, reserved 1112064K
  class space    used 9222K, capacity 9757K, committed 9880K, reserved 1048576K
GC Heap History (10 events):
Event: 7.957 GC heap before
{Heap before GC invocations=9 (full 2):
 PSYoungGen      total 227840K, used 213504K [0x0000000780000000, 0x000000078ef80000, 0x00000007c0000000)
  eden space 213504K, 100% used [0x0000000780000000,0x000000078d080000,0x000000078d080000)
  from space 14336K, 0% used [0x000000078e180000,0x000000078e180000,0x000000078ef80000)
  to   space 15872K, 0% used [0x000000078d080000,0x000000078d080000,0x000000078e000000)
 ParOldGen       total 96768K, used 18061K [0x0000000700000000, 0x0000000705e80000, 0x0000000780000000)
  object space 96768K, 18% used [0x0000000700000000,0x00000007011a36d8,0x0000000705e80000)
 Metaspace       used 50458K, capacity 51484K, committed 51752K, reserved 1093632K
  class space    used 6803K, capacity 7104K, committed 7208K, reserved 1048576K
Event: 7.989 GC heap after
Heap after GC invocations=9 (full 2):
 PSYoungGen      total 229376K, used 15848K [0x0000000780000000, 0x0000000795300000, 0x00000007c0000000)
  eden space 213504K, 0% used [0x0000000780000000,0x0000000780000000,0x000000078d080000)
  from space 15872K, 99% used [0x000000078d080000,0x000000078dffa308,0x000000078e000000)
  to   space 19968K, 0% used [0x0000000793f80000,0x0000000793f80000,0x0000000795300000)
 ParOldGen       total 96768K, used 21285K [0x0000000700000000, 0x0000000705e80000, 0x0000000780000000)
  object space 96768K, 21% used [0x0000000700000000,0x00000007014c9620,0x0000000705e80000)
 Metaspace       used 50458K, capacity 51484K, committed 51752K, reserved 1093632K
  class space    used 6803K, capacity 7104K, committed 7208K, reserved 1048576K
}
Event: 10.139 GC heap before
{Heap before GC invocations=10 (full 2):
 PSYoungGen      total 229376K, used 229352K [0x0000000780000000, 0x0000000795300000, 0x00000007c0000000)
  eden space 213504K, 100% used [0x0000000780000000,0x000000078d080000,0x000000078d080000)
  from space 15872K, 99% used [0x000000078d080000,0x000000078dffa308,0x000000078e000000)
  to   space 19968K, 0% used [0x0000000793f80000,0x0000000793f80000,0x0000000795300000)
 ParOldGen       total 96768K, used 21285K [0x0000000700000000, 0x0000000705e80000, 0x0000000780000000)
  object space 96768K, 21% used [0x0000000700000000,0x00000007014c9620,0x0000000705e80000)
 Metaspace       used 55557K, capacity 56872K, committed 57000K, reserved 1097728K
  class space    used 7425K, capacity 7792K, committed 7848K, reserved 1048576K
Event: 10.161 GC heap after
Heap after GC invocations=10 (full 2):
 PSYoungGen      total 319488K, used 19958K [0x0000000780000000, 0x0000000795300000, 0x00000007c0000000)
  eden space 299520K, 0% used [0x0000000780000000,0x0000000780000000,0x0000000792480000)
  from space 19968K, 99% used [0x0000000793f80000,0x00000007952fda60,0x0000000795300000)
  to   space 23552K, 0% used [0x0000000792500000,0x0000000792500000,0x0000000793c00000)
 ParOldGen       total 96768K, used 22232K [0x0000000700000000, 0x0000000705e80000, 0x0000000780000000)
  object space 96768K, 22% used [0x0000000700000000,0x00000007015b6368,0x0000000705e80000)
 Metaspace       used 55557K, capacity 56872K, committed 57000K, reserved 1097728K
  class space    used 7425K, capacity 7792K, committed 7848K, reserved 1048576K
}
Event: 10.521 GC heap before
{Heap before GC invocations=11 (full 2):
 PSYoungGen      total 319488K, used 42177K [0x0000000780000000, 0x0000000795300000, 0x00000007c0000000)
  eden space 299520K, 7% used [0x0000000780000000,0x00000007815b29f8,0x0000000792480000)
  from space 19968K, 99% used [0x0000000793f80000,0x00000007952fda60,0x0000000795300000)
  to   space 23552K, 0% used [0x0000000792500000,0x0000000792500000,0x0000000793c00000)
 ParOldGen       total 96768K, used 22232K [0x0000000700000000, 0x0000000705e80000, 0x0000000780000000)
  object space 96768K, 22% used [0x0000000700000000,0x00000007015b6368,0x0000000705e80000)
 Metaspace       used 57593K, capacity 59050K, committed 59160K, reserved 1099776K
  class space    used 7738K, capacity 8107K, committed 8216K, reserved 1048576K
Event: 10.558 GC heap after
Heap after GC invocations=11 (full 2):
 PSYoungGen      total 323584K, used 14536K [0x0000000780000000, 0x000000079b780000, 0x00000007c0000000)
  eden space 300032K, 0% used [0x0000000780000000,0x0000000780000000,0x0000000792500000)
  from space 23552K, 61% used [0x0000000792500000,0x00000007933321f8,0x0000000793c00000)
  to   space 23552K, 0% used [0x000000079a080000,0x000000079a080000,0x000000079b780000)
 ParOldGen       total 96768K, used 22240K [0x0000000700000000, 0x0000000705e80000, 0x0000000780000000)
  object space 96768K, 22% used [0x0000000700000000,0x00000007015b8368,0x0000000705e80000)
 Metaspace       used 57593K, capacity 59050K, committed 59160K, reserved 1099776K
  class space    used 7738K, capacity 8107K, committed 8216K, reserved 1048576K
}
Event: 10.558 GC heap before
{Heap before GC invocations=12 (full 3):
 PSYoungGen      total 323584K, used 14536K [0x0000000780000000, 0x000000079b780000, 0x00000007c0000000)
  eden space 300032K, 0% used [0x0000000780000000,0x0000000780000000,0x0000000792500000)
  from space 23552K, 61% used [0x0000000792500000,0x00000007933321f8,0x0000000793c00000)
  to   space 23552K, 0% used [0x000000079a080000,0x000000079a080000,0x000000079b780000)
 ParOldGen       total 96768K, used 22240K [0x0000000700000000, 0x0000000705e80000, 0x0000000780000000)
  object space 96768K, 22% used [0x0000000700000000,0x00000007015b8368,0x0000000705e80000)
 Metaspace       used 57593K, capacity 59050K, committed 59160K, reserved 1099776K
  class space    used 7738K, capacity 8107K, committed 8216K, reserved 1048576K
Event: 10.861 GC heap after
Heap after GC invocations=12 (full 3):
 PSYoungGen      total 323584K, used 0K [0x0000000780000000, 0x000000079b780000, 0x00000007c0000000)
  eden space 300032K, 0% used [0x0000000780000000,0x0000000780000000,0x0000000792500000)
  from space 23552K, 0% used [0x0000000792500000,0x0000000792500000,0x0000000793c00000)
  to   space 23552K, 0% used [0x000000079a080000,0x000000079a080000,0x000000079b780000)
 ParOldGen       total 128000K, used 29862K [0x0000000700000000, 0x0000000707d00000, 0x0000000780000000)
  object space 128000K, 23% used [0x0000000700000000,0x0000000701d29988,0x0000000707d00000)
 Metaspace       used 57593K, capacity 59050K, committed 59160K, reserved 1099776K
  class space    used 7738K, capacity 8107K, committed 8216K, reserved 1048576K
}
Event: 15.109 GC heap before
{Heap before GC invocations=13 (full 3):
 PSYoungGen      total 323584K, used 300032K [0x0000000780000000, 0x000000079b780000, 0x00000007c0000000)
  eden space 300032K, 100% used [0x0000000780000000,0x0000000792500000,0x0000000792500000)
  from space 23552K, 0% used [0x0000000792500000,0x0000000792500000,0x0000000793c00000)
  to   space 23552K, 0% used [0x000000079a080000,0x000000079a080000,0x000000079b780000)
 ParOldGen       total 128000K, used 29862K [0x0000000700000000, 0x0000000707d00000, 0x0000000780000000)
  object space 128000K, 23% used [0x0000000700000000,0x0000000701d29988,0x0000000707d00000)
 Metaspace       used 67071K, capacity 69270K, committed 69528K, reserved 1110016K
  class space    used 9063K, capacity 9573K, committed 9624K, reserved 1048576K
Event: 15.164 GC heap after
Heap after GC invocations=13 (full 3):
 PSYoungGen      total 407552K, used 23544K [0x0000000780000000, 0x000000079ba00000, 0x00000007c0000000)
  eden space 384000K, 0% used [0x0000000780000000,0x0000000780000000,0x0000000797700000)
  from space 23552K, 99% used [0x000000079a080000,0x000000079b77e0a8,0x000000079b780000)
  to   space 34304K, 0% used [0x0000000797700000,0x0000000797700000,0x0000000799880000)
 ParOldGen       total 128000K, used 50734K [0x0000000700000000, 0x0000000707d00000, 0x0000000780000000)
  object space 128000K, 39% used [0x0000000700000000,0x000000070318b808,0x0000000707d00000)
 Metaspace       used 67071K, capacity 69270K, committed 69528K, reserved 1110016K
  class space    used 9063K, capacity 9573K, committed 9624K, reserved 1048576K
}

