# JRE version: OpenJDK Runtime Environment (8.0_202-b03) (build 1.8.0_202-release-1483-b03)
# Java VM: OpenJDK 64-Bit Server VM (25.202-b03 mixed mode windows-amd64 compressed oops)
Heap:
 PSYoungGen      total 218112K, used 428K [0x0000000780000000, 0x0000000790a00000, 0x00000007c0000000)
  eden space 199168K, 0% used [0x0000000780000000,0x0000000780000000,0x000000078c280000)
  from space 18944K, 2% used [0x000000078d600000,0x000000078d66b1b8,0x000000078e880000)
  to   space 19968K, 0% used [0x000000078c280000,0x000000078c280000,0x000000078d600000)
 ParOldGen       total 82944K, used 38341K [0x0000000700000000, 0x0000000705100000, 0x0000000780000000)
  object space 82944K, 46% used [0x0000000700000000,0x0000000702571688,0x0000000705100000)
 Metaspace       used 57230K, capacity 58800K, committed 58968K, reserved 1099776K
  class space    used 7807K, capacity 8205K, committed 8320K, reserved 1048576K
GC Heap History (10 events):
Event: 10.202 GC heap after
Heap after GC invocations=10 (full 1):
 PSYoungGen      total 120320K, used 10625K [0x0000000780000000, 0x000000078b380000, 0x00000007c0000000)
  eden space 109568K, 0% used [0x0000000780000000,0x0000000780000000,0x0000000786b00000)
  from space 10752K, 98% used [0x0000000786b00000,0x00000007875607b8,0x0000000787580000)
  to   space 11776K, 0% used [0x000000078a800000,0x000000078a800000,0x000000078b380000)
 ParOldGen       total 57344K, used 8132K [0x0000000700000000, 0x0000000703800000, 0x0000000780000000)
  object space 57344K, 14% used [0x0000000700000000,0x00000007007f13d8,0x0000000703800000)
 Metaspace       used 34571K, capacity 35200K, committed 35416K, reserved 1079296K
  class space    used 4759K, capacity 4932K, committed 4992K, reserved 1048576K
}
Event: 10.202 GC heap before
{Heap before GC invocations=11 (full 2):
 PSYoungGen      total 120320K, used 10625K [0x0000000780000000, 0x000000078b380000, 0x00000007c0000000)
  eden space 109568K, 0% used [0x0000000780000000,0x0000000780000000,0x0000000786b00000)
  from space 10752K, 98% used [0x0000000786b00000,0x00000007875607b8,0x0000000787580000)
  to   space 11776K, 0% used [0x000000078a800000,0x000000078a800000,0x000000078b380000)
 ParOldGen       total 57344K, used 8132K [0x0000000700000000, 0x0000000703800000, 0x0000000780000000)
  object space 57344K, 14% used [0x0000000700000000,0x00000007007f13d8,0x0000000703800000)
 Metaspace       used 34571K, capacity 35200K, committed 35416K, reserved 1079296K
  class space    used 4759K, capacity 4932K, committed 4992K, reserved 1048576K
Event: 10.265 GC heap after
Heap after GC invocations=11 (full 2):
 PSYoungGen      total 120320K, used 0K [0x0000000780000000, 0x000000078b380000, 0x00000007c0000000)
  eden space 109568K, 0% used [0x0000000780000000,0x0000000780000000,0x0000000786b00000)
  from space 10752K, 0% used [0x0000000786b00000,0x0000000786b00000,0x0000000787580000)
  to   space 11776K, 0% used [0x000000078a800000,0x000000078a800000,0x000000078b380000)
 ParOldGen       total 82944K, used 17535K [0x0000000700000000, 0x0000000705100000, 0x0000000780000000)
  object space 82944K, 21% used [0x0000000700000000,0x000000070111fc58,0x0000000705100000)
 Metaspace       used 34562K, capacity 35170K, committed 35416K, reserved 1079296K
  class space    used 4757K, capacity 4927K, committed 4992K, reserved 1048576K
}
Event: 12.151 GC heap before
{Heap before GC invocations=12 (full 2):
 PSYoungGen      total 120320K, used 109568K [0x0000000780000000, 0x000000078b380000, 0x00000007c0000000)
  eden space 109568K, 100% used [0x0000000780000000,0x0000000786b00000,0x0000000786b00000)
  from space 10752K, 0% used [0x0000000786b00000,0x0000000786b00000,0x0000000787580000)
  to   space 11776K, 0% used [0x000000078a800000,0x000000078a800000,0x000000078b380000)
 ParOldGen       total 82944K, used 17535K [0x0000000700000000, 0x0000000705100000, 0x0000000780000000)
  object space 82944K, 21% used [0x0000000700000000,0x000000070111fc58,0x0000000705100000)
 Metaspace       used 45265K, capacity 46178K, committed 46552K, reserved 1089536K
  class space    used 6095K, capacity 6355K, committed 6400K, reserved 1048576K
Event: 12.180 GC heap after
Heap after GC invocations=12 (full 2):
 PSYoungGen      total 161280K, used 11764K [0x0000000780000000, 0x000000078b380000, 0x00000007c0000000)
  eden space 149504K, 0% used [0x0000000780000000,0x0000000780000000,0x0000000789200000)
  from space 11776K, 99% used [0x000000078a800000,0x000000078b37d2c0,0x000000078b380000)
  to   space 13824K, 0% used [0x0000000789880000,0x0000000789880000,0x000000078a600000)
 ParOldGen       total 82944K, used 20186K [0x0000000700000000, 0x0000000705100000, 0x0000000780000000)
  object space 82944K, 24% used [0x0000000700000000,0x00000007013b6aa0,0x0000000705100000)
 Metaspace       used 45265K, capacity 46178K, committed 46552K, reserved 1089536K
  class space    used 6095K, capacity 6355K, committed 6400K, reserved 1048576K
}
Event: 15.085 GC heap before
{Heap before GC invocations=13 (full 2):
 PSYoungGen      total 161280K, used 161268K [0x0000000780000000, 0x000000078b380000, 0x00000007c0000000)
  eden space 149504K, 100% used [0x0000000780000000,0x0000000789200000,0x0000000789200000)
  from space 11776K, 99% used [0x000000078a800000,0x000000078b37d2c0,0x000000078b380000)
  to   space 13824K, 0% used [0x0000000789880000,0x0000000789880000,0x000000078a600000)
 ParOldGen       total 82944K, used 20186K [0x0000000700000000, 0x0000000705100000, 0x0000000780000000)
  object space 82944K, 24% used [0x0000000700000000,0x00000007013b6aa0,0x0000000705100000)
 Metaspace       used 56911K, capacity 58480K, committed 58584K, reserved 1099776K
  class space    used 7751K, capacity 8167K, committed 8192K, reserved 1048576K
Event: 15.108 GC heap after
Heap after GC invocations=13 (full 2):
 PSYoungGen      total 169984K, used 13802K [0x0000000780000000, 0x000000078e880000, 0x00000007c0000000)
  eden space 156160K, 0% used [0x0000000780000000,0x0000000780000000,0x0000000789880000)
  from space 13824K, 99% used [0x0000000789880000,0x000000078a5faae0,0x000000078a600000)
  to   space 18944K, 0% used [0x000000078d600000,0x000000078d600000,0x000000078e880000)
 ParOldGen       total 82944K, used 30108K [0x0000000700000000, 0x0000000705100000, 0x0000000780000000)
  object space 82944K, 36% used [0x0000000700000000,0x0000000701d67128,0x0000000705100000)
 Metaspace       used 56911K, capacity 58480K, committed 58584K, reserved 1099776K
  class space    used 7751K, capacity 8167K, committed 8192K, reserved 1048576K
}
Event: 15.161 GC heap before
{Heap before GC invocations=14 (full 2):
 PSYoungGen      total 169984K, used 19880K [0x0000000780000000, 0x000000078e880000, 0x00000007c0000000)
  eden space 156160K, 3% used [0x0000000780000000,0x00000007805ef738,0x0000000789880000)
  from space 13824K, 99% used [0x0000000789880000,0x000000078a5faae0,0x000000078a600000)
  to   space 18944K, 0% used [0x000000078d600000,0x000000078d600000,0x000000078e880000)
 ParOldGen       total 82944K, used 30108K [0x0000000700000000, 0x0000000705100000, 0x0000000780000000)
  object space 82944K, 36% used [0x0000000700000000,0x0000000701d67128,0x0000000705100000)
 Metaspace       used 57230K, capacity 58800K, committed 58968K, reserved 1099776K
  class space    used 7807K, capacity 8205K, committed 8320K, reserved 1048576K
Event: 15.172 GC heap after
Heap after GC invocations=14 (full 2):
 PSYoungGen      total 218112K, used 428K [0x0000000780000000, 0x0000000790a00000, 0x00000007c0000000)
  eden space 199168K, 0% used [0x0000000780000000,0x0000000780000000,0x000000078c280000)
  from space 18944K, 2% used [0x000000078d600000,0x000000078d66b1b8,0x000000078e880000)
  to   space 19968K, 0% used [0x000000078c280000,0x000000078c280000,0x000000078d600000)
 ParOldGen       total 82944K, used 38341K [0x0000000700000000, 0x0000000705100000, 0x0000000780000000)
  object space 82944K, 46% used [0x0000000700000000,0x0000000702571688,0x0000000705100000)
 Metaspace       used 57230K, capacity 58800K, committed 58968K, reserved 1099776K
  class space    used 7807K, capacity 8205K, committed 8320K, reserved 1048576K
}
Event: 15.172 GC heap before
{Heap before GC invocations=15 (full 3):
 PSYoungGen      total 218112K, used 428K [0x0000000780000000, 0x0000000790a00000, 0x00000007c0000000)
  eden space 199168K, 0% used [0x0000000780000000,0x0000000780000000,0x000000078c280000)
  from space 18944K, 2% used [0x000000078d600000,0x000000078d66b1b8,0x000000078e880000)
  to   space 19968K, 0% used [0x000000078c280000,0x000000078c280000,0x000000078d600000)
 ParOldGen       total 82944K, used 38341K [0x0000000700000000, 0x0000000705100000, 0x0000000780000000)
  object space 82944K, 46% used [0x0000000700000000,0x0000000702571688,0x0000000705100000)
 Metaspace       used 57230K, capacity 58800K, committed 58968K, reserved 1099776K
  class space    used 7807K, capacity 8205K, committed 8320K, reserved 1048576K

