# JRE version: OpenJDK Runtime Environment (8.0_152-b01) (build 1.8.0_152-release-1343-b01)
# Java VM: OpenJDK 64-Bit Server VM (25.152-b01 mixed mode windows-amd64 compressed oops)
Heap:
 PSYoungGen      total 220672K, used 153733K [0x0000000780000000, 0x000000078ea80000, 0x00000007c0000000)
  eden space 204288K, 67% used [0x0000000780000000,0x0000000788673380,0x000000078c780000)
  from space 16384K, 98% used [0x000000078d900000,0x000000078e8ae320,0x000000078e900000)
  to   space 17920K, 71% used [0x000000078c780000,0x000000078d3fc7c8,0x000000078d900000)
 ParOldGen       total 93696K, used 19108K [0x0000000700000000, 0x0000000705b80000, 0x0000000780000000)
  object space 93696K, 20% used [0x0000000700000000,0x00000007012a9188,0x0000000705b80000)
 Metaspace       used 57613K, capacity 59105K, committed 59160K, reserved 1099776K
  class space    used 7736K, capacity 8104K, committed 8104K, reserved 1048576K
GC Heap History (10 events):
Event: 4.906 GC heap after
Heap after GC invocations=8 (full 1):
 PSYoungGen      total 141312K, used 11747K [0x0000000780000000, 0x000000078b680000, 0x00000007c0000000)
  eden space 129536K, 0% used [0x0000000780000000,0x0000000780000000,0x0000000787e80000)
  from space 11776K, 99% used [0x0000000787e80000,0x00000007889f8e08,0x0000000788a00000)
  to   space 13824K, 0% used [0x000000078a900000,0x000000078a900000,0x000000078b680000)
 ParOldGen       total 65536K, used 11540K [0x0000000700000000, 0x0000000704000000, 0x0000000780000000)
  object space 65536K, 17% used [0x0000000700000000,0x0000000700b451f0,0x0000000704000000)
 Metaspace       used 33863K, capacity 34506K, committed 34688K, reserved 1079296K
  class space    used 4664K, capacity 4876K, committed 4992K, reserved 1048576K
}
Event: 5.036 GC heap before
{Heap before GC invocations=9 (full 1):
 PSYoungGen      total 141312K, used 23688K [0x0000000780000000, 0x000000078b680000, 0x00000007c0000000)
  eden space 129536K, 9% used [0x0000000780000000,0x0000000780ba95e8,0x0000000787e80000)
  from space 11776K, 99% used [0x0000000787e80000,0x00000007889f8e08,0x0000000788a00000)
  to   space 13824K, 0% used [0x000000078a900000,0x000000078a900000,0x000000078b680000)
 ParOldGen       total 65536K, used 11540K [0x0000000700000000, 0x0000000704000000, 0x0000000780000000)
  object space 65536K, 17% used [0x0000000700000000,0x0000000700b451f0,0x0000000704000000)
 Metaspace       used 34768K, capacity 35440K, committed 35496K, reserved 1079296K
  class space    used 4793K, capacity 4995K, committed 5032K, reserved 1048576K
Event: 5.046 GC heap after
Heap after GC invocations=9 (full 1):
 PSYoungGen      total 173568K, used 8993K [0x0000000780000000, 0x000000078e280000, 0x00000007c0000000)
  eden space 159744K, 0% used [0x0000000780000000,0x0000000780000000,0x0000000789c00000)
  from space 13824K, 65% used [0x000000078a900000,0x000000078b1c8520,0x000000078b680000)
  to   space 13312K, 0% used [0x0000000789c00000,0x0000000789c00000,0x000000078a900000)
 ParOldGen       total 65536K, used 11540K [0x0000000700000000, 0x0000000704000000, 0x0000000780000000)
  object space 65536K, 17% used [0x0000000700000000,0x0000000700b451f0,0x0000000704000000)
 Metaspace       used 34768K, capacity 35440K, committed 35496K, reserved 1079296K
  class space    used 4793K, capacity 4995K, committed 5032K, reserved 1048576K
}
Event: 5.046 GC heap before
{Heap before GC invocations=10 (full 2):
 PSYoungGen      total 173568K, used 8993K [0x0000000780000000, 0x000000078e280000, 0x00000007c0000000)
  eden space 159744K, 0% used [0x0000000780000000,0x0000000780000000,0x0000000789c00000)
  from space 13824K, 65% used [0x000000078a900000,0x000000078b1c8520,0x000000078b680000)
  to   space 13312K, 0% used [0x0000000789c00000,0x0000000789c00000,0x000000078a900000)
 ParOldGen       total 65536K, used 11540K [0x0000000700000000, 0x0000000704000000, 0x0000000780000000)
  object space 65536K, 17% used [0x0000000700000000,0x0000000700b451f0,0x0000000704000000)
 Metaspace       used 34768K, capacity 35440K, committed 35496K, reserved 1079296K
  class space    used 4793K, capacity 4995K, committed 5032K, reserved 1048576K
Event: 5.149 GC heap after
Heap after GC invocations=10 (full 2):
 PSYoungGen      total 173568K, used 0K [0x0000000780000000, 0x000000078e280000, 0x00000007c0000000)
  eden space 159744K, 0% used [0x0000000780000000,0x0000000780000000,0x0000000789c00000)
  from space 13824K, 0% used [0x000000078a900000,0x000000078a900000,0x000000078b680000)
  to   space 13312K, 0% used [0x0000000789c00000,0x0000000789c00000,0x000000078a900000)
 ParOldGen       total 93696K, used 16247K [0x0000000700000000, 0x0000000705b80000, 0x0000000780000000)
  object space 93696K, 17% used [0x0000000700000000,0x0000000700fdde28,0x0000000705b80000)
 Metaspace       used 34763K, capacity 35422K, committed 35496K, reserved 1079296K
  class space    used 4791K, capacity 4992K, committed 5032K, reserved 1048576K
}
Event: 7.407 GC heap before
{Heap before GC invocations=11 (full 2):
 PSYoungGen      total 173568K, used 159744K [0x0000000780000000, 0x000000078e280000, 0x00000007c0000000)
  eden space 159744K, 100% used [0x0000000780000000,0x0000000789c00000,0x0000000789c00000)
  from space 13824K, 0% used [0x000000078a900000,0x000000078a900000,0x000000078b680000)
  to   space 13312K, 0% used [0x0000000789c00000,0x0000000789c00000,0x000000078a900000)
 ParOldGen       total 93696K, used 16247K [0x0000000700000000, 0x0000000705b80000, 0x0000000780000000)
  object space 93696K, 17% used [0x0000000700000000,0x0000000700fdde28,0x0000000705b80000)
 Metaspace       used 45628K, capacity 46544K, committed 46760K, reserved 1089536K
  class space    used 6168K, capacity 6476K, committed 6568K, reserved 1048576K
Event: 7.423 GC heap after
Heap after GC invocations=11 (full 2):
 PSYoungGen      total 173056K, used 13283K [0x0000000780000000, 0x000000078e900000, 0x00000007c0000000)
  eden space 159744K, 0% used [0x0000000780000000,0x0000000780000000,0x0000000789c00000)
  from space 13312K, 99% used [0x0000000789c00000,0x000000078a8f8c90,0x000000078a900000)
  to   space 16384K, 0% used [0x000000078d900000,0x000000078d900000,0x000000078e900000)
 ParOldGen       total 93696K, used 19020K [0x0000000700000000, 0x0000000705b80000, 0x0000000780000000)
  object space 93696K, 20% used [0x0000000700000000,0x0000000701293178,0x0000000705b80000)
 Metaspace       used 45628K, capacity 46544K, committed 46760K, reserved 1089536K
  class space    used 6168K, capacity 6476K, committed 6568K, reserved 1048576K
}
Event: 8.895 GC heap before
{Heap before GC invocations=12 (full 2):
 PSYoungGen      total 173056K, used 173027K [0x0000000780000000, 0x000000078e900000, 0x00000007c0000000)
  eden space 159744K, 100% used [0x0000000780000000,0x0000000789c00000,0x0000000789c00000)
  from space 13312K, 99% used [0x0000000789c00000,0x000000078a8f8c90,0x000000078a900000)
  to   space 16384K, 0% used [0x000000078d900000,0x000000078d900000,0x000000078e900000)
 ParOldGen       total 93696K, used 19020K [0x0000000700000000, 0x0000000705b80000, 0x0000000780000000)
  object space 93696K, 20% used [0x0000000700000000,0x0000000701293178,0x0000000705b80000)
 Metaspace       used 50947K, capacity 51968K, committed 52264K, reserved 1093632K
  class space    used 6812K, capacity 7120K, committed 7208K, reserved 1048576K
Event: 8.931 GC heap after
Heap after GC invocations=12 (full 2):
 PSYoungGen      total 220672K, used 16056K [0x0000000780000000, 0x000000078ea80000, 0x00000007c0000000)
  eden space 204288K, 0% used [0x0000000780000000,0x0000000780000000,0x000000078c780000)
  from space 16384K, 98% used [0x000000078d900000,0x000000078e8ae320,0x000000078e900000)
  to   space 17920K, 0% used [0x000000078c780000,0x000000078c780000,0x000000078d900000)
 ParOldGen       total 93696K, used 19028K [0x0000000700000000, 0x0000000705b80000, 0x0000000780000000)
  object space 93696K, 20% used [0x0000000700000000,0x0000000701295178,0x0000000705b80000)
 Metaspace       used 50947K, capacity 51968K, committed 52264K, reserved 1093632K
  class space    used 6812K, capacity 7120K, committed 7208K, reserved 1048576K
}
Event: 10.997 GC heap before
{Heap before GC invocations=13 (full 2):
 PSYoungGen      total 220672K, used 153733K [0x0000000780000000, 0x000000078ea80000, 0x00000007c0000000)
  eden space 204288K, 67% used [0x0000000780000000,0x0000000788673380,0x000000078c780000)
  from space 16384K, 98% used [0x000000078d900000,0x000000078e8ae320,0x000000078e900000)
  to   space 17920K, 0% used [0x000000078c780000,0x000000078c780000,0x000000078d900000)
 ParOldGen       total 93696K, used 19028K [0x0000000700000000, 0x0000000705b80000, 0x0000000780000000)
  object space 93696K, 20% used [0x0000000700000000,0x0000000701295178,0x0000000705b80000)
 Metaspace       used 57613K, capacity 59105K, committed 59160K, reserved 1099776K
  class space    used 7736K, capacity 8104K, committed 8104K, reserved 1048576K

