# JRE version: OpenJDK Runtime Environment (8.0_152-b01) (build 1.8.0_152-release-1343-b01)
# Java VM: OpenJDK 64-Bit Server VM (25.152-b01 mixed mode windows-amd64 compressed oops)
Heap:
 PSYoungGen      total 111616K, used 111288K [0x0000000780000000, 0x0000000789580000, 0x00000007c0000000)
  eden space 103424K, 100% used [0x0000000780000000,0x0000000786500000,0x0000000786500000)
  from space 8192K, 95% used [0x0000000788d80000,0x000000078952e010,0x0000000789580000)
  to   space 11776K, 65% used [0x0000000787e80000,0x0000000788608000,0x0000000788a00000)
 ParOldGen       total 64000K, used 10830K [0x0000000700000000, 0x0000000703e80000, 0x0000000780000000)
  object space 64000K, 16% used [0x0000000700000000,0x0000000700a938a8,0x0000000703e80000)
 Metaspace       used 33830K, capacity 34484K, committed 34688K, reserved 1079296K
  class space    used 4662K, capacity 4873K, committed 4992K, reserved 1048576K
GC Heap History (10 events):
Event: 1.706 GC heap after
Heap after GC invocations=3 (full 0):
 PSYoungGen      total 38400K, used 5097K [0x0000000780000000, 0x0000000784b00000, 0x00000007c0000000)
  eden space 33280K, 0% used [0x0000000780000000,0x0000000780000000,0x0000000782080000)
  from space 5120K, 99% used [0x0000000782080000,0x000000078257a540,0x0000000782580000)
  to   space 5120K, 0% used [0x0000000784600000,0x0000000784600000,0x0000000784b00000)
 ParOldGen       total 87552K, used 1990K [0x0000000700000000, 0x0000000705580000, 0x0000000780000000)
  object space 87552K, 2% used [0x0000000700000000,0x00000007001f1a90,0x0000000705580000)
 Metaspace       used 13197K, capacity 13556K, committed 13824K, reserved 1060864K
  class space    used 1816K, capacity 1966K, committed 2048K, reserved 1048576K
}
Event: 2.057 GC heap before
{Heap before GC invocations=4 (full 0):
 PSYoungGen      total 38400K, used 38377K [0x0000000780000000, 0x0000000784b00000, 0x00000007c0000000)
  eden space 33280K, 100% used [0x0000000780000000,0x0000000782080000,0x0000000782080000)
  from space 5120K, 99% used [0x0000000782080000,0x000000078257a540,0x0000000782580000)
  to   space 5120K, 0% used [0x0000000784600000,0x0000000784600000,0x0000000784b00000)
 ParOldGen       total 87552K, used 1990K [0x0000000700000000, 0x0000000705580000, 0x0000000780000000)
  object space 87552K, 2% used [0x0000000700000000,0x00000007001f1a90,0x0000000705580000)
 Metaspace       used 16001K, capacity 16356K, committed 16640K, reserved 1062912K
  class space    used 2289K, capacity 2456K, committed 2560K, reserved 1048576K
Event: 2.066 GC heap after
Heap after GC invocations=4 (full 0):
 PSYoungGen      total 71680K, used 5113K [0x0000000780000000, 0x0000000784b00000, 0x00000007c0000000)
  eden space 66560K, 0% used [0x0000000780000000,0x0000000780000000,0x0000000784100000)
  from space 5120K, 99% used [0x0000000784600000,0x0000000784afe640,0x0000000784b00000)
  to   space 5120K, 0% used [0x0000000784100000,0x0000000784100000,0x0000000784600000)
 ParOldGen       total 87552K, used 5375K [0x0000000700000000, 0x0000000705580000, 0x0000000780000000)
  object space 87552K, 6% used [0x0000000700000000,0x000000070053fe50,0x0000000705580000)
 Metaspace       used 16001K, capacity 16356K, committed 16640K, reserved 1062912K
  class space    used 2289K, capacity 2456K, committed 2560K, reserved 1048576K
}
Event: 2.651 GC heap before
{Heap before GC invocations=5 (full 0):
 PSYoungGen      total 71680K, used 47908K [0x0000000780000000, 0x0000000784b00000, 0x00000007c0000000)
  eden space 66560K, 64% used [0x0000000780000000,0x00000007829cabd8,0x0000000784100000)
  from space 5120K, 99% used [0x0000000784600000,0x0000000784afe640,0x0000000784b00000)
  to   space 5120K, 0% used [0x0000000784100000,0x0000000784100000,0x0000000784600000)
 ParOldGen       total 87552K, used 5375K [0x0000000700000000, 0x0000000705580000, 0x0000000780000000)
  object space 87552K, 6% used [0x0000000700000000,0x000000070053fe50,0x0000000705580000)
 Metaspace       used 20651K, capacity 21106K, committed 21296K, reserved 1067008K
  class space    used 2903K, capacity 3087K, committed 3200K, reserved 1048576K
Event: 2.682 GC heap after
Heap after GC invocations=5 (full 0):
 PSYoungGen      total 71680K, used 5113K [0x0000000780000000, 0x0000000789900000, 0x00000007c0000000)
  eden space 66560K, 0% used [0x0000000780000000,0x0000000780000000,0x0000000784100000)
  from space 5120K, 99% used [0x0000000784100000,0x00000007845fe650,0x0000000784600000)
  to   space 11776K, 0% used [0x0000000788d80000,0x0000000788d80000,0x0000000789900000)
 ParOldGen       total 87552K, used 10804K [0x0000000700000000, 0x0000000705580000, 0x0000000780000000)
  object space 87552K, 12% used [0x0000000700000000,0x0000000700a8d1f0,0x0000000705580000)
 Metaspace       used 20651K, capacity 21106K, committed 21296K, reserved 1067008K
  class space    used 2903K, capacity 3087K, committed 3200K, reserved 1048576K
}
Event: 2.682 GC heap before
{Heap before GC invocations=6 (full 1):
 PSYoungGen      total 71680K, used 5113K [0x0000000780000000, 0x0000000789900000, 0x00000007c0000000)
  eden space 66560K, 0% used [0x0000000780000000,0x0000000780000000,0x0000000784100000)
  from space 5120K, 99% used [0x0000000784100000,0x00000007845fe650,0x0000000784600000)
  to   space 11776K, 0% used [0x0000000788d80000,0x0000000788d80000,0x0000000789900000)
 ParOldGen       total 87552K, used 10804K [0x0000000700000000, 0x0000000705580000, 0x0000000780000000)
  object space 87552K, 12% used [0x0000000700000000,0x0000000700a8d1f0,0x0000000705580000)
 Metaspace       used 20651K, capacity 21106K, committed 21296K, reserved 1067008K
  class space    used 2903K, capacity 3087K, committed 3200K, reserved 1048576K
Event: 2.733 GC heap after
Heap after GC invocations=6 (full 1):
 PSYoungGen      total 71680K, used 0K [0x0000000780000000, 0x0000000789900000, 0x00000007c0000000)
  eden space 66560K, 0% used [0x0000000780000000,0x0000000780000000,0x0000000784100000)
  from space 5120K, 0% used [0x0000000784100000,0x0000000784100000,0x0000000784600000)
  to   space 11776K, 0% used [0x0000000788d80000,0x0000000788d80000,0x0000000789900000)
 ParOldGen       total 64000K, used 10814K [0x0000000700000000, 0x0000000703e80000, 0x0000000780000000)
  object space 64000K, 16% used [0x0000000700000000,0x0000000700a8f8a8,0x0000000703e80000)
 Metaspace       used 20651K, capacity 21106K, committed 21296K, reserved 1067008K
  class space    used 2903K, capacity 3087K, committed 3200K, reserved 1048576K
}
Event: 4.003 GC heap before
{Heap before GC invocations=7 (full 1):
 PSYoungGen      total 71680K, used 66560K [0x0000000780000000, 0x0000000789900000, 0x00000007c0000000)
  eden space 66560K, 100% used [0x0000000780000000,0x0000000784100000,0x0000000784100000)
  from space 5120K, 0% used [0x0000000784100000,0x0000000784100000,0x0000000784600000)
  to   space 11776K, 0% used [0x0000000788d80000,0x0000000788d80000,0x0000000789900000)
 ParOldGen       total 64000K, used 10814K [0x0000000700000000, 0x0000000703e80000, 0x0000000780000000)
  object space 64000K, 16% used [0x0000000700000000,0x0000000700a8f8a8,0x0000000703e80000)
 Metaspace       used 28695K, capacity 29222K, committed 29440K, reserved 1075200K
  class space    used 3859K, capacity 4034K, committed 4096K, reserved 1048576K
Event: 4.013 GC heap after
Heap after GC invocations=7 (full 1):
 PSYoungGen      total 111616K, used 7864K [0x0000000780000000, 0x0000000789580000, 0x00000007c0000000)
  eden space 103424K, 0% used [0x0000000780000000,0x0000000780000000,0x0000000786500000)
  from space 8192K, 95% used [0x0000000788d80000,0x000000078952e010,0x0000000789580000)
  to   space 11776K, 0% used [0x0000000787e80000,0x0000000787e80000,0x0000000788a00000)
 ParOldGen       total 64000K, used 10822K [0x0000000700000000, 0x0000000703e80000, 0x0000000780000000)
  object space 64000K, 16% used [0x0000000700000000,0x0000000700a918a8,0x0000000703e80000)
 Metaspace       used 28695K, capacity 29222K, committed 29440K, reserved 1075200K
  class space    used 3859K, capacity 4034K, committed 4096K, reserved 1048576K
}
Event: 10.662 GC heap before
{Heap before GC invocations=8 (full 1):
 PSYoungGen      total 111616K, used 111288K [0x0000000780000000, 0x0000000789580000, 0x00000007c0000000)
  eden space 103424K, 100% used [0x0000000780000000,0x0000000786500000,0x0000000786500000)
  from space 8192K, 95% used [0x0000000788d80000,0x000000078952e010,0x0000000789580000)
  to   space 11776K, 0% used [0x0000000787e80000,0x0000000787e80000,0x0000000788a00000)
 ParOldGen       total 64000K, used 10822K [0x0000000700000000, 0x0000000703e80000, 0x0000000780000000)
  object space 64000K, 16% used [0x0000000700000000,0x0000000700a918a8,0x0000000703e80000)
 Metaspace       used 33830K, capacity 34484K, committed 34688K, reserved 1079296K
  class space    used 4662K, capacity 4873K, committed 4992K, reserved 1048576K

