# JRE version: OpenJDK Runtime Environment (8.0_152-b01) (build 1.8.0_152-release-1343-b01)
# Java VM: OpenJDK 64-Bit Server VM (25.152-b01 mixed mode windows-amd64 compressed oops)
Heap:
 PSYoungGen      total 340992K, used 226325K [0x0000000780000000, 0x0000000797680000, 0x00000007c0000000)
  eden space 312832K, 65% used [0x0000000780000000,0x000000078c948ca0,0x0000000793180000)
  from space 28160K, 71% used [0x0000000795b00000,0x0000000796ebc8a8,0x0000000797680000)
  to   space 35328K, 0% used [0x0000000793180000,0x0000000793180000,0x0000000795400000)
 ParOldGen       total 138752K, used 77953K [0x0000000700000000, 0x0000000708780000, 0x0000000780000000)
  object space 138752K, 56% used [0x0000000700000000,0x0000000704c207d0,0x0000000708780000)
 Metaspace       used 87592K, capacity 91080K, committed 91176K, reserved 1128448K
  class space    used 11298K, capacity 11983K, committed 12072K, reserved 1048576K
GC Heap History (10 events):
Event: 9.851 GC heap before
{Heap before GC invocations=13 (full 2):
 PSYoungGen      total 232960K, used 130757K [0x0000000780000000, 0x000000078f780000, 0x00000007c0000000)
  eden space 216576K, 52% used [0x0000000780000000,0x0000000786fb2430,0x000000078d380000)
  from space 16384K, 99% used [0x000000078e580000,0x000000078f57f278,0x000000078f580000)
  to   space 18432K, 0% used [0x000000078d380000,0x000000078d380000,0x000000078e580000)
 ParOldGen       total 93696K, used 19346K [0x0000000700000000, 0x0000000705b80000, 0x0000000780000000)
  object space 93696K, 20% used [0x0000000700000000,0x00000007012e4aa8,0x0000000705b80000)
 Metaspace       used 57586K, capacity 59100K, committed 59160K, reserved 1099776K
  class space    used 7738K, capacity 8104K, committed 8104K, reserved 1048576K
Event: 9.869 GC heap after
Heap after GC invocations=13 (full 2):
 PSYoungGen      total 235008K, used 9207K [0x0000000780000000, 0x0000000793200000, 0x00000007c0000000)
  eden space 216576K, 0% used [0x0000000780000000,0x0000000780000000,0x000000078d380000)
  from space 18432K, 49% used [0x000000078d380000,0x000000078dc7dea8,0x000000078e580000)
  to   space 17920K, 0% used [0x0000000792080000,0x0000000792080000,0x0000000793200000)
 ParOldGen       total 93696K, used 29069K [0x0000000700000000, 0x0000000705b80000, 0x0000000780000000)
  object space 93696K, 31% used [0x0000000700000000,0x0000000701c63588,0x0000000705b80000)
 Metaspace       used 57586K, capacity 59100K, committed 59160K, reserved 1099776K
  class space    used 7738K, capacity 8104K, committed 8104K, reserved 1048576K
}
Event: 9.869 GC heap before
{Heap before GC invocations=14 (full 3):
 PSYoungGen      total 235008K, used 9207K [0x0000000780000000, 0x0000000793200000, 0x00000007c0000000)
  eden space 216576K, 0% used [0x0000000780000000,0x0000000780000000,0x000000078d380000)
  from space 18432K, 49% used [0x000000078d380000,0x000000078dc7dea8,0x000000078e580000)
  to   space 17920K, 0% used [0x0000000792080000,0x0000000792080000,0x0000000793200000)
 ParOldGen       total 93696K, used 29069K [0x0000000700000000, 0x0000000705b80000, 0x0000000780000000)
  object space 93696K, 31% used [0x0000000700000000,0x0000000701c63588,0x0000000705b80000)
 Metaspace       used 57586K, capacity 59100K, committed 59160K, reserved 1099776K
  class space    used 7738K, capacity 8104K, committed 8104K, reserved 1048576K
Event: 10.135 GC heap after
Heap after GC invocations=14 (full 3):
 PSYoungGen      total 235008K, used 0K [0x0000000780000000, 0x0000000793200000, 0x00000007c0000000)
  eden space 216576K, 0% used [0x0000000780000000,0x0000000780000000,0x000000078d380000)
  from space 18432K, 0% used [0x000000078d380000,0x000000078d380000,0x000000078e580000)
  to   space 17920K, 0% used [0x0000000792080000,0x0000000792080000,0x0000000793200000)
 ParOldGen       total 138752K, used 33824K [0x0000000700000000, 0x0000000708780000, 0x0000000780000000)
  object space 138752K, 24% used [0x0000000700000000,0x0000000702108098,0x0000000708780000)
 Metaspace       used 57586K, capacity 59100K, committed 59160K, reserved 1099776K
  class space    used 7738K, capacity 8104K, committed 8104K, reserved 1048576K
}
Event: 13.177 GC heap before
{Heap before GC invocations=15 (full 3):
 PSYoungGen      total 235008K, used 216576K [0x0000000780000000, 0x0000000793200000, 0x00000007c0000000)
  eden space 216576K, 100% used [0x0000000780000000,0x000000078d380000,0x000000078d380000)
  from space 18432K, 0% used [0x000000078d380000,0x000000078d380000,0x000000078e580000)
  to   space 17920K, 0% used [0x0000000792080000,0x0000000792080000,0x0000000793200000)
 ParOldGen       total 138752K, used 33824K [0x0000000700000000, 0x0000000708780000, 0x0000000780000000)
  object space 138752K, 24% used [0x0000000700000000,0x0000000702108098,0x0000000708780000)
 Metaspace       used 66622K, capacity 68732K, committed 68904K, reserved 1107968K
  class space    used 8938K, capacity 9446K, committed 9512K, reserved 1048576K
Event: 13.217 GC heap after
Heap after GC invocations=15 (full 3):
 PSYoungGen      total 285184K, used 17893K [0x0000000780000000, 0x0000000793200000, 0x00000007c0000000)
  eden space 267264K, 0% used [0x0000000780000000,0x0000000780000000,0x0000000790500000)
  from space 17920K, 99% used [0x0000000792080000,0x00000007931f9508,0x0000000793200000)
  to   space 22016K, 0% used [0x0000000790700000,0x0000000790700000,0x0000000791c80000)
 ParOldGen       total 138752K, used 38720K [0x0000000700000000, 0x0000000708780000, 0x0000000780000000)
  object space 138752K, 27% used [0x0000000700000000,0x00000007025d03f0,0x0000000708780000)
 Metaspace       used 66622K, capacity 68732K, committed 68904K, reserved 1107968K
  class space    used 8938K, capacity 9446K, committed 9512K, reserved 1048576K
}
Event: 48.896 GC heap before
{Heap before GC invocations=16 (full 3):
 PSYoungGen      total 285184K, used 285157K [0x0000000780000000, 0x0000000793200000, 0x00000007c0000000)
  eden space 267264K, 100% used [0x0000000780000000,0x0000000790500000,0x0000000790500000)
  from space 17920K, 99% used [0x0000000792080000,0x00000007931f9508,0x0000000793200000)
  to   space 22016K, 0% used [0x0000000790700000,0x0000000790700000,0x0000000791c80000)
 ParOldGen       total 138752K, used 38720K [0x0000000700000000, 0x0000000708780000, 0x0000000780000000)
  object space 138752K, 27% used [0x0000000700000000,0x00000007025d03f0,0x0000000708780000)
 Metaspace       used 72150K, capacity 74412K, committed 74664K, reserved 1114112K
  class space    used 9298K, capacity 9788K, committed 9896K, reserved 1048576K
Event: 48.947 GC heap after
Heap after GC invocations=16 (full 3):
 PSYoungGen      total 291328K, used 21991K [0x0000000780000000, 0x0000000797d80000, 0x00000007c0000000)
  eden space 269312K, 0% used [0x0000000780000000,0x0000000780000000,0x0000000790700000)
  from space 22016K, 99% used [0x0000000790700000,0x0000000791c79db8,0x0000000791c80000)
  to   space 35328K, 0% used [0x0000000795b00000,0x0000000795b00000,0x0000000797d80000)
 ParOldGen       total 138752K, used 66801K [0x0000000700000000, 0x0000000708780000, 0x0000000780000000)
  object space 138752K, 48% used [0x0000000700000000,0x000000070413c770,0x0000000708780000)
 Metaspace       used 72150K, capacity 74412K, committed 74664K, reserved 1114112K
  class space    used 9298K, capacity 9788K, committed 9896K, reserved 1048576K
}
Event: 1377.951 GC heap before
{Heap before GC invocations=17 (full 3):
 PSYoungGen      total 291328K, used 291303K [0x0000000780000000, 0x0000000797d80000, 0x00000007c0000000)
  eden space 269312K, 100% used [0x0000000780000000,0x0000000790700000,0x0000000790700000)
  from space 22016K, 99% used [0x0000000790700000,0x0000000791c79db8,0x0000000791c80000)
  to   space 35328K, 0% used [0x0000000795b00000,0x0000000795b00000,0x0000000797d80000)
 ParOldGen       total 138752K, used 66801K [0x0000000700000000, 0x0000000708780000, 0x0000000780000000)
  object space 138752K, 48% used [0x0000000700000000,0x000000070413c770,0x0000000708780000)
 Metaspace       used 85712K, capacity 89080K, committed 89256K, reserved 1126400K
  class space    used 11176K, capacity 11846K, committed 11944K, reserved 1048576K
Event: 1378.023 GC heap after
Heap after GC invocations=17 (full 3):
 PSYoungGen      total 340992K, used 20210K [0x0000000780000000, 0x0000000797680000, 0x00000007c0000000)
  eden space 312832K, 0% used [0x0000000780000000,0x0000000780000000,0x0000000793180000)
  from space 28160K, 71% used [0x0000000795b00000,0x0000000796ebc8a8,0x0000000797680000)
  to   space 35328K, 0% used [0x0000000793180000,0x0000000793180000,0x0000000795400000)
 ParOldGen       total 138752K, used 77953K [0x0000000700000000, 0x0000000708780000, 0x0000000780000000)
  object space 138752K, 56% used [0x0000000700000000,0x0000000704c207d0,0x0000000708780000)
 Metaspace       used 85712K, capacity 89080K, committed 89256K, reserved 1126400K
  class space    used 11176K, capacity 11846K, committed 11944K, reserved 1048576K
}

