# JRE version: OpenJDK Runtime Environment (8.0_152-b01) (build 1.8.0_152-release-1343-b01)
# Java VM: OpenJDK 64-Bit Server VM (25.152-b01 mixed mode windows-amd64 compressed oops)
Heap:
 PSYoungGen      total 97792K, used 41726K [0x0000000780000000, 0x0000000789500000, 0x00000007c0000000)
  eden space 90112K, 38% used [0x0000000780000000,0x000000078219eff8,0x0000000785800000)
  from space 7680K, 95% used [0x0000000788d80000,0x00000007894a0a88,0x0000000789500000)
  to   space 11264K, 0% used [0x0000000787f00000,0x0000000787f00000,0x0000000788a00000)
 ParOldGen       total 72192K, used 10958K [0x0000000700000000, 0x0000000704680000, 0x0000000780000000)
  object space 72192K, 15% used [0x0000000700000000,0x0000000700ab3850,0x0000000704680000)
 Metaspace       used 30413K, capacity 31044K, committed 31232K, reserved 1077248K
  class space    used 4125K, capacity 4344K, committed 4352K, reserved 1048576K
GC Heap History (10 events):
Event: 1.542 GC heap before
{Heap before GC invocations=3 (full 0):
 PSYoungGen      total 38400K, used 37978K [0x0000000780000000, 0x0000000784b00000, 0x00000007c0000000)
  eden space 33280K, 100% used [0x0000000780000000,0x0000000782080000,0x0000000782080000)
  from space 5120K, 91% used [0x0000000782580000,0x0000000782a16888,0x0000000782a80000)
  to   space 5120K, 0% used [0x0000000782080000,0x0000000782080000,0x0000000782580000)
 ParOldGen       total 87552K, used 16K [0x0000000700000000, 0x0000000705580000, 0x0000000780000000)
  object space 87552K, 0% used [0x0000000700000000,0x0000000700004000,0x0000000705580000)
 Metaspace       used 13191K, capacity 13544K, committed 13824K, reserved 1060864K
  class space    used 1815K, capacity 1964K, committed 2048K, reserved 1048576K
Event: 1.552 GC heap after
Heap after GC invocations=3 (full 0):
 PSYoungGen      total 38400K, used 5113K [0x0000000780000000, 0x0000000784b00000, 0x00000007c0000000)
  eden space 33280K, 0% used [0x0000000780000000,0x0000000780000000,0x0000000782080000)
  from space 5120K, 99% used [0x0000000782080000,0x000000078257e640,0x0000000782580000)
  to   space 5120K, 0% used [0x0000000784600000,0x0000000784600000,0x0000000784b00000)
 ParOldGen       total 87552K, used 1868K [0x0000000700000000, 0x0000000705580000, 0x0000000780000000)
  object space 87552K, 2% used [0x0000000700000000,0x00000007001d3168,0x0000000705580000)
 Metaspace       used 13191K, capacity 13544K, committed 13824K, reserved 1060864K
  class space    used 1815K, capacity 1964K, committed 2048K, reserved 1048576K
}
Event: 1.848 GC heap before
{Heap before GC invocations=4 (full 0):
 PSYoungGen      total 38400K, used 38393K [0x0000000780000000, 0x0000000784b00000, 0x00000007c0000000)
  eden space 33280K, 100% used [0x0000000780000000,0x0000000782080000,0x0000000782080000)
  from space 5120K, 99% used [0x0000000782080000,0x000000078257e640,0x0000000782580000)
  to   space 5120K, 0% used [0x0000000784600000,0x0000000784600000,0x0000000784b00000)
 ParOldGen       total 87552K, used 1868K [0x0000000700000000, 0x0000000705580000, 0x0000000780000000)
  object space 87552K, 2% used [0x0000000700000000,0x00000007001d3168,0x0000000705580000)
 Metaspace       used 16004K, capacity 16408K, committed 16640K, reserved 1062912K
  class space    used 2288K, capacity 2454K, committed 2560K, reserved 1048576K
Event: 1.858 GC heap after
Heap after GC invocations=4 (full 0):
 PSYoungGen      total 71680K, used 5113K [0x0000000780000000, 0x0000000784b00000, 0x00000007c0000000)
  eden space 66560K, 0% used [0x0000000780000000,0x0000000780000000,0x0000000784100000)
  from space 5120K, 99% used [0x0000000784600000,0x0000000784afe640,0x0000000784b00000)
  to   space 5120K, 0% used [0x0000000784100000,0x0000000784100000,0x0000000784600000)
 ParOldGen       total 87552K, used 5221K [0x0000000700000000, 0x0000000705580000, 0x0000000780000000)
  object space 87552K, 5% used [0x0000000700000000,0x0000000700519790,0x0000000705580000)
 Metaspace       used 16004K, capacity 16408K, committed 16640K, reserved 1062912K
  class space    used 2288K, capacity 2454K, committed 2560K, reserved 1048576K
}
Event: 2.932 GC heap before
{Heap before GC invocations=5 (full 0):
 PSYoungGen      total 71680K, used 49657K [0x0000000780000000, 0x0000000784b00000, 0x00000007c0000000)
  eden space 66560K, 66% used [0x0000000780000000,0x0000000782b80058,0x0000000784100000)
  from space 5120K, 99% used [0x0000000784600000,0x0000000784afe640,0x0000000784b00000)
  to   space 5120K, 0% used [0x0000000784100000,0x0000000784100000,0x0000000784600000)
 ParOldGen       total 87552K, used 5221K [0x0000000700000000, 0x0000000705580000, 0x0000000780000000)
  object space 87552K, 5% used [0x0000000700000000,0x0000000700519790,0x0000000705580000)
 Metaspace       used 20671K, capacity 21096K, committed 21296K, reserved 1067008K
  class space    used 2913K, capacity 3087K, committed 3200K, reserved 1048576K
Event: 2.941 GC heap after
Heap after GC invocations=5 (full 0):
 PSYoungGen      total 71680K, used 5101K [0x0000000780000000, 0x0000000789900000, 0x00000007c0000000)
  eden space 66560K, 0% used [0x0000000780000000,0x0000000780000000,0x0000000784100000)
  from space 5120K, 99% used [0x0000000784100000,0x00000007845fb660,0x0000000784600000)
  to   space 11776K, 0% used [0x0000000788d80000,0x0000000788d80000,0x0000000789900000)
 ParOldGen       total 87552K, used 10808K [0x0000000700000000, 0x0000000705580000, 0x0000000780000000)
  object space 87552K, 12% used [0x0000000700000000,0x0000000700a8e150,0x0000000705580000)
 Metaspace       used 20671K, capacity 21096K, committed 21296K, reserved 1067008K
  class space    used 2913K, capacity 3087K, committed 3200K, reserved 1048576K
}
Event: 2.941 GC heap before
{Heap before GC invocations=6 (full 1):
 PSYoungGen      total 71680K, used 5101K [0x0000000780000000, 0x0000000789900000, 0x00000007c0000000)
  eden space 66560K, 0% used [0x0000000780000000,0x0000000780000000,0x0000000784100000)
  from space 5120K, 99% used [0x0000000784100000,0x00000007845fb660,0x0000000784600000)
  to   space 11776K, 0% used [0x0000000788d80000,0x0000000788d80000,0x0000000789900000)
 ParOldGen       total 87552K, used 10808K [0x0000000700000000, 0x0000000705580000, 0x0000000780000000)
  object space 87552K, 12% used [0x0000000700000000,0x0000000700a8e150,0x0000000705580000)
 Metaspace       used 20671K, capacity 21096K, committed 21296K, reserved 1067008K
  class space    used 2913K, capacity 3087K, committed 3200K, reserved 1048576K
Event: 3.023 GC heap after
Heap after GC invocations=6 (full 1):
 PSYoungGen      total 71680K, used 0K [0x0000000780000000, 0x0000000789900000, 0x00000007c0000000)
  eden space 66560K, 0% used [0x0000000780000000,0x0000000780000000,0x0000000784100000)
  from space 5120K, 0% used [0x0000000784100000,0x0000000784100000,0x0000000784600000)
  to   space 11776K, 0% used [0x0000000788d80000,0x0000000788d80000,0x0000000789900000)
 ParOldGen       total 72192K, used 10950K [0x0000000700000000, 0x0000000704680000, 0x0000000780000000)
  object space 72192K, 15% used [0x0000000700000000,0x0000000700ab1850,0x0000000704680000)
 Metaspace       used 20671K, capacity 21096K, committed 21296K, reserved 1067008K
  class space    used 2913K, capacity 3087K, committed 3200K, reserved 1048576K
}
Event: 3.776 GC heap before
{Heap before GC invocations=7 (full 1):
 PSYoungGen      total 71680K, used 66560K [0x0000000780000000, 0x0000000789900000, 0x00000007c0000000)
  eden space 66560K, 100% used [0x0000000780000000,0x0000000784100000,0x0000000784100000)
  from space 5120K, 0% used [0x0000000784100000,0x0000000784100000,0x0000000784600000)
  to   space 11776K, 0% used [0x0000000788d80000,0x0000000788d80000,0x0000000789900000)
 ParOldGen       total 72192K, used 10950K [0x0000000700000000, 0x0000000704680000, 0x0000000780000000)
  object space 72192K, 15% used [0x0000000700000000,0x0000000700ab1850,0x0000000704680000)
 Metaspace       used 27911K, capacity 28436K, committed 28672K, reserved 1073152K
  class space    used 3816K, capacity 3992K, committed 4096K, reserved 1048576K
Event: 3.784 GC heap after
Heap after GC invocations=7 (full 1):
 PSYoungGen      total 97792K, used 7298K [0x0000000780000000, 0x0000000789500000, 0x00000007c0000000)
  eden space 90112K, 0% used [0x0000000780000000,0x0000000780000000,0x0000000785800000)
  from space 7680K, 95% used [0x0000000788d80000,0x00000007894a0a88,0x0000000789500000)
  to   space 11264K, 0% used [0x0000000787f00000,0x0000000787f00000,0x0000000788a00000)
 ParOldGen       total 72192K, used 10958K [0x0000000700000000, 0x0000000704680000, 0x0000000780000000)
  object space 72192K, 15% used [0x0000000700000000,0x0000000700ab3850,0x0000000704680000)
 Metaspace       used 27911K, capacity 28436K, committed 28672K, reserved 1073152K
  class space    used 3816K, capacity 3992K, committed 4096K, reserved 1048576K
}

