# JRE version: OpenJDK Runtime Environment (8.0_152-b01) (build 1.8.0_152-release-1343-b01)
# Java VM: OpenJDK 64-Bit Server VM (25.152-b01 mixed mode windows-amd64 compressed oops)
Heap:
 PSYoungGen      total 363008K, used 210647K [0x0000000780000000, 0x0000000798d00000, 0x00000007c0000000)
  eden space 336896K, 59% used [0x0000000780000000,0x000000078c262f28,0x0000000794900000)
  from space 26112K, 44% used [0x0000000797380000,0x0000000797ed2e10,0x0000000798d00000)
  to   space 34816K, 0% used [0x0000000794900000,0x0000000794900000,0x0000000796b00000)
 ParOldGen       total 125952K, used 77876K [0x0000000700000000, 0x0000000707b00000, 0x0000000780000000)
  object space 125952K, 61% used [0x0000000700000000,0x0000000704c0d258,0x0000000707b00000)
 Metaspace       used 86542K, capacity 89966K, committed 90136K, reserved 1128448K
  class space    used 11278K, capacity 11983K, committed 12056K, reserved 1048576K
GC Heap History (10 events):
Event: 11.046 GC heap before
{Heap before GC invocations=13 (full 2):
 PSYoungGen      total 241152K, used 140723K [0x0000000780000000, 0x0000000790000000, 0x00000007c0000000)
  eden space 224768K, 55% used [0x0000000780000000,0x000000078796dc20,0x000000078db80000)
  from space 16384K, 99% used [0x000000078f000000,0x000000078ffff0a0,0x0000000790000000)
  to   space 18432K, 0% used [0x000000078dc00000,0x000000078dc00000,0x000000078ee00000)
 ParOldGen       total 83968K, used 19693K [0x0000000700000000, 0x0000000705200000, 0x0000000780000000)
  object space 83968K, 23% used [0x0000000700000000,0x000000070133b750,0x0000000705200000)
 Metaspace       used 57532K, capacity 59078K, committed 59160K, reserved 1099776K
  class space    used 7721K, capacity 8137K, committed 8216K, reserved 1048576K
Event: 11.080 GC heap after
Heap after GC invocations=13 (full 2):
 PSYoungGen      total 243712K, used 9068K [0x0000000780000000, 0x0000000794080000, 0x00000007c0000000)
  eden space 225280K, 0% used [0x0000000780000000,0x0000000780000000,0x000000078dc00000)
  from space 18432K, 49% used [0x000000078dc00000,0x000000078e4db1d8,0x000000078ee00000)
  to   space 17920K, 0% used [0x0000000792f00000,0x0000000792f00000,0x0000000794080000)
 ParOldGen       total 83968K, used 29509K [0x0000000700000000, 0x0000000705200000, 0x0000000780000000)
  object space 83968K, 35% used [0x0000000700000000,0x0000000701cd1490,0x0000000705200000)
 Metaspace       used 57532K, capacity 59078K, committed 59160K, reserved 1099776K
  class space    used 7721K, capacity 8137K, committed 8216K, reserved 1048576K
}
Event: 11.081 GC heap before
{Heap before GC invocations=14 (full 3):
 PSYoungGen      total 243712K, used 9068K [0x0000000780000000, 0x0000000794080000, 0x00000007c0000000)
  eden space 225280K, 0% used [0x0000000780000000,0x0000000780000000,0x000000078dc00000)
  from space 18432K, 49% used [0x000000078dc00000,0x000000078e4db1d8,0x000000078ee00000)
  to   space 17920K, 0% used [0x0000000792f00000,0x0000000792f00000,0x0000000794080000)
 ParOldGen       total 83968K, used 29509K [0x0000000700000000, 0x0000000705200000, 0x0000000780000000)
  object space 83968K, 35% used [0x0000000700000000,0x0000000701cd1490,0x0000000705200000)
 Metaspace       used 57532K, capacity 59078K, committed 59160K, reserved 1099776K
  class space    used 7721K, capacity 8137K, committed 8216K, reserved 1048576K
Event: 11.397 GC heap after
Heap after GC invocations=14 (full 3):
 PSYoungGen      total 243712K, used 0K [0x0000000780000000, 0x0000000794080000, 0x00000007c0000000)
  eden space 225280K, 0% used [0x0000000780000000,0x0000000780000000,0x000000078dc00000)
  from space 18432K, 0% used [0x000000078dc00000,0x000000078dc00000,0x000000078ee00000)
  to   space 17920K, 0% used [0x0000000792f00000,0x0000000792f00000,0x0000000794080000)
 ParOldGen       total 125952K, used 33596K [0x0000000700000000, 0x0000000707b00000, 0x0000000780000000)
  object space 125952K, 26% used [0x0000000700000000,0x00000007020cf018,0x0000000707b00000)
 Metaspace       used 57532K, capacity 59078K, committed 59160K, reserved 1099776K
  class space    used 7721K, capacity 8137K, committed 8216K, reserved 1048576K
}
Event: 14.862 GC heap before
{Heap before GC invocations=15 (full 3):
 PSYoungGen      total 243712K, used 225280K [0x0000000780000000, 0x0000000794080000, 0x00000007c0000000)
  eden space 225280K, 100% used [0x0000000780000000,0x000000078dc00000,0x000000078dc00000)
  from space 18432K, 0% used [0x000000078dc00000,0x000000078dc00000,0x000000078ee00000)
  to   space 17920K, 0% used [0x0000000792f00000,0x0000000792f00000,0x0000000794080000)
 ParOldGen       total 125952K, used 33596K [0x0000000700000000, 0x0000000707b00000, 0x0000000780000000)
  object space 125952K, 26% used [0x0000000700000000,0x00000007020cf018,0x0000000707b00000)
 Metaspace       used 66857K, capacity 68926K, committed 69144K, reserved 1110016K
  class space    used 8936K, capacity 9463K, committed 9496K, reserved 1048576K
Event: 14.897 GC heap after
Heap after GC invocations=15 (full 3):
 PSYoungGen      total 296960K, used 17913K [0x0000000780000000, 0x0000000794080000, 0x00000007c0000000)
  eden space 279040K, 0% used [0x0000000780000000,0x0000000780000000,0x0000000791080000)
  from space 17920K, 99% used [0x0000000792f00000,0x000000079407e4d8,0x0000000794080000)
  to   space 23040K, 0% used [0x0000000791380000,0x0000000791380000,0x0000000792a00000)
 ParOldGen       total 125952K, used 41486K [0x0000000700000000, 0x0000000707b00000, 0x0000000780000000)
  object space 125952K, 32% used [0x0000000700000000,0x00000007028839f8,0x0000000707b00000)
 Metaspace       used 66857K, capacity 68926K, committed 69144K, reserved 1110016K
  class space    used 8936K, capacity 9463K, committed 9496K, reserved 1048576K
}
Event: 18.302 GC heap before
{Heap before GC invocations=16 (full 3):
 PSYoungGen      total 296960K, used 296953K [0x0000000780000000, 0x0000000794080000, 0x00000007c0000000)
  eden space 279040K, 100% used [0x0000000780000000,0x0000000791080000,0x0000000791080000)
  from space 17920K, 99% used [0x0000000792f00000,0x000000079407e4d8,0x0000000794080000)
  to   space 23040K, 0% used [0x0000000791380000,0x0000000791380000,0x0000000792a00000)
 ParOldGen       total 125952K, used 41486K [0x0000000700000000, 0x0000000707b00000, 0x0000000780000000)
  object space 125952K, 32% used [0x0000000700000000,0x00000007028839f8,0x0000000707b00000)
 Metaspace       used 79115K, capacity 82086K, committed 82328K, reserved 1120256K
  class space    used 10488K, capacity 11149K, committed 11160K, reserved 1048576K
Event: 18.373 GC heap after
Heap after GC invocations=16 (full 3):
 PSYoungGen      total 305152K, used 23015K [0x0000000780000000, 0x0000000799700000, 0x00000007c0000000)
  eden space 282112K, 0% used [0x0000000780000000,0x0000000780000000,0x0000000791380000)
  from space 23040K, 99% used [0x0000000791380000,0x00000007929f9cd0,0x0000000792a00000)
  to   space 36352K, 0% used [0x0000000797380000,0x0000000797380000,0x0000000799700000)
 ParOldGen       total 125952K, used 68311K [0x0000000700000000, 0x0000000707b00000, 0x0000000780000000)
  object space 125952K, 54% used [0x0000000700000000,0x00000007042b5e00,0x0000000707b00000)
 Metaspace       used 79115K, capacity 82086K, committed 82328K, reserved 1120256K
  class space    used 10488K, capacity 11149K, committed 11160K, reserved 1048576K
}
Event: 148.868 GC heap before
{Heap before GC invocations=17 (full 3):
 PSYoungGen      total 305152K, used 305127K [0x0000000780000000, 0x0000000799700000, 0x00000007c0000000)
  eden space 282112K, 100% used [0x0000000780000000,0x0000000791380000,0x0000000791380000)
  from space 23040K, 99% used [0x0000000791380000,0x00000007929f9cd0,0x0000000792a00000)
  to   space 36352K, 0% used [0x0000000797380000,0x0000000797380000,0x0000000799700000)
 ParOldGen       total 125952K, used 68311K [0x0000000700000000, 0x0000000707b00000, 0x0000000780000000)
  object space 125952K, 54% used [0x0000000700000000,0x00000007042b5e00,0x0000000707b00000)
 Metaspace       used 85870K, capacity 89192K, committed 89368K, reserved 1126400K
  class space    used 11266K, capacity 11962K, committed 12056K, reserved 1048576K
Event: 148.898 GC heap after
Heap after GC invocations=17 (full 3):
 PSYoungGen      total 363008K, used 11595K [0x0000000780000000, 0x0000000798d00000, 0x00000007c0000000)
  eden space 336896K, 0% used [0x0000000780000000,0x0000000780000000,0x0000000794900000)
  from space 26112K, 44% used [0x0000000797380000,0x0000000797ed2e10,0x0000000798d00000)
  to   space 34816K, 0% used [0x0000000794900000,0x0000000794900000,0x0000000796b00000)
 ParOldGen       total 125952K, used 77876K [0x0000000700000000, 0x0000000707b00000, 0x0000000780000000)
  object space 125952K, 61% used [0x0000000700000000,0x0000000704c0d258,0x0000000707b00000)
 Metaspace       used 85870K, capacity 89192K, committed 89368K, reserved 1126400K
  class space    used 11266K, capacity 11962K, committed 12056K, reserved 1048576K
}

