# JRE version: OpenJDK Runtime Environment (8.0_152-b01) (build 1.8.0_152-release-1343-b01)
# Java VM: OpenJDK 64-Bit Server VM (25.152-b01 mixed mode windows-amd64 compressed oops)
Heap:
 PSYoungGen      total 242688K, used 212399K [0x0000000780000000, 0x0000000792b00000, 0x00000007c0000000)
  eden space 226816K, 86% used [0x0000000780000000,0x000000078bfee800,0x000000078dd80000)
  from space 15872K, 99% used [0x000000078dd80000,0x000000078ecfd4f8,0x000000078ed00000)
  to   space 20992K, 0% used [0x0000000791680000,0x0000000791680000,0x0000000792b00000)
 ParOldGen       total 123904K, used 42459K [0x0000000700000000, 0x0000000707900000, 0x0000000780000000)
  object space 123904K, 34% used [0x0000000700000000,0x0000000702976e00,0x0000000707900000)
 Metaspace       used 72419K, capacity 74898K, committed 75032K, reserved 1114112K
  class space    used 9501K, capacity 10002K, committed 10008K, reserved 1048576K
GC Heap History (10 events):
Event: 12.501 GC heap before
{Heap before GC invocations=14 (full 2):
 PSYoungGen      total 173056K, used 165796K [0x0000000780000000, 0x000000078d280000, 0x00000007c0000000)
  eden space 159232K, 100% used [0x0000000780000000,0x0000000789b80000,0x0000000789b80000)
  from space 13824K, 47% used [0x0000000789b80000,0x000000078a1e9220,0x000000078a900000)
  to   space 13824K, 0% used [0x000000078c500000,0x000000078c500000,0x000000078d280000)
 ParOldGen       total 85504K, used 28558K [0x0000000700000000, 0x0000000705380000, 0x0000000780000000)
  object space 85504K, 33% used [0x0000000700000000,0x0000000701be3a88,0x0000000705380000)
 Metaspace       used 54671K, capacity 55982K, committed 56104K, reserved 1097728K
  class space    used 7328K, capacity 7709K, committed 7720K, reserved 1048576K
Event: 12.515 GC heap after
Heap after GC invocations=14 (full 2):
 PSYoungGen      total 201728K, used 9230K [0x0000000780000000, 0x000000078db80000, 0x00000007c0000000)
  eden space 187904K, 0% used [0x0000000780000000,0x0000000780000000,0x000000078b780000)
  from space 13824K, 66% used [0x000000078c500000,0x000000078ce03908,0x000000078d280000)
  to   space 13824K, 0% used [0x000000078b780000,0x000000078b780000,0x000000078c500000)
 ParOldGen       total 85504K, used 28630K [0x0000000700000000, 0x0000000705380000, 0x0000000780000000)
  object space 85504K, 33% used [0x0000000700000000,0x0000000701bf5a98,0x0000000705380000)
 Metaspace       used 54671K, capacity 55982K, committed 56104K, reserved 1097728K
  class space    used 7328K, capacity 7709K, committed 7720K, reserved 1048576K
}
Event: 13.101 GC heap before
{Heap before GC invocations=15 (full 2):
 PSYoungGen      total 201728K, used 45446K [0x0000000780000000, 0x000000078db80000, 0x00000007c0000000)
  eden space 187904K, 19% used [0x0000000780000000,0x000000078235df20,0x000000078b780000)
  from space 13824K, 66% used [0x000000078c500000,0x000000078ce03908,0x000000078d280000)
  to   space 13824K, 0% used [0x000000078b780000,0x000000078b780000,0x000000078c500000)
 ParOldGen       total 85504K, used 28630K [0x0000000700000000, 0x0000000705380000, 0x0000000780000000)
  object space 85504K, 33% used [0x0000000700000000,0x0000000701bf5a98,0x0000000705380000)
 Metaspace       used 57626K, capacity 59036K, committed 59160K, reserved 1099776K
  class space    used 7738K, capacity 8110K, committed 8216K, reserved 1048576K
Event: 13.113 GC heap after
Heap after GC invocations=15 (full 2):
 PSYoungGen      total 201728K, used 7659K [0x0000000780000000, 0x000000078fc80000, 0x00000007c0000000)
  eden space 187904K, 0% used [0x0000000780000000,0x0000000780000000,0x000000078b780000)
  from space 13824K, 55% used [0x000000078b780000,0x000000078befaf98,0x000000078c500000)
  to   space 13312K, 0% used [0x000000078ef80000,0x000000078ef80000,0x000000078fc80000)
 ParOldGen       total 85504K, used 28638K [0x0000000700000000, 0x0000000705380000, 0x0000000780000000)
  object space 85504K, 33% used [0x0000000700000000,0x0000000701bf7a98,0x0000000705380000)
 Metaspace       used 57626K, capacity 59036K, committed 59160K, reserved 1099776K
  class space    used 7738K, capacity 8110K, committed 8216K, reserved 1048576K
}
Event: 13.113 GC heap before
{Heap before GC invocations=16 (full 3):
 PSYoungGen      total 201728K, used 7659K [0x0000000780000000, 0x000000078fc80000, 0x00000007c0000000)
  eden space 187904K, 0% used [0x0000000780000000,0x0000000780000000,0x000000078b780000)
  from space 13824K, 55% used [0x000000078b780000,0x000000078befaf98,0x000000078c500000)
  to   space 13312K, 0% used [0x000000078ef80000,0x000000078ef80000,0x000000078fc80000)
 ParOldGen       total 85504K, used 28638K [0x0000000700000000, 0x0000000705380000, 0x0000000780000000)
  object space 85504K, 33% used [0x0000000700000000,0x0000000701bf7a98,0x0000000705380000)
 Metaspace       used 57626K, capacity 59036K, committed 59160K, reserved 1099776K
  class space    used 7738K, capacity 8110K, committed 8216K, reserved 1048576K
Event: 13.368 GC heap after
Heap after GC invocations=16 (full 3):
 PSYoungGen      total 201728K, used 0K [0x0000000780000000, 0x000000078fc80000, 0x00000007c0000000)
  eden space 187904K, 0% used [0x0000000780000000,0x0000000780000000,0x000000078b780000)
  from space 13824K, 0% used [0x000000078b780000,0x000000078b780000,0x000000078c500000)
  to   space 13312K, 0% used [0x000000078ef80000,0x000000078ef80000,0x000000078fc80000)
 ParOldGen       total 123904K, used 30511K [0x0000000700000000, 0x0000000707900000, 0x0000000780000000)
  object space 123904K, 24% used [0x0000000700000000,0x0000000701dcbda8,0x0000000707900000)
 Metaspace       used 57626K, capacity 59036K, committed 59160K, reserved 1099776K
  class space    used 7738K, capacity 8110K, committed 8216K, reserved 1048576K
}
Event: 21.764 GC heap before
{Heap before GC invocations=17 (full 3):
 PSYoungGen      total 201728K, used 187904K [0x0000000780000000, 0x000000078fc80000, 0x00000007c0000000)
  eden space 187904K, 100% used [0x0000000780000000,0x000000078b780000,0x000000078b780000)
  from space 13824K, 0% used [0x000000078b780000,0x000000078b780000,0x000000078c500000)
  to   space 13312K, 0% used [0x000000078ef80000,0x000000078ef80000,0x000000078fc80000)
 ParOldGen       total 123904K, used 30511K [0x0000000700000000, 0x0000000707900000, 0x0000000780000000)
  object space 123904K, 24% used [0x0000000700000000,0x0000000701dcbda8,0x0000000707900000)
 Metaspace       used 63323K, capacity 65436K, committed 65688K, reserved 1105920K
  class space    used 8526K, capacity 9014K, committed 9112K, reserved 1048576K
Event: 21.786 GC heap after
Heap after GC invocations=17 (full 3):
 PSYoungGen      total 238592K, used 13288K [0x0000000780000000, 0x000000078fc80000, 0x00000007c0000000)
  eden space 225280K, 0% used [0x0000000780000000,0x0000000780000000,0x000000078dc00000)
  from space 13312K, 99% used [0x000000078ef80000,0x000000078fc7a060,0x000000078fc80000)
  to   space 15872K, 0% used [0x000000078dd80000,0x000000078dd80000,0x000000078ed00000)
 ParOldGen       total 123904K, used 34059K [0x0000000700000000, 0x0000000707900000, 0x0000000780000000)
  object space 123904K, 27% used [0x0000000700000000,0x0000000702142f70,0x0000000707900000)
 Metaspace       used 63323K, capacity 65436K, committed 65688K, reserved 1105920K
  class space    used 8526K, capacity 9014K, committed 9112K, reserved 1048576K
}
Event: 30.483 GC heap before
{Heap before GC invocations=18 (full 3):
 PSYoungGen      total 238592K, used 238568K [0x0000000780000000, 0x000000078fc80000, 0x00000007c0000000)
  eden space 225280K, 100% used [0x0000000780000000,0x000000078dc00000,0x000000078dc00000)
  from space 13312K, 99% used [0x000000078ef80000,0x000000078fc7a060,0x000000078fc80000)
  to   space 15872K, 0% used [0x000000078dd80000,0x000000078dd80000,0x000000078ed00000)
 ParOldGen       total 123904K, used 34059K [0x0000000700000000, 0x0000000707900000, 0x0000000780000000)
  object space 123904K, 27% used [0x0000000700000000,0x0000000702142f70,0x0000000707900000)
 Metaspace       used 70712K, capacity 72930K, committed 73112K, reserved 1112064K
  class space    used 9294K, capacity 9777K, committed 9880K, reserved 1048576K
Event: 30.525 GC heap after
Heap after GC invocations=18 (full 3):
 PSYoungGen      total 242688K, used 15861K [0x0000000780000000, 0x0000000792b00000, 0x00000007c0000000)
  eden space 226816K, 0% used [0x0000000780000000,0x0000000780000000,0x000000078dd80000)
  from space 15872K, 99% used [0x000000078dd80000,0x000000078ecfd4f8,0x000000078ed00000)
  to   space 20992K, 0% used [0x0000000791680000,0x0000000791680000,0x0000000792b00000)
 ParOldGen       total 123904K, used 42459K [0x0000000700000000, 0x0000000707900000, 0x0000000780000000)
  object space 123904K, 34% used [0x0000000700000000,0x0000000702976e00,0x0000000707900000)
 Metaspace       used 70712K, capacity 72930K, committed 73112K, reserved 1112064K
  class space    used 9294K, capacity 9777K, committed 9880K, reserved 1048576K
}

